<?xml version="1.0" encoding="UTF-8"?>
<coverage generated="1538528280828" clover="3.2.0">
  <project timestamp="1538528280828" name="All files">
    <metrics statements="273" coveredstatements="148" conditionals="100" coveredconditionals="13" methods="98" coveredmethods="43" elements="471" coveredelements="204" complexity="0" loc="273" ncloc="273" packages="10" files="27" classes="27">
      <package name="HomeScreen.sections">
        <metrics statements="14" coveredstatements="14" conditionals="0" coveredconditionals="0" methods="4" coveredmethods="4"/>
        <file name="AccountId.js" path="/Users/18055865/Documents/Bootcamp/chip2-btpn/Final-Project/wallet-mobile/app/HomeScreen/sections/AccountId.js">
          <metrics statements="4" coveredstatements="4" conditionals="0" coveredconditionals="0" methods="1" coveredmethods="1"/>
          <line num="7" count="1" type="stmt"/>
          <line num="8" count="1" type="stmt"/>
          <line num="9" count="1" type="stmt"/>
          <line num="29" count="1" type="stmt"/>
        </file>
        <file name="Balance.js" path="/Users/18055865/Documents/Bootcamp/chip2-btpn/Final-Project/wallet-mobile/app/HomeScreen/sections/Balance.js">
          <metrics statements="7" coveredstatements="7" conditionals="0" coveredconditionals="0" methods="2" coveredmethods="2"/>
          <line num="10" count="6" type="stmt"/>
          <line num="21" count="2" type="stmt"/>
          <line num="24" count="2" type="stmt"/>
          <line num="27" count="6" type="stmt"/>
          <line num="28" count="2" type="stmt"/>
          <line num="29" count="2" type="stmt"/>
          <line num="50" count="6" type="stmt"/>
        </file>
        <file name="Username.js" path="/Users/18055865/Documents/Bootcamp/chip2-btpn/Final-Project/wallet-mobile/app/HomeScreen/sections/Username.js">
          <metrics statements="3" coveredstatements="3" conditionals="0" coveredconditionals="0" methods="1" coveredmethods="1"/>
          <line num="6" count="2" type="stmt"/>
          <line num="7" count="1" type="stmt"/>
          <line num="25" count="2" type="stmt"/>
        </file>
      </package>
      <package name="HomeScreen.views">
        <metrics statements="117" coveredstatements="35" conditionals="68" coveredconditionals="1" methods="42" coveredmethods="10"/>
        <file name="AccountService.js" path="/Users/18055865/Documents/Bootcamp/chip2-btpn/Final-Project/wallet-mobile/app/HomeScreen/views/AccountService.js">
          <metrics statements="104" coveredstatements="26" conditionals="68" coveredconditionals="1" methods="38" coveredmethods="7"/>
          <line num="6" count="18" type="stmt"/>
          <line num="7" count="18" type="stmt"/>
          <line num="8" count="18" type="stmt"/>
          <line num="12" count="7" type="stmt"/>
          <line num="13" count="7" type="stmt"/>
          <line num="14" count="7" type="stmt"/>
          <line num="15" count="7" type="stmt"/>
          <line num="16" count="7" type="stmt"/>
          <line num="17" count="7" type="stmt"/>
          <line num="18" count="3" type="stmt"/>
          <line num="19" count="3" type="stmt"/>
          <line num="21" count="0" type="stmt"/>
          <line num="26" count="7" type="stmt"/>
          <line num="31" count="1" type="stmt"/>
          <line num="32" count="1" type="stmt"/>
          <line num="33" count="1" type="stmt"/>
          <line num="34" count="1" type="stmt"/>
          <line num="38" count="0" type="cond" truecount="0" falsecount="4"/>
          <line num="39" count="0" type="stmt"/>
          <line num="42" count="0" type="cond" truecount="0" falsecount="4"/>
          <line num="43" count="0" type="stmt"/>
          <line num="47" count="0" type="stmt"/>
          <line num="61" count="6" type="stmt"/>
          <line num="62" count="6" type="stmt"/>
          <line num="63" count="6" type="stmt"/>
          <line num="64" count="6" type="cond" truecount="1" falsecount="1"/>
          <line num="65" count="6" type="stmt"/>
          <line num="67" count="6" type="stmt"/>
          <line num="71" count="0" type="cond" truecount="0" falsecount="4"/>
          <line num="72" count="0" type="stmt"/>
          <line num="75" count="0" type="cond" truecount="0" falsecount="4"/>
          <line num="76" count="0" type="stmt"/>
          <line num="80" count="0" type="stmt"/>
          <line num="93" count="3" type="stmt"/>
          <line num="94" count="3" type="stmt"/>
          <line num="95" count="3" type="stmt"/>
          <line num="96" count="3" type="stmt"/>
          <line num="100" count="0" type="cond" truecount="0" falsecount="4"/>
          <line num="101" count="0" type="stmt"/>
          <line num="104" count="0" type="cond" truecount="0" falsecount="4"/>
          <line num="105" count="0" type="stmt"/>
          <line num="109" count="0" type="stmt"/>
          <line num="123" count="0" type="stmt"/>
          <line num="124" count="0" type="stmt"/>
          <line num="125" count="0" type="stmt"/>
          <line num="127" count="0" type="stmt"/>
          <line num="131" count="0" type="cond" truecount="0" falsecount="4"/>
          <line num="132" count="0" type="stmt"/>
          <line num="135" count="0" type="cond" truecount="0" falsecount="4"/>
          <line num="136" count="0" type="stmt"/>
          <line num="140" count="0" type="stmt"/>
          <line num="153" count="0" type="stmt"/>
          <line num="154" count="0" type="stmt"/>
          <line num="155" count="0" type="stmt"/>
          <line num="157" count="0" type="stmt"/>
          <line num="161" count="0" type="cond" truecount="0" falsecount="4"/>
          <line num="162" count="0" type="stmt"/>
          <line num="165" count="0" type="cond" truecount="0" falsecount="4"/>
          <line num="166" count="0" type="stmt"/>
          <line num="170" count="0" type="stmt"/>
          <line num="183" count="0" type="stmt"/>
          <line num="184" count="0" type="stmt"/>
          <line num="185" count="0" type="stmt"/>
          <line num="187" count="0" type="stmt"/>
          <line num="191" count="0" type="cond" truecount="0" falsecount="4"/>
          <line num="192" count="0" type="stmt"/>
          <line num="195" count="0" type="cond" truecount="0" falsecount="4"/>
          <line num="196" count="0" type="stmt"/>
          <line num="200" count="0" type="stmt"/>
          <line num="213" count="0" type="stmt"/>
          <line num="214" count="0" type="stmt"/>
          <line num="215" count="0" type="stmt"/>
          <line num="217" count="0" type="stmt"/>
          <line num="221" count="0" type="cond" truecount="0" falsecount="4"/>
          <line num="222" count="0" type="stmt"/>
          <line num="225" count="0" type="cond" truecount="0" falsecount="4"/>
          <line num="226" count="0" type="stmt"/>
          <line num="230" count="0" type="stmt"/>
          <line num="244" count="0" type="stmt"/>
          <line num="246" count="0" type="stmt"/>
          <line num="250" count="0" type="stmt"/>
          <line num="251" count="0" type="cond" truecount="0" falsecount="2"/>
          <line num="252" count="0" type="stmt"/>
          <line num="254" count="0" type="stmt"/>
          <line num="257" count="0" type="stmt"/>
          <line num="269" count="0" type="stmt"/>
          <line num="270" count="0" type="stmt"/>
          <line num="276" count="0" type="cond" truecount="0" falsecount="2"/>
          <line num="277" count="0" type="stmt"/>
          <line num="280" count="0" type="cond" truecount="0" falsecount="2"/>
          <line num="281" count="0" type="stmt"/>
          <line num="284" count="0" type="stmt"/>
          <line num="289" count="0" type="stmt"/>
          <line num="294" count="0" type="stmt"/>
          <line num="296" count="0" type="stmt"/>
          <line num="300" count="0" type="stmt"/>
          <line num="316" count="0" type="stmt"/>
          <line num="317" count="0" type="stmt"/>
          <line num="323" count="0" type="cond" truecount="0" falsecount="2"/>
          <line num="324" count="0" type="stmt"/>
          <line num="327" count="0" type="cond" truecount="0" falsecount="2"/>
          <line num="328" count="0" type="stmt"/>
          <line num="331" count="0" type="stmt"/>
          <line num="336" count="0" type="stmt"/>
        </file>
        <file name="HomeContainer.js" path="/Users/18055865/Documents/Bootcamp/chip2-btpn/Final-Project/wallet-mobile/app/HomeScreen/views/HomeContainer.js">
          <metrics statements="13" coveredstatements="9" conditionals="0" coveredconditionals="0" methods="4" coveredmethods="3"/>
          <line num="15" count="3" type="stmt"/>
          <line num="16" count="3" type="stmt"/>
          <line num="24" count="3" type="stmt"/>
          <line num="25" count="3" type="stmt"/>
          <line num="30" count="0" type="stmt"/>
          <line num="37" count="3" type="stmt"/>
          <line num="38" count="3" type="stmt"/>
          <line num="39" count="3" type="stmt"/>
          <line num="40" count="0" type="stmt"/>
          <line num="41" count="0" type="stmt"/>
          <line num="48" count="0" type="stmt"/>
          <line num="53" count="3" type="stmt"/>
          <line num="72" count="1" type="stmt"/>
        </file>
      </package>
      <package name="TransactionHistoryScreen.sections">
        <metrics statements="52" coveredstatements="24" conditionals="22" coveredconditionals="8" methods="25" coveredmethods="9"/>
        <file name="InputFilter.js" path="/Users/18055865/Documents/Bootcamp/chip2-btpn/Final-Project/wallet-mobile/app/TransactionHistoryScreen/sections/InputFilter.js">
          <metrics statements="5" coveredstatements="0" conditionals="0" coveredconditionals="0" methods="5" coveredmethods="0"/>
          <line num="10" count="0" type="stmt"/>
          <line num="14" count="0" type="stmt"/>
          <line num="18" count="0" type="stmt"/>
          <line num="25" count="0" type="stmt"/>
          <line num="29" count="0" type="stmt"/>
        </file>
        <file name="TransactionHeader.js" path="/Users/18055865/Documents/Bootcamp/chip2-btpn/Final-Project/wallet-mobile/app/TransactionHistoryScreen/sections/TransactionHeader.js">
          <metrics statements="4" coveredstatements="3" conditionals="0" coveredconditionals="0" methods="2" coveredmethods="1"/>
          <line num="7" count="2" type="stmt"/>
          <line num="8" count="1" type="stmt"/>
          <line num="16" count="0" type="stmt"/>
          <line num="26" count="2" type="stmt"/>
        </file>
        <file name="TransactionHistoryFilter.js" path="/Users/18055865/Documents/Bootcamp/chip2-btpn/Final-Project/wallet-mobile/app/TransactionHistoryScreen/sections/TransactionHistoryFilter.js">
          <metrics statements="36" coveredstatements="20" conditionals="20" coveredconditionals="8" methods="13" coveredmethods="8"/>
          <line num="18" count="5" type="stmt"/>
          <line num="19" count="5" type="stmt"/>
          <line num="27" count="5" type="stmt"/>
          <line num="28" count="5" type="stmt"/>
          <line num="33" count="0" type="stmt"/>
          <line num="37" count="1" type="stmt"/>
          <line num="40" count="1" type="stmt"/>
          <line num="49" count="0" type="stmt"/>
          <line num="53" count="1" type="stmt"/>
          <line num="54" count="1" type="stmt"/>
          <line num="62" count="0" type="cond" truecount="0" falsecount="2"/>
          <line num="63" count="0" type="stmt"/>
          <line num="70" count="0" type="stmt"/>
          <line num="77" count="0" type="stmt"/>
          <line num="80" count="0" type="stmt"/>
          <line num="84" count="1" type="stmt"/>
          <line num="92" count="6" type="stmt"/>
          <line num="93" count="6" type="stmt"/>
          <line num="95" count="0" type="cond" truecount="0" falsecount="2"/>
          <line num="96" count="0" type="stmt"/>
          <line num="102" count="0" type="stmt"/>
          <line num="107" count="0" type="stmt"/>
          <line num="113" count="6" type="stmt"/>
          <line num="114" count="6" type="stmt"/>
          <line num="115" count="6" type="cond" truecount="2" falsecount="2"/>
          <line num="116" count="0" type="stmt"/>
          <line num="118" count="6" type="cond" truecount="3" falsecount="1"/>
          <line num="119" count="0" type="stmt"/>
          <line num="121" count="6" type="cond" truecount="2" falsecount="2"/>
          <line num="122" count="0" type="stmt"/>
          <line num="125" count="6" type="stmt"/>
          <line num="129" count="9" type="cond" truecount="1" falsecount="1"/>
          <line num="130" count="0" type="stmt"/>
          <line num="133" count="9" type="stmt"/>
          <line num="137" count="9" type="stmt"/>
          <line num="155" count="0" type="stmt"/>
        </file>
        <file name="TransactionList.js" path="/Users/18055865/Documents/Bootcamp/chip2-btpn/Final-Project/wallet-mobile/app/TransactionHistoryScreen/sections/TransactionList.js">
          <metrics statements="7" coveredstatements="1" conditionals="2" coveredconditionals="0" methods="5" coveredmethods="0"/>
          <line num="10" count="3" type="stmt"/>
          <line num="22" count="0" type="stmt"/>
          <line num="25" count="0" type="stmt"/>
          <line num="29" count="0" type="stmt"/>
          <line num="34" count="0" type="stmt"/>
          <line num="38" count="0" type="stmt"/>
          <line num="41" count="0" type="stmt"/>
        </file>
      </package>
      <package name="TransactionScreen.sections">
        <metrics statements="3" coveredstatements="3" conditionals="0" coveredconditionals="0" methods="1" coveredmethods="1"/>
        <file name="TransactionForm.js" path="/Users/18055865/Documents/Bootcamp/chip2-btpn/Final-Project/wallet-mobile/app/TransactionScreen/sections/TransactionForm.js">
          <metrics statements="3" coveredstatements="3" conditionals="0" coveredconditionals="0" methods="1" coveredmethods="1"/>
          <line num="8" count="4" type="stmt"/>
          <line num="9" count="9" type="stmt"/>
          <line num="39" count="4" type="stmt"/>
        </file>
      </package>
      <package name="TransactionScreen.views">
        <metrics statements="28" coveredstatements="26" conditionals="4" coveredconditionals="2" methods="10" coveredmethods="9"/>
        <file name="TransactionContainer.js" path="/Users/18055865/Documents/Bootcamp/chip2-btpn/Final-Project/wallet-mobile/app/TransactionScreen/views/TransactionContainer.js">
          <metrics statements="28" coveredstatements="26" conditionals="4" coveredconditionals="2" methods="10" coveredmethods="9"/>
          <line num="15" count="8" type="stmt"/>
          <line num="16" count="8" type="stmt"/>
          <line num="27" count="8" type="stmt"/>
          <line num="28" count="8" type="stmt"/>
          <line num="29" count="8" type="stmt"/>
          <line num="30" count="8" type="stmt"/>
          <line num="31" count="8" type="stmt"/>
          <line num="37" count="0" type="stmt"/>
          <line num="42" count="11" type="stmt"/>
          <line num="65" count="1" type="cond" truecount="1" falsecount="1"/>
          <line num="69" count="1" type="stmt"/>
          <line num="70" count="1" type="stmt"/>
          <line num="71" count="1" type="cond" truecount="1" falsecount="1"/>
          <line num="72" count="0" type="stmt"/>
          <line num="74" count="1" type="stmt"/>
          <line num="79" count="1" type="stmt"/>
          <line num="83" count="8" type="stmt"/>
          <line num="84" count="8" type="stmt"/>
          <line num="85" count="3" type="stmt"/>
          <line num="93" count="4" type="stmt"/>
          <line num="105" count="1" type="stmt"/>
          <line num="112" count="1" type="stmt"/>
          <line num="114" count="1" type="stmt"/>
          <line num="120" count="1" type="stmt"/>
          <line num="123" count="1" type="stmt"/>
          <line num="129" count="1" type="stmt"/>
          <line num="133" count="3" type="stmt"/>
          <line num="139" count="3" type="stmt"/>
        </file>
      </package>
      <package name="TransferScreen.sections">
        <metrics statements="6" coveredstatements="5" conditionals="0" coveredconditionals="0" methods="2" coveredmethods="1"/>
        <file name="SearchRecipientForm.js" path="/Users/18055865/Documents/Bootcamp/chip2-btpn/Final-Project/wallet-mobile/app/TransferScreen/sections/SearchRecipientForm.js">
          <metrics statements="3" coveredstatements="2" conditionals="0" coveredconditionals="0" methods="1" coveredmethods="0"/>
          <line num="8" count="1" type="stmt"/>
          <line num="9" count="0" type="stmt"/>
          <line num="30" count="1" type="stmt"/>
        </file>
        <file name="TransferForm.js" path="/Users/18055865/Documents/Bootcamp/chip2-btpn/Final-Project/wallet-mobile/app/TransferScreen/sections/TransferForm.js">
          <metrics statements="3" coveredstatements="3" conditionals="0" coveredconditionals="0" methods="1" coveredmethods="1"/>
          <line num="8" count="3" type="stmt"/>
          <line num="9" count="16" type="stmt"/>
          <line num="49" count="3" type="stmt"/>
        </file>
      </package>
      <package name="TransferScreen.views">
        <metrics statements="35" coveredstatements="24" conditionals="6" coveredconditionals="2" methods="12" coveredmethods="8"/>
        <file name="TransferContainer.js" path="/Users/18055865/Documents/Bootcamp/chip2-btpn/Final-Project/wallet-mobile/app/TransferScreen/views/TransferContainer.js">
          <metrics statements="35" coveredstatements="24" conditionals="6" coveredconditionals="2" methods="12" coveredmethods="8"/>
          <line num="17" count="5" type="stmt"/>
          <line num="18" count="5" type="stmt"/>
          <line num="35" count="5" type="stmt"/>
          <line num="36" count="5" type="stmt"/>
          <line num="37" count="5" type="stmt"/>
          <line num="38" count="5" type="stmt"/>
          <line num="39" count="5" type="stmt"/>
          <line num="45" count="0" type="stmt"/>
          <line num="50" count="9" type="stmt"/>
          <line num="81" count="1" type="cond" truecount="1" falsecount="1"/>
          <line num="86" count="0" type="stmt"/>
          <line num="87" count="0" type="stmt"/>
          <line num="88" count="0" type="cond" truecount="0" falsecount="2"/>
          <line num="89" count="0" type="stmt"/>
          <line num="93" count="0" type="stmt"/>
          <line num="95" count="0" type="stmt"/>
          <line num="104" count="1" type="stmt"/>
          <line num="112" count="1" type="stmt"/>
          <line num="113" count="1" type="stmt"/>
          <line num="114" count="1" type="cond" truecount="1" falsecount="1"/>
          <line num="115" count="0" type="stmt"/>
          <line num="117" count="1" type="stmt"/>
          <line num="121" count="1" type="stmt"/>
          <line num="125" count="5" type="stmt"/>
          <line num="126" count="5" type="stmt"/>
          <line num="127" count="4" type="stmt"/>
          <line num="136" count="5" type="stmt"/>
          <line num="142" count="5" type="stmt"/>
          <line num="148" count="1" type="stmt"/>
          <line num="154" count="1" type="stmt"/>
          <line num="156" count="0" type="stmt"/>
          <line num="162" count="0" type="stmt"/>
          <line num="165" count="0" type="stmt"/>
          <line num="175" count="1" type="stmt"/>
          <line num="181" count="1" type="stmt"/>
        </file>
      </package>
      <package name="config">
        <metrics statements="5" coveredstatements="5" conditionals="0" coveredconditionals="0" methods="0" coveredmethods="0"/>
        <file name="Base.js" path="/Users/18055865/Documents/Bootcamp/chip2-btpn/Final-Project/wallet-mobile/app/config/Base.js">
          <metrics statements="2" coveredstatements="2" conditionals="0" coveredconditionals="0" methods="0" coveredmethods="0"/>
          <line num="1" count="12" type="stmt"/>
          <line num="69" count="12" type="stmt"/>
        </file>
        <file name="Constant.js" path="/Users/18055865/Documents/Bootcamp/chip2-btpn/Final-Project/wallet-mobile/app/config/Constant.js">
          <metrics statements="3" coveredstatements="3" conditionals="0" coveredconditionals="0" methods="0" coveredmethods="0"/>
          <line num="1" count="10" type="stmt"/>
          <line num="3" count="10" type="stmt"/>
          <line num="23" count="10" type="stmt"/>
        </file>
      </package>
      <package name="resources.images">
        <metrics statements="10" coveredstatements="10" conditionals="0" coveredconditionals="0" methods="0" coveredmethods="0"/>
        <file name="balance-icon.png" path="/Users/18055865/Documents/Bootcamp/chip2-btpn/Final-Project/wallet-mobile/app/resources/images/balance-icon.png">
          <metrics statements="1" coveredstatements="1" conditionals="0" coveredconditionals="0" methods="0" coveredmethods="0"/>
          <line num="1" count="10" type="stmt"/>
        </file>
        <file name="credit.png" path="/Users/18055865/Documents/Bootcamp/chip2-btpn/Final-Project/wallet-mobile/app/resources/images/credit.png">
          <metrics statements="1" coveredstatements="1" conditionals="0" coveredconditionals="0" methods="0" coveredmethods="0"/>
          <line num="1" count="10" type="stmt"/>
        </file>
        <file name="debit.png" path="/Users/18055865/Documents/Bootcamp/chip2-btpn/Final-Project/wallet-mobile/app/resources/images/debit.png">
          <metrics statements="1" coveredstatements="1" conditionals="0" coveredconditionals="0" methods="0" coveredmethods="0"/>
          <line num="1" count="10" type="stmt"/>
        </file>
        <file name="home-icon.png" path="/Users/18055865/Documents/Bootcamp/chip2-btpn/Final-Project/wallet-mobile/app/resources/images/home-icon.png">
          <metrics statements="1" coveredstatements="1" conditionals="0" coveredconditionals="0" methods="0" coveredmethods="0"/>
          <line num="1" count="10" type="stmt"/>
        </file>
        <file name="sort-icon.png" path="/Users/18055865/Documents/Bootcamp/chip2-btpn/Final-Project/wallet-mobile/app/resources/images/sort-icon.png">
          <metrics statements="1" coveredstatements="1" conditionals="0" coveredconditionals="0" methods="0" coveredmethods="0"/>
          <line num="1" count="10" type="stmt"/>
        </file>
        <file name="topup-icon.png" path="/Users/18055865/Documents/Bootcamp/chip2-btpn/Final-Project/wallet-mobile/app/resources/images/topup-icon.png">
          <metrics statements="1" coveredstatements="1" conditionals="0" coveredconditionals="0" methods="0" coveredmethods="0"/>
          <line num="1" count="10" type="stmt"/>
        </file>
        <file name="transaction-history.png" path="/Users/18055865/Documents/Bootcamp/chip2-btpn/Final-Project/wallet-mobile/app/resources/images/transaction-history.png">
          <metrics statements="1" coveredstatements="1" conditionals="0" coveredconditionals="0" methods="0" coveredmethods="0"/>
          <line num="1" count="10" type="stmt"/>
        </file>
        <file name="transfer-icon.png" path="/Users/18055865/Documents/Bootcamp/chip2-btpn/Final-Project/wallet-mobile/app/resources/images/transfer-icon.png">
          <metrics statements="1" coveredstatements="1" conditionals="0" coveredconditionals="0" methods="0" coveredmethods="0"/>
          <line num="1" count="10" type="stmt"/>
        </file>
        <file name="withdraw-icon.png" path="/Users/18055865/Documents/Bootcamp/chip2-btpn/Final-Project/wallet-mobile/app/resources/images/withdraw-icon.png">
          <metrics statements="1" coveredstatements="1" conditionals="0" coveredconditionals="0" methods="0" coveredmethods="0"/>
          <line num="1" count="10" type="stmt"/>
        </file>
        <file name="zoomba-logo.png" path="/Users/18055865/Documents/Bootcamp/chip2-btpn/Final-Project/wallet-mobile/app/resources/images/zoomba-logo.png">
          <metrics statements="1" coveredstatements="1" conditionals="0" coveredconditionals="0" methods="0" coveredmethods="0"/>
          <line num="1" count="10" type="stmt"/>
        </file>
      </package>
      <package name="routes">
        <metrics statements="3" coveredstatements="2" conditionals="0" coveredconditionals="0" methods="2" coveredmethods="1"/>
        <file name="AppHeader.js" path="/Users/18055865/Documents/Bootcamp/chip2-btpn/Final-Project/wallet-mobile/app/routes/AppHeader.js">
          <metrics statements="3" coveredstatements="2" conditionals="0" coveredconditionals="0" methods="2" coveredmethods="1"/>
          <line num="5" count="4" type="stmt"/>
          <line num="6" count="1" type="stmt"/>
          <line num="10" count="0" type="stmt"/>
        </file>
      </package>
    </metrics>
  </project>
</coverage>
