<?xml version="1.0" encoding="UTF-8"?>
<coverage generated="1538525184891" clover="3.2.0">
  <project timestamp="1538525184891" name="All files">
    <metrics statements="264" coveredstatements="221" conditionals="88" coveredconditionals="68" methods="94" coveredmethods="76" elements="446" coveredelements="365" complexity="0" loc="264" ncloc="264" packages="10" files="27" classes="27">
      <package name="HomeScreen.sections">
        <metrics statements="14" coveredstatements="14" conditionals="0" coveredconditionals="0" methods="4" coveredmethods="4"/>
        <file name="AccountId.js" path="/Users/18055865/Documents/Bootcamp/chip2-btpn/Final-Project/wallet-mobile/app/HomeScreen/sections/AccountId.js">
          <metrics statements="4" coveredstatements="4" conditionals="0" coveredconditionals="0" methods="1" coveredmethods="1"/>
          <line num="7" count="1" type="stmt"/>
          <line num="8" count="1" type="stmt"/>
          <line num="9" count="1" type="stmt"/>
          <line num="29" count="1" type="stmt"/>
        </file>
        <file name="Balance.js" path="/Users/18055865/Documents/Bootcamp/chip2-btpn/Final-Project/wallet-mobile/app/HomeScreen/sections/Balance.js">
          <metrics statements="7" coveredstatements="7" conditionals="0" coveredconditionals="0" methods="2" coveredmethods="2"/>
          <line num="10" count="6" type="stmt"/>
          <line num="21" count="2" type="stmt"/>
          <line num="24" count="2" type="stmt"/>
          <line num="27" count="6" type="stmt"/>
          <line num="28" count="2" type="stmt"/>
          <line num="29" count="2" type="stmt"/>
          <line num="50" count="6" type="stmt"/>
        </file>
        <file name="Username.js" path="/Users/18055865/Documents/Bootcamp/chip2-btpn/Final-Project/wallet-mobile/app/HomeScreen/sections/Username.js">
          <metrics statements="3" coveredstatements="3" conditionals="0" coveredconditionals="0" methods="1" coveredmethods="1"/>
          <line num="6" count="2" type="stmt"/>
          <line num="7" count="1" type="stmt"/>
          <line num="25" count="2" type="stmt"/>
        </file>
      </package>
      <package name="HomeScreen.views">
        <metrics statements="108" coveredstatements="91" conditionals="60" coveredconditionals="48" methods="38" coveredmethods="34"/>
        <file name="AccountService.js" path="/Users/18055865/Documents/Bootcamp/chip2-btpn/Final-Project/wallet-mobile/app/HomeScreen/views/AccountService.js">
          <metrics statements="95" coveredstatements="82" conditionals="60" coveredconditionals="48" methods="34" coveredmethods="31"/>
          <line num="6" count="21" type="stmt"/>
          <line num="7" count="21" type="stmt"/>
          <line num="8" count="21" type="stmt"/>
          <line num="12" count="8" type="stmt"/>
          <line num="13" count="8" type="stmt"/>
          <line num="14" count="8" type="stmt"/>
          <line num="15" count="8" type="stmt"/>
          <line num="16" count="8" type="stmt"/>
          <line num="17" count="8" type="stmt"/>
          <line num="18" count="4" type="stmt"/>
          <line num="19" count="4" type="stmt"/>
          <line num="21" count="0" type="stmt"/>
          <line num="26" count="8" type="stmt"/>
          <line num="31" count="1" type="stmt"/>
          <line num="32" count="1" type="stmt"/>
          <line num="33" count="1" type="stmt"/>
          <line num="34" count="1" type="stmt"/>
          <line num="38" count="5" type="cond" truecount="4" falsecount="0"/>
          <line num="39" count="1" type="stmt"/>
          <line num="42" count="4" type="cond" truecount="3" falsecount="1"/>
          <line num="43" count="4" type="stmt"/>
          <line num="47" count="5" type="stmt"/>
          <line num="61" count="2" type="stmt"/>
          <line num="62" count="2" type="stmt"/>
          <line num="63" count="2" type="stmt"/>
          <line num="64" count="2" type="cond" truecount="2" falsecount="0"/>
          <line num="65" count="1" type="stmt"/>
          <line num="67" count="2" type="stmt"/>
          <line num="71" count="10" type="cond" truecount="4" falsecount="0"/>
          <line num="72" count="2" type="stmt"/>
          <line num="75" count="8" type="cond" truecount="3" falsecount="1"/>
          <line num="76" count="8" type="stmt"/>
          <line num="80" count="10" type="stmt"/>
          <line num="93" count="7" type="stmt"/>
          <line num="94" count="7" type="stmt"/>
          <line num="95" count="7" type="stmt"/>
          <line num="96" count="7" type="stmt"/>
          <line num="100" count="5" type="cond" truecount="4" falsecount="0"/>
          <line num="101" count="1" type="stmt"/>
          <line num="104" count="4" type="cond" truecount="3" falsecount="1"/>
          <line num="105" count="4" type="stmt"/>
          <line num="109" count="5" type="stmt"/>
          <line num="123" count="1" type="stmt"/>
          <line num="124" count="1" type="stmt"/>
          <line num="125" count="1" type="stmt"/>
          <line num="127" count="1" type="stmt"/>
          <line num="131" count="5" type="cond" truecount="4" falsecount="0"/>
          <line num="132" count="1" type="stmt"/>
          <line num="135" count="4" type="cond" truecount="3" falsecount="1"/>
          <line num="136" count="4" type="stmt"/>
          <line num="140" count="5" type="stmt"/>
          <line num="153" count="1" type="stmt"/>
          <line num="154" count="1" type="stmt"/>
          <line num="155" count="1" type="stmt"/>
          <line num="157" count="1" type="stmt"/>
          <line num="161" count="5" type="cond" truecount="4" falsecount="0"/>
          <line num="162" count="1" type="stmt"/>
          <line num="165" count="4" type="cond" truecount="3" falsecount="1"/>
          <line num="166" count="4" type="stmt"/>
          <line num="170" count="5" type="stmt"/>
          <line num="183" count="1" type="stmt"/>
          <line num="184" count="1" type="stmt"/>
          <line num="185" count="1" type="stmt"/>
          <line num="187" count="1" type="stmt"/>
          <line num="191" count="5" type="cond" truecount="4" falsecount="0"/>
          <line num="192" count="1" type="stmt"/>
          <line num="195" count="4" type="cond" truecount="3" falsecount="1"/>
          <line num="196" count="4" type="stmt"/>
          <line num="200" count="5" type="stmt"/>
          <line num="215" count="2" type="stmt"/>
          <line num="217" count="2" type="stmt"/>
          <line num="221" count="2" type="stmt"/>
          <line num="222" count="4" type="cond" truecount="2" falsecount="0"/>
          <line num="223" count="2" type="stmt"/>
          <line num="225" count="2" type="stmt"/>
          <line num="228" count="2" type="stmt"/>
          <line num="240" count="2" type="stmt"/>
          <line num="241" count="2" type="stmt"/>
          <line num="247" count="1" type="cond" truecount="1" falsecount="1"/>
          <line num="248" count="1" type="stmt"/>
          <line num="251" count="1" type="cond" truecount="1" falsecount="1"/>
          <line num="252" count="0" type="stmt"/>
          <line num="255" count="1" type="stmt"/>
          <line num="260" count="1" type="stmt"/>
          <line num="265" count="0" type="stmt"/>
          <line num="267" count="0" type="stmt"/>
          <line num="271" count="0" type="stmt"/>
          <line num="287" count="0" type="stmt"/>
          <line num="288" count="0" type="stmt"/>
          <line num="294" count="0" type="cond" truecount="0" falsecount="2"/>
          <line num="295" count="0" type="stmt"/>
          <line num="298" count="0" type="cond" truecount="0" falsecount="2"/>
          <line num="299" count="0" type="stmt"/>
          <line num="302" count="0" type="stmt"/>
          <line num="307" count="0" type="stmt"/>
        </file>
        <file name="HomeContainer.js" path="/Users/18055865/Documents/Bootcamp/chip2-btpn/Final-Project/wallet-mobile/app/HomeScreen/views/HomeContainer.js">
          <metrics statements="13" coveredstatements="9" conditionals="0" coveredconditionals="0" methods="4" coveredmethods="3"/>
          <line num="15" count="6" type="stmt"/>
          <line num="16" count="6" type="stmt"/>
          <line num="24" count="6" type="stmt"/>
          <line num="25" count="6" type="stmt"/>
          <line num="30" count="0" type="stmt"/>
          <line num="37" count="6" type="stmt"/>
          <line num="38" count="6" type="stmt"/>
          <line num="39" count="6" type="stmt"/>
          <line num="40" count="0" type="stmt"/>
          <line num="41" count="0" type="stmt"/>
          <line num="48" count="0" type="stmt"/>
          <line num="53" count="6" type="stmt"/>
          <line num="72" count="1" type="stmt"/>
        </file>
      </package>
      <package name="TransactionHistoryScreen.sections">
        <metrics statements="50" coveredstatements="42" conditionals="20" coveredconditionals="17" methods="25" coveredmethods="19"/>
        <file name="InputFilter.js" path="/Users/18055865/Documents/Bootcamp/chip2-btpn/Final-Project/wallet-mobile/app/TransactionHistoryScreen/sections/InputFilter.js">
          <metrics statements="5" coveredstatements="3" conditionals="0" coveredconditionals="0" methods="5" coveredmethods="3"/>
          <line num="10" count="5" type="stmt"/>
          <line num="15" count="15" type="stmt"/>
          <line num="20" count="2" type="stmt"/>
          <line num="28" count="0" type="stmt"/>
          <line num="33" count="0" type="stmt"/>
        </file>
        <file name="TransactionHeader.js" path="/Users/18055865/Documents/Bootcamp/chip2-btpn/Final-Project/wallet-mobile/app/TransactionHistoryScreen/sections/TransactionHeader.js">
          <metrics statements="4" coveredstatements="3" conditionals="0" coveredconditionals="0" methods="2" coveredmethods="1"/>
          <line num="8" count="2" type="stmt"/>
          <line num="9" count="5" type="stmt"/>
          <line num="18" count="0" type="stmt"/>
          <line num="28" count="2" type="stmt"/>
        </file>
        <file name="TransactionHistoryFilter.js" path="/Users/18055865/Documents/Bootcamp/chip2-btpn/Final-Project/wallet-mobile/app/TransactionHistoryScreen/sections/TransactionHistoryFilter.js">
          <metrics statements="34" coveredstatements="29" conditionals="18" coveredconditionals="15" methods="13" coveredmethods="10"/>
          <line num="18" count="12" type="stmt"/>
          <line num="19" count="12" type="stmt"/>
          <line num="27" count="12" type="stmt"/>
          <line num="28" count="12" type="stmt"/>
          <line num="33" count="0" type="stmt"/>
          <line num="37" count="1" type="stmt"/>
          <line num="40" count="1" type="stmt"/>
          <line num="49" count="0" type="stmt"/>
          <line num="53" count="5" type="stmt"/>
          <line num="54" count="5" type="stmt"/>
          <line num="70" count="2" type="stmt"/>
          <line num="77" count="2" type="stmt"/>
          <line num="80" count="2" type="stmt"/>
          <line num="84" count="3" type="stmt"/>
          <line num="92" count="19" type="stmt"/>
          <line num="93" count="19" type="stmt"/>
          <line num="95" count="16" type="cond" truecount="1" falsecount="1"/>
          <line num="96" count="0" type="stmt"/>
          <line num="102" count="10" type="stmt"/>
          <line num="107" count="6" type="stmt"/>
          <line num="113" count="19" type="stmt"/>
          <line num="114" count="19" type="stmt"/>
          <line num="115" count="19" type="cond" truecount="4" falsecount="0"/>
          <line num="116" count="1" type="stmt"/>
          <line num="118" count="19" type="cond" truecount="4" falsecount="0"/>
          <line num="119" count="1" type="stmt"/>
          <line num="121" count="19" type="cond" truecount="3" falsecount="1"/>
          <line num="122" count="0" type="stmt"/>
          <line num="125" count="19" type="stmt"/>
          <line num="129" count="38" type="cond" truecount="2" falsecount="0"/>
          <line num="130" count="6" type="stmt"/>
          <line num="133" count="32" type="stmt"/>
          <line num="137" count="37" type="stmt"/>
          <line num="155" count="0" type="stmt"/>
        </file>
        <file name="TransactionList.js" path="/Users/18055865/Documents/Bootcamp/chip2-btpn/Final-Project/wallet-mobile/app/TransactionHistoryScreen/sections/TransactionList.js">
          <metrics statements="7" coveredstatements="7" conditionals="2" coveredconditionals="2" methods="5" coveredmethods="5"/>
          <line num="10" count="4" type="stmt"/>
          <line num="22" count="1" type="stmt"/>
          <line num="25" count="1" type="stmt"/>
          <line num="29" count="1" type="stmt"/>
          <line num="34" count="1" type="stmt"/>
          <line num="38" count="1" type="stmt"/>
          <line num="41" count="1" type="stmt"/>
        </file>
      </package>
      <package name="TransactionScreen.sections">
        <metrics statements="3" coveredstatements="3" conditionals="0" coveredconditionals="0" methods="1" coveredmethods="1"/>
        <file name="TransactionForm.js" path="/Users/18055865/Documents/Bootcamp/chip2-btpn/Final-Project/wallet-mobile/app/TransactionScreen/sections/TransactionForm.js">
          <metrics statements="3" coveredstatements="3" conditionals="0" coveredconditionals="0" methods="1" coveredmethods="1"/>
          <line num="8" count="4" type="stmt"/>
          <line num="9" count="9" type="stmt"/>
          <line num="39" count="4" type="stmt"/>
        </file>
      </package>
      <package name="TransactionScreen.views">
        <metrics statements="28" coveredstatements="26" conditionals="2" coveredconditionals="1" methods="10" coveredmethods="9"/>
        <file name="TransactionContainer.js" path="/Users/18055865/Documents/Bootcamp/chip2-btpn/Final-Project/wallet-mobile/app/TransactionScreen/views/TransactionContainer.js">
          <metrics statements="28" coveredstatements="26" conditionals="2" coveredconditionals="1" methods="10" coveredmethods="9"/>
          <line num="15" count="8" type="stmt"/>
          <line num="16" count="8" type="stmt"/>
          <line num="27" count="8" type="stmt"/>
          <line num="28" count="8" type="stmt"/>
          <line num="29" count="8" type="stmt"/>
          <line num="30" count="8" type="stmt"/>
          <line num="31" count="8" type="stmt"/>
          <line num="37" count="0" type="stmt"/>
          <line num="42" count="11" type="stmt"/>
          <line num="65" count="1" type="stmt"/>
          <line num="69" count="1" type="stmt"/>
          <line num="70" count="1" type="stmt"/>
          <line num="71" count="1" type="cond" truecount="1" falsecount="1"/>
          <line num="72" count="0" type="stmt"/>
          <line num="74" count="1" type="stmt"/>
          <line num="79" count="1" type="stmt"/>
          <line num="83" count="8" type="stmt"/>
          <line num="84" count="8" type="stmt"/>
          <line num="85" count="3" type="stmt"/>
          <line num="93" count="4" type="stmt"/>
          <line num="105" count="1" type="stmt"/>
          <line num="112" count="1" type="stmt"/>
          <line num="114" count="1" type="stmt"/>
          <line num="120" count="1" type="stmt"/>
          <line num="123" count="1" type="stmt"/>
          <line num="129" count="1" type="stmt"/>
          <line num="133" count="3" type="stmt"/>
          <line num="139" count="3" type="stmt"/>
        </file>
      </package>
      <package name="TransferScreen.sections">
        <metrics statements="6" coveredstatements="5" conditionals="0" coveredconditionals="0" methods="2" coveredmethods="1"/>
        <file name="SearchRecipientForm.js" path="/Users/18055865/Documents/Bootcamp/chip2-btpn/Final-Project/wallet-mobile/app/TransferScreen/sections/SearchRecipientForm.js">
          <metrics statements="3" coveredstatements="2" conditionals="0" coveredconditionals="0" methods="1" coveredmethods="0"/>
          <line num="8" count="1" type="stmt"/>
          <line num="9" count="0" type="stmt"/>
          <line num="30" count="1" type="stmt"/>
        </file>
        <file name="TransferForm.js" path="/Users/18055865/Documents/Bootcamp/chip2-btpn/Final-Project/wallet-mobile/app/TransferScreen/sections/TransferForm.js">
          <metrics statements="3" coveredstatements="3" conditionals="0" coveredconditionals="0" methods="1" coveredmethods="1"/>
          <line num="8" count="3" type="stmt"/>
          <line num="9" count="16" type="stmt"/>
          <line num="49" count="3" type="stmt"/>
        </file>
      </package>
      <package name="TransferScreen.views">
        <metrics statements="37" coveredstatements="23" conditionals="6" coveredconditionals="2" methods="12" coveredmethods="7"/>
        <file name="TransferContainer.js" path="/Users/18055865/Documents/Bootcamp/chip2-btpn/Final-Project/wallet-mobile/app/TransferScreen/views/TransferContainer.js">
          <metrics statements="37" coveredstatements="23" conditionals="6" coveredconditionals="2" methods="12" coveredmethods="7"/>
          <line num="17" count="4" type="stmt"/>
          <line num="18" count="4" type="stmt"/>
          <line num="35" count="4" type="stmt"/>
          <line num="36" count="4" type="stmt"/>
          <line num="37" count="4" type="stmt"/>
          <line num="38" count="4" type="stmt"/>
          <line num="39" count="4" type="stmt"/>
          <line num="45" count="0" type="stmt"/>
          <line num="50" count="8" type="stmt"/>
          <line num="81" count="1" type="cond" truecount="1" falsecount="1"/>
          <line num="82" count="0" type="stmt"/>
          <line num="84" count="1" type="stmt"/>
          <line num="89" count="0" type="stmt"/>
          <line num="90" count="0" type="stmt"/>
          <line num="91" count="0" type="cond" truecount="0" falsecount="2"/>
          <line num="92" count="0" type="stmt"/>
          <line num="96" count="0" type="stmt"/>
          <line num="98" count="0" type="stmt"/>
          <line num="107" count="1" type="stmt"/>
          <line num="115" count="1" type="stmt"/>
          <line num="116" count="1" type="stmt"/>
          <line num="117" count="1" type="cond" truecount="1" falsecount="1"/>
          <line num="118" count="0" type="stmt"/>
          <line num="120" count="1" type="stmt"/>
          <line num="124" count="1" type="stmt"/>
          <line num="128" count="4" type="stmt"/>
          <line num="129" count="4" type="stmt"/>
          <line num="130" count="4" type="stmt"/>
          <line num="139" count="4" type="stmt"/>
          <line num="145" count="4" type="stmt"/>
          <line num="151" count="0" type="stmt"/>
          <line num="157" count="0" type="stmt"/>
          <line num="159" count="0" type="stmt"/>
          <line num="165" count="0" type="stmt"/>
          <line num="168" count="0" type="stmt"/>
          <line num="177" count="1" type="stmt"/>
          <line num="183" count="1" type="stmt"/>
        </file>
      </package>
      <package name="config">
        <metrics statements="5" coveredstatements="5" conditionals="0" coveredconditionals="0" methods="0" coveredmethods="0"/>
        <file name="Base.js" path="/Users/18055865/Documents/Bootcamp/chip2-btpn/Final-Project/wallet-mobile/app/config/Base.js">
          <metrics statements="2" coveredstatements="2" conditionals="0" coveredconditionals="0" methods="0" coveredmethods="0"/>
          <line num="1" count="12" type="stmt"/>
          <line num="69" count="12" type="stmt"/>
        </file>
        <file name="Constant.js" path="/Users/18055865/Documents/Bootcamp/chip2-btpn/Final-Project/wallet-mobile/app/config/Constant.js">
          <metrics statements="3" coveredstatements="3" conditionals="0" coveredconditionals="0" methods="0" coveredmethods="0"/>
          <line num="1" count="11" type="stmt"/>
          <line num="3" count="11" type="stmt"/>
          <line num="22" count="11" type="stmt"/>
        </file>
      </package>
      <package name="resources.images">
        <metrics statements="10" coveredstatements="10" conditionals="0" coveredconditionals="0" methods="0" coveredmethods="0"/>
        <file name="balance-icon.png" path="/Users/18055865/Documents/Bootcamp/chip2-btpn/Final-Project/wallet-mobile/app/resources/images/balance-icon.png">
          <metrics statements="1" coveredstatements="1" conditionals="0" coveredconditionals="0" methods="0" coveredmethods="0"/>
          <line num="1" count="11" type="stmt"/>
        </file>
        <file name="credit.png" path="/Users/18055865/Documents/Bootcamp/chip2-btpn/Final-Project/wallet-mobile/app/resources/images/credit.png">
          <metrics statements="1" coveredstatements="1" conditionals="0" coveredconditionals="0" methods="0" coveredmethods="0"/>
          <line num="1" count="11" type="stmt"/>
        </file>
        <file name="debit.png" path="/Users/18055865/Documents/Bootcamp/chip2-btpn/Final-Project/wallet-mobile/app/resources/images/debit.png">
          <metrics statements="1" coveredstatements="1" conditionals="0" coveredconditionals="0" methods="0" coveredmethods="0"/>
          <line num="1" count="11" type="stmt"/>
        </file>
        <file name="home-icon.png" path="/Users/18055865/Documents/Bootcamp/chip2-btpn/Final-Project/wallet-mobile/app/resources/images/home-icon.png">
          <metrics statements="1" coveredstatements="1" conditionals="0" coveredconditionals="0" methods="0" coveredmethods="0"/>
          <line num="1" count="11" type="stmt"/>
        </file>
        <file name="sort-icon.png" path="/Users/18055865/Documents/Bootcamp/chip2-btpn/Final-Project/wallet-mobile/app/resources/images/sort-icon.png">
          <metrics statements="1" coveredstatements="1" conditionals="0" coveredconditionals="0" methods="0" coveredmethods="0"/>
          <line num="1" count="11" type="stmt"/>
        </file>
        <file name="topup-icon.png" path="/Users/18055865/Documents/Bootcamp/chip2-btpn/Final-Project/wallet-mobile/app/resources/images/topup-icon.png">
          <metrics statements="1" coveredstatements="1" conditionals="0" coveredconditionals="0" methods="0" coveredmethods="0"/>
          <line num="1" count="11" type="stmt"/>
        </file>
        <file name="transaction-history.png" path="/Users/18055865/Documents/Bootcamp/chip2-btpn/Final-Project/wallet-mobile/app/resources/images/transaction-history.png">
          <metrics statements="1" coveredstatements="1" conditionals="0" coveredconditionals="0" methods="0" coveredmethods="0"/>
          <line num="1" count="11" type="stmt"/>
        </file>
        <file name="transfer-icon.png" path="/Users/18055865/Documents/Bootcamp/chip2-btpn/Final-Project/wallet-mobile/app/resources/images/transfer-icon.png">
          <metrics statements="1" coveredstatements="1" conditionals="0" coveredconditionals="0" methods="0" coveredmethods="0"/>
          <line num="1" count="11" type="stmt"/>
        </file>
        <file name="withdraw-icon.png" path="/Users/18055865/Documents/Bootcamp/chip2-btpn/Final-Project/wallet-mobile/app/resources/images/withdraw-icon.png">
          <metrics statements="1" coveredstatements="1" conditionals="0" coveredconditionals="0" methods="0" coveredmethods="0"/>
          <line num="1" count="11" type="stmt"/>
        </file>
        <file name="zoomba-logo.png" path="/Users/18055865/Documents/Bootcamp/chip2-btpn/Final-Project/wallet-mobile/app/resources/images/zoomba-logo.png">
          <metrics statements="1" coveredstatements="1" conditionals="0" coveredconditionals="0" methods="0" coveredmethods="0"/>
          <line num="1" count="11" type="stmt"/>
        </file>
      </package>
      <package name="routes">
        <metrics statements="3" coveredstatements="2" conditionals="0" coveredconditionals="0" methods="2" coveredmethods="1"/>
        <file name="AppHeader.js" path="/Users/18055865/Documents/Bootcamp/chip2-btpn/Final-Project/wallet-mobile/app/routes/AppHeader.js">
          <metrics statements="3" coveredstatements="2" conditionals="0" coveredconditionals="0" methods="2" coveredmethods="1"/>
          <line num="5" count="4" type="stmt"/>
          <line num="6" count="1" type="stmt"/>
          <line num="10" count="0" type="stmt"/>
        </file>
      </package>
    </metrics>
  </project>
</coverage>
