{"/Users/18055865/Documents/Bootcamp/chip2-btpn/Final-Project/wallet-mobile/app/HomeScreen/sections/AccountId.js": {"path":"/Users/18055865/Documents/Bootcamp/chip2-btpn/Final-Project/wallet-mobile/app/HomeScreen/sections/AccountId.js","statementMap":{"0":{"start":{"line":7,"column":18},"end":{"line":25,"column":1}},"1":{"start":{"line":8,"column":24},"end":{"line":8,"column":28}},"2":{"start":{"line":9,"column":2},"end":{"line":24,"column":4}},"3":{"start":{"line":29,"column":0},"end":{"line":31,"column":2}}},"fnMap":{"0":{"name":"(anonymous_0)","decl":{"start":{"line":7,"column":18},"end":{"line":7,"column":19}},"loc":{"start":{"line":7,"column":32},"end":{"line":25,"column":1}},"line":7}},"branchMap":{},"s":{"0":1,"1":1,"2":1,"3":1},"f":{"0":1},"b":{},"_coverageSchema":"332fd63041d2c1bcb487cc26dd0d5f7d97098a6c","hash":"cec70d3534a4fb9dda6ab1bc64084e6a45d97c14"}
,"/Users/18055865/Documents/Bootcamp/chip2-btpn/Final-Project/wallet-mobile/app/HomeScreen/sections/Balance.js": {"path":"/Users/18055865/Documents/Bootcamp/chip2-btpn/Final-Project/wallet-mobile/app/HomeScreen/sections/Balance.js","statementMap":{"0":{"start":{"line":10,"column":15},"end":{"line":18,"column":2}},"1":{"start":{"line":21,"column":22},"end":{"line":23,"column":6}},"2":{"start":{"line":24,"column":4},"end":{"line":24,"column":37}},"3":{"start":{"line":27,"column":16},"end":{"line":46,"column":1}},"4":{"start":{"line":28,"column":31},"end":{"line":28,"column":41}},"5":{"start":{"line":29,"column":4},"end":{"line":45,"column":6}},"6":{"start":{"line":50,"column":0},"end":{"line":53,"column":2}}},"fnMap":{"0":{"name":"currencyFormatter","decl":{"start":{"line":20,"column":9},"end":{"line":20,"column":26}},"loc":{"start":{"line":20,"column":36},"end":{"line":25,"column":1}},"line":20},"1":{"name":"(anonymous_1)","decl":{"start":{"line":27,"column":16},"end":{"line":27,"column":17}},"loc":{"start":{"line":27,"column":27},"end":{"line":46,"column":1}},"line":27}},"branchMap":{},"s":{"0":5,"1":2,"2":2,"3":5,"4":2,"5":2,"6":5},"f":{"0":2,"1":2},"b":{},"_coverageSchema":"332fd63041d2c1bcb487cc26dd0d5f7d97098a6c","hash":"35e92afaea66d4bfe38beef7082ac7d05d1f223b"}
,"/Users/18055865/Documents/Bootcamp/chip2-btpn/Final-Project/wallet-mobile/app/HomeScreen/sections/Username.js": {"path":"/Users/18055865/Documents/Bootcamp/chip2-btpn/Final-Project/wallet-mobile/app/HomeScreen/sections/Username.js","statementMap":{"0":{"start":{"line":6,"column":17},"end":{"line":23,"column":1}},"1":{"start":{"line":7,"column":4},"end":{"line":22,"column":11}},"2":{"start":{"line":25,"column":0},"end":{"line":27,"column":2}}},"fnMap":{"0":{"name":"(anonymous_0)","decl":{"start":{"line":6,"column":17},"end":{"line":6,"column":18}},"loc":{"start":{"line":7,"column":4},"end":{"line":22,"column":11}},"line":7}},"branchMap":{},"s":{"0":2,"1":1,"2":2},"f":{"0":1},"b":{},"_coverageSchema":"332fd63041d2c1bcb487cc26dd0d5f7d97098a6c","hash":"1d76c9c0667af359eeff2c555e3e79dc73c17370"}
,"/Users/18055865/Documents/Bootcamp/chip2-btpn/Final-Project/wallet-mobile/app/HomeScreen/views/AccountService.js": {"path":"/Users/18055865/Documents/Bootcamp/chip2-btpn/Final-Project/wallet-mobile/app/HomeScreen/views/AccountService.js","statementMap":{"0":{"start":{"line":6,"column":4},"end":{"line":6,"column":33}},"1":{"start":{"line":7,"column":4},"end":{"line":7,"column":31}},"2":{"start":{"line":8,"column":4},"end":{"line":8,"column":27}},"3":{"start":{"line":12,"column":22},"end":{"line":12,"column":36}},"4":{"start":{"line":13,"column":23},"end":{"line":13,"column":38}},"5":{"start":{"line":14,"column":20},"end":{"line":14,"column":32}},"6":{"start":{"line":15,"column":23},"end":{"line":15,"column":81}},"7":{"start":{"line":16,"column":4},"end":{"line":22,"column":5}},"8":{"start":{"line":17,"column":21},"end":{"line":17,"column":62}},"9":{"start":{"line":18,"column":6},"end":{"line":18,"column":33}},"10":{"start":{"line":19,"column":6},"end":{"line":19,"column":20}},"11":{"start":{"line":21,"column":6},"end":{"line":21,"column":18}},"12":{"start":{"line":26,"column":4},"end":{"line":26,"column":26}},"13":{"start":{"line":31,"column":22},"end":{"line":31,"column":36}},"14":{"start":{"line":32,"column":20},"end":{"line":32,"column":32}},"15":{"start":{"line":33,"column":31},"end":{"line":33,"column":133}},"16":{"start":{"line":34,"column":4},"end":{"line":56,"column":8}},"17":{"start":{"line":34,"column":59},"end":{"line":56,"column":5}},"18":{"start":{"line":38,"column":10},"end":{"line":40,"column":11}},"19":{"start":{"line":39,"column":12},"end":{"line":39,"column":35}},"20":{"start":{"line":42,"column":10},"end":{"line":44,"column":11}},"21":{"start":{"line":43,"column":12},"end":{"line":43,"column":34}},"22":{"start":{"line":47,"column":8},"end":{"line":54,"column":10}},"23":{"start":{"line":61,"column":22},"end":{"line":61,"column":36}},"24":{"start":{"line":62,"column":20},"end":{"line":62,"column":32}},"25":{"start":{"line":63,"column":29},"end":{"line":63,"column":137}},"26":{"start":{"line":64,"column":4},"end":{"line":66,"column":5}},"27":{"start":{"line":65,"column":6},"end":{"line":65,"column":129}},"28":{"start":{"line":67,"column":4},"end":{"line":89,"column":8}},"29":{"start":{"line":67,"column":59},"end":{"line":89,"column":5}},"30":{"start":{"line":71,"column":10},"end":{"line":73,"column":11}},"31":{"start":{"line":72,"column":12},"end":{"line":72,"column":28}},"32":{"start":{"line":75,"column":10},"end":{"line":77,"column":11}},"33":{"start":{"line":76,"column":12},"end":{"line":76,"column":27}},"34":{"start":{"line":80,"column":8},"end":{"line":87,"column":10}},"35":{"start":{"line":93,"column":22},"end":{"line":93,"column":36}},"36":{"start":{"line":94,"column":20},"end":{"line":94,"column":32}},"37":{"start":{"line":95,"column":31},"end":{"line":95,"column":133}},"38":{"start":{"line":96,"column":4},"end":{"line":118,"column":8}},"39":{"start":{"line":96,"column":59},"end":{"line":118,"column":5}},"40":{"start":{"line":100,"column":10},"end":{"line":102,"column":11}},"41":{"start":{"line":101,"column":12},"end":{"line":101,"column":28}},"42":{"start":{"line":104,"column":10},"end":{"line":106,"column":11}},"43":{"start":{"line":105,"column":12},"end":{"line":105,"column":27}},"44":{"start":{"line":109,"column":8},"end":{"line":116,"column":10}},"45":{"start":{"line":123,"column":22},"end":{"line":123,"column":36}},"46":{"start":{"line":124,"column":20},"end":{"line":124,"column":32}},"47":{"start":{"line":125,"column":31},"end":{"line":126,"column":77}},"48":{"start":{"line":127,"column":4},"end":{"line":149,"column":8}},"49":{"start":{"line":127,"column":59},"end":{"line":149,"column":5}},"50":{"start":{"line":131,"column":10},"end":{"line":133,"column":11}},"51":{"start":{"line":132,"column":12},"end":{"line":132,"column":28}},"52":{"start":{"line":135,"column":10},"end":{"line":137,"column":11}},"53":{"start":{"line":136,"column":12},"end":{"line":136,"column":27}},"54":{"start":{"line":140,"column":8},"end":{"line":147,"column":10}},"55":{"start":{"line":153,"column":22},"end":{"line":153,"column":36}},"56":{"start":{"line":154,"column":20},"end":{"line":154,"column":32}},"57":{"start":{"line":155,"column":31},"end":{"line":156,"column":84}},"58":{"start":{"line":157,"column":4},"end":{"line":179,"column":8}},"59":{"start":{"line":157,"column":59},"end":{"line":179,"column":5}},"60":{"start":{"line":161,"column":10},"end":{"line":163,"column":11}},"61":{"start":{"line":162,"column":12},"end":{"line":162,"column":28}},"62":{"start":{"line":165,"column":10},"end":{"line":167,"column":11}},"63":{"start":{"line":166,"column":12},"end":{"line":166,"column":27}},"64":{"start":{"line":170,"column":8},"end":{"line":177,"column":10}},"65":{"start":{"line":183,"column":22},"end":{"line":183,"column":36}},"66":{"start":{"line":184,"column":20},"end":{"line":184,"column":32}},"67":{"start":{"line":185,"column":31},"end":{"line":186,"column":71}},"68":{"start":{"line":187,"column":4},"end":{"line":209,"column":8}},"69":{"start":{"line":187,"column":59},"end":{"line":209,"column":5}},"70":{"start":{"line":191,"column":10},"end":{"line":193,"column":11}},"71":{"start":{"line":192,"column":12},"end":{"line":192,"column":28}},"72":{"start":{"line":195,"column":10},"end":{"line":197,"column":11}},"73":{"start":{"line":196,"column":12},"end":{"line":196,"column":27}},"74":{"start":{"line":200,"column":8},"end":{"line":207,"column":10}},"75":{"start":{"line":215,"column":22},"end":{"line":215,"column":36}},"76":{"start":{"line":217,"column":20},"end":{"line":219,"column":5}},"77":{"start":{"line":221,"column":31},"end":{"line":226,"column":5}},"78":{"start":{"line":222,"column":6},"end":{"line":224,"column":7}},"79":{"start":{"line":223,"column":8},"end":{"line":223,"column":25}},"80":{"start":{"line":225,"column":6},"end":{"line":225,"column":16}},"81":{"start":{"line":228,"column":31},"end":{"line":239,"column":5}},"82":{"start":{"line":240,"column":31},"end":{"line":240,"column":61}},"83":{"start":{"line":241,"column":4},"end":{"line":261,"column":7}},"84":{"start":{"line":241,"column":93},"end":{"line":244,"column":5}},"85":{"start":{"line":247,"column":6},"end":{"line":249,"column":7}},"86":{"start":{"line":248,"column":8},"end":{"line":248,"column":48}},"87":{"start":{"line":251,"column":6},"end":{"line":253,"column":7}},"88":{"start":{"line":252,"column":8},"end":{"line":252,"column":65}},"89":{"start":{"line":255,"column":28},"end":{"line":258,"column":7}},"90":{"start":{"line":260,"column":6},"end":{"line":260,"column":26}},"91":{"start":{"line":265,"column":20},"end":{"line":265,"column":47}},"92":{"start":{"line":267,"column":20},"end":{"line":269,"column":5}},"93":{"start":{"line":271,"column":28},"end":{"line":285,"column":5}},"94":{"start":{"line":287,"column":31},"end":{"line":287,"column":61}},"95":{"start":{"line":288,"column":4},"end":{"line":308,"column":7}},"96":{"start":{"line":288,"column":90},"end":{"line":291,"column":5}},"97":{"start":{"line":294,"column":6},"end":{"line":296,"column":7}},"98":{"start":{"line":295,"column":8},"end":{"line":295,"column":48}},"99":{"start":{"line":298,"column":6},"end":{"line":300,"column":7}},"100":{"start":{"line":299,"column":8},"end":{"line":299,"column":65}},"101":{"start":{"line":302,"column":28},"end":{"line":305,"column":7}},"102":{"start":{"line":307,"column":6},"end":{"line":307,"column":26}}},"fnMap":{"0":{"name":"(anonymous_0)","decl":{"start":{"line":5,"column":2},"end":{"line":5,"column":3}},"loc":{"start":{"line":5,"column":46},"end":{"line":9,"column":3}},"line":5},"1":{"name":"(anonymous_1)","decl":{"start":{"line":11,"column":2},"end":{"line":11,"column":3}},"loc":{"start":{"line":11,"column":21},"end":{"line":23,"column":3}},"line":11},"2":{"name":"(anonymous_2)","decl":{"start":{"line":25,"column":2},"end":{"line":25,"column":3}},"loc":{"start":{"line":25,"column":23},"end":{"line":27,"column":3}},"line":25},"3":{"name":"(anonymous_3)","decl":{"start":{"line":30,"column":2},"end":{"line":30,"column":3}},"loc":{"start":{"line":30,"column":23},"end":{"line":57,"column":3}},"line":30},"4":{"name":"(anonymous_4)","decl":{"start":{"line":34,"column":46},"end":{"line":34,"column":47}},"loc":{"start":{"line":34,"column":59},"end":{"line":56,"column":5}},"line":34},"5":{"name":"(anonymous_5)","decl":{"start":{"line":36,"column":30},"end":{"line":36,"column":31}},"loc":{"start":{"line":36,"column":40},"end":{"line":55,"column":7}},"line":36},"6":{"name":"getTransactionType","decl":{"start":{"line":37,"column":17},"end":{"line":37,"column":35}},"loc":{"start":{"line":37,"column":42},"end":{"line":45,"column":9}},"line":37},"7":{"name":"(anonymous_7)","decl":{"start":{"line":60,"column":2},"end":{"line":60,"column":3}},"loc":{"start":{"line":60,"column":30},"end":{"line":90,"column":3}},"line":60},"8":{"name":"(anonymous_8)","decl":{"start":{"line":67,"column":46},"end":{"line":67,"column":47}},"loc":{"start":{"line":67,"column":59},"end":{"line":89,"column":5}},"line":67},"9":{"name":"(anonymous_9)","decl":{"start":{"line":69,"column":30},"end":{"line":69,"column":31}},"loc":{"start":{"line":69,"column":40},"end":{"line":88,"column":7}},"line":69},"10":{"name":"getTransactionType","decl":{"start":{"line":70,"column":17},"end":{"line":70,"column":35}},"loc":{"start":{"line":70,"column":42},"end":{"line":78,"column":9}},"line":70},"11":{"name":"(anonymous_11)","decl":{"start":{"line":92,"column":2},"end":{"line":92,"column":3}},"loc":{"start":{"line":92,"column":25},"end":{"line":119,"column":3}},"line":92},"12":{"name":"(anonymous_12)","decl":{"start":{"line":96,"column":46},"end":{"line":96,"column":47}},"loc":{"start":{"line":96,"column":59},"end":{"line":118,"column":5}},"line":96},"13":{"name":"(anonymous_13)","decl":{"start":{"line":98,"column":30},"end":{"line":98,"column":31}},"loc":{"start":{"line":98,"column":40},"end":{"line":117,"column":7}},"line":98},"14":{"name":"getTransactionType","decl":{"start":{"line":99,"column":17},"end":{"line":99,"column":35}},"loc":{"start":{"line":99,"column":42},"end":{"line":107,"column":9}},"line":99},"15":{"name":"(anonymous_15)","decl":{"start":{"line":122,"column":2},"end":{"line":122,"column":3}},"loc":{"start":{"line":122,"column":58},"end":{"line":150,"column":3}},"line":122},"16":{"name":"(anonymous_16)","decl":{"start":{"line":127,"column":46},"end":{"line":127,"column":47}},"loc":{"start":{"line":127,"column":59},"end":{"line":149,"column":5}},"line":127},"17":{"name":"(anonymous_17)","decl":{"start":{"line":129,"column":30},"end":{"line":129,"column":31}},"loc":{"start":{"line":129,"column":40},"end":{"line":148,"column":7}},"line":129},"18":{"name":"getTransactionType","decl":{"start":{"line":130,"column":17},"end":{"line":130,"column":35}},"loc":{"start":{"line":130,"column":42},"end":{"line":138,"column":9}},"line":130},"19":{"name":"(anonymous_19)","decl":{"start":{"line":152,"column":2},"end":{"line":152,"column":3}},"loc":{"start":{"line":152,"column":48},"end":{"line":180,"column":3}},"line":152},"20":{"name":"(anonymous_20)","decl":{"start":{"line":157,"column":46},"end":{"line":157,"column":47}},"loc":{"start":{"line":157,"column":59},"end":{"line":179,"column":5}},"line":157},"21":{"name":"(anonymous_21)","decl":{"start":{"line":159,"column":30},"end":{"line":159,"column":31}},"loc":{"start":{"line":159,"column":40},"end":{"line":178,"column":7}},"line":159},"22":{"name":"getTransactionType","decl":{"start":{"line":160,"column":17},"end":{"line":160,"column":35}},"loc":{"start":{"line":160,"column":42},"end":{"line":168,"column":9}},"line":160},"23":{"name":"(anonymous_23)","decl":{"start":{"line":182,"column":2},"end":{"line":182,"column":3}},"loc":{"start":{"line":182,"column":69},"end":{"line":210,"column":3}},"line":182},"24":{"name":"(anonymous_24)","decl":{"start":{"line":187,"column":46},"end":{"line":187,"column":47}},"loc":{"start":{"line":187,"column":59},"end":{"line":209,"column":5}},"line":187},"25":{"name":"(anonymous_25)","decl":{"start":{"line":189,"column":30},"end":{"line":189,"column":31}},"loc":{"start":{"line":189,"column":40},"end":{"line":208,"column":7}},"line":189},"26":{"name":"getTransactionType","decl":{"start":{"line":190,"column":17},"end":{"line":190,"column":35}},"loc":{"start":{"line":190,"column":42},"end":{"line":198,"column":9}},"line":190},"27":{"name":"(anonymous_27)","decl":{"start":{"line":214,"column":2},"end":{"line":214,"column":3}},"loc":{"start":{"line":214,"column":31},"end":{"line":262,"column":3}},"line":214},"28":{"name":"(anonymous_28)","decl":{"start":{"line":221,"column":31},"end":{"line":221,"column":32}},"loc":{"start":{"line":221,"column":64},"end":{"line":226,"column":5}},"line":221},"29":{"name":"(anonymous_29)","decl":{"start":{"line":241,"column":80},"end":{"line":241,"column":81}},"loc":{"start":{"line":241,"column":93},"end":{"line":244,"column":5}},"line":241},"30":{"name":"(anonymous_30)","decl":{"start":{"line":244,"column":14},"end":{"line":244,"column":15}},"loc":{"start":{"line":244,"column":25},"end":{"line":261,"column":5}},"line":244},"31":{"name":"(anonymous_31)","decl":{"start":{"line":264,"column":2},"end":{"line":264,"column":3}},"loc":{"start":{"line":264,"column":25},"end":{"line":309,"column":3}},"line":264},"32":{"name":"(anonymous_32)","decl":{"start":{"line":288,"column":77},"end":{"line":288,"column":78}},"loc":{"start":{"line":288,"column":90},"end":{"line":291,"column":5}},"line":288},"33":{"name":"(anonymous_33)","decl":{"start":{"line":291,"column":14},"end":{"line":291,"column":15}},"loc":{"start":{"line":291,"column":25},"end":{"line":308,"column":5}},"line":291}},"branchMap":{"0":{"loc":{"start":{"line":38,"column":10},"end":{"line":40,"column":11}},"type":"if","locations":[{"start":{"line":38,"column":10},"end":{"line":40,"column":11}},{"start":{"line":38,"column":10},"end":{"line":40,"column":11}}],"line":38},"1":{"loc":{"start":{"line":38,"column":14},"end":{"line":38,"column":78}},"type":"binary-expr","locations":[{"start":{"line":38,"column":14},"end":{"line":38,"column":39}},{"start":{"line":38,"column":43},"end":{"line":38,"column":78}}],"line":38},"2":{"loc":{"start":{"line":42,"column":10},"end":{"line":44,"column":11}},"type":"if","locations":[{"start":{"line":42,"column":10},"end":{"line":44,"column":11}},{"start":{"line":42,"column":10},"end":{"line":44,"column":11}}],"line":42},"3":{"loc":{"start":{"line":42,"column":14},"end":{"line":42,"column":76}},"type":"binary-expr","locations":[{"start":{"line":42,"column":14},"end":{"line":42,"column":38}},{"start":{"line":42,"column":42},"end":{"line":42,"column":76}}],"line":42},"4":{"loc":{"start":{"line":64,"column":4},"end":{"line":66,"column":5}},"type":"if","locations":[{"start":{"line":64,"column":4},"end":{"line":66,"column":5}},{"start":{"line":64,"column":4},"end":{"line":66,"column":5}}],"line":64},"5":{"loc":{"start":{"line":71,"column":10},"end":{"line":73,"column":11}},"type":"if","locations":[{"start":{"line":71,"column":10},"end":{"line":73,"column":11}},{"start":{"line":71,"column":10},"end":{"line":73,"column":11}}],"line":71},"6":{"loc":{"start":{"line":71,"column":14},"end":{"line":71,"column":78}},"type":"binary-expr","locations":[{"start":{"line":71,"column":14},"end":{"line":71,"column":39}},{"start":{"line":71,"column":43},"end":{"line":71,"column":78}}],"line":71},"7":{"loc":{"start":{"line":75,"column":10},"end":{"line":77,"column":11}},"type":"if","locations":[{"start":{"line":75,"column":10},"end":{"line":77,"column":11}},{"start":{"line":75,"column":10},"end":{"line":77,"column":11}}],"line":75},"8":{"loc":{"start":{"line":75,"column":14},"end":{"line":75,"column":76}},"type":"binary-expr","locations":[{"start":{"line":75,"column":14},"end":{"line":75,"column":38}},{"start":{"line":75,"column":42},"end":{"line":75,"column":76}}],"line":75},"9":{"loc":{"start":{"line":100,"column":10},"end":{"line":102,"column":11}},"type":"if","locations":[{"start":{"line":100,"column":10},"end":{"line":102,"column":11}},{"start":{"line":100,"column":10},"end":{"line":102,"column":11}}],"line":100},"10":{"loc":{"start":{"line":100,"column":14},"end":{"line":100,"column":78}},"type":"binary-expr","locations":[{"start":{"line":100,"column":14},"end":{"line":100,"column":39}},{"start":{"line":100,"column":43},"end":{"line":100,"column":78}}],"line":100},"11":{"loc":{"start":{"line":104,"column":10},"end":{"line":106,"column":11}},"type":"if","locations":[{"start":{"line":104,"column":10},"end":{"line":106,"column":11}},{"start":{"line":104,"column":10},"end":{"line":106,"column":11}}],"line":104},"12":{"loc":{"start":{"line":104,"column":14},"end":{"line":104,"column":76}},"type":"binary-expr","locations":[{"start":{"line":104,"column":14},"end":{"line":104,"column":38}},{"start":{"line":104,"column":42},"end":{"line":104,"column":76}}],"line":104},"13":{"loc":{"start":{"line":131,"column":10},"end":{"line":133,"column":11}},"type":"if","locations":[{"start":{"line":131,"column":10},"end":{"line":133,"column":11}},{"start":{"line":131,"column":10},"end":{"line":133,"column":11}}],"line":131},"14":{"loc":{"start":{"line":131,"column":14},"end":{"line":131,"column":78}},"type":"binary-expr","locations":[{"start":{"line":131,"column":14},"end":{"line":131,"column":39}},{"start":{"line":131,"column":43},"end":{"line":131,"column":78}}],"line":131},"15":{"loc":{"start":{"line":135,"column":10},"end":{"line":137,"column":11}},"type":"if","locations":[{"start":{"line":135,"column":10},"end":{"line":137,"column":11}},{"start":{"line":135,"column":10},"end":{"line":137,"column":11}}],"line":135},"16":{"loc":{"start":{"line":135,"column":14},"end":{"line":135,"column":76}},"type":"binary-expr","locations":[{"start":{"line":135,"column":14},"end":{"line":135,"column":38}},{"start":{"line":135,"column":42},"end":{"line":135,"column":76}}],"line":135},"17":{"loc":{"start":{"line":161,"column":10},"end":{"line":163,"column":11}},"type":"if","locations":[{"start":{"line":161,"column":10},"end":{"line":163,"column":11}},{"start":{"line":161,"column":10},"end":{"line":163,"column":11}}],"line":161},"18":{"loc":{"start":{"line":161,"column":14},"end":{"line":161,"column":78}},"type":"binary-expr","locations":[{"start":{"line":161,"column":14},"end":{"line":161,"column":39}},{"start":{"line":161,"column":43},"end":{"line":161,"column":78}}],"line":161},"19":{"loc":{"start":{"line":165,"column":10},"end":{"line":167,"column":11}},"type":"if","locations":[{"start":{"line":165,"column":10},"end":{"line":167,"column":11}},{"start":{"line":165,"column":10},"end":{"line":167,"column":11}}],"line":165},"20":{"loc":{"start":{"line":165,"column":14},"end":{"line":165,"column":76}},"type":"binary-expr","locations":[{"start":{"line":165,"column":14},"end":{"line":165,"column":38}},{"start":{"line":165,"column":42},"end":{"line":165,"column":76}}],"line":165},"21":{"loc":{"start":{"line":191,"column":10},"end":{"line":193,"column":11}},"type":"if","locations":[{"start":{"line":191,"column":10},"end":{"line":193,"column":11}},{"start":{"line":191,"column":10},"end":{"line":193,"column":11}}],"line":191},"22":{"loc":{"start":{"line":191,"column":14},"end":{"line":191,"column":78}},"type":"binary-expr","locations":[{"start":{"line":191,"column":14},"end":{"line":191,"column":39}},{"start":{"line":191,"column":43},"end":{"line":191,"column":78}}],"line":191},"23":{"loc":{"start":{"line":195,"column":10},"end":{"line":197,"column":11}},"type":"if","locations":[{"start":{"line":195,"column":10},"end":{"line":197,"column":11}},{"start":{"line":195,"column":10},"end":{"line":197,"column":11}}],"line":195},"24":{"loc":{"start":{"line":195,"column":14},"end":{"line":195,"column":76}},"type":"binary-expr","locations":[{"start":{"line":195,"column":14},"end":{"line":195,"column":38}},{"start":{"line":195,"column":42},"end":{"line":195,"column":76}}],"line":195},"25":{"loc":{"start":{"line":222,"column":6},"end":{"line":224,"column":7}},"type":"if","locations":[{"start":{"line":222,"column":6},"end":{"line":224,"column":7}},{"start":{"line":222,"column":6},"end":{"line":224,"column":7}}],"line":222},"26":{"loc":{"start":{"line":247,"column":6},"end":{"line":249,"column":7}},"type":"if","locations":[{"start":{"line":247,"column":6},"end":{"line":249,"column":7}},{"start":{"line":247,"column":6},"end":{"line":249,"column":7}}],"line":247},"27":{"loc":{"start":{"line":251,"column":6},"end":{"line":253,"column":7}},"type":"if","locations":[{"start":{"line":251,"column":6},"end":{"line":253,"column":7}},{"start":{"line":251,"column":6},"end":{"line":253,"column":7}}],"line":251},"28":{"loc":{"start":{"line":294,"column":6},"end":{"line":296,"column":7}},"type":"if","locations":[{"start":{"line":294,"column":6},"end":{"line":296,"column":7}},{"start":{"line":294,"column":6},"end":{"line":296,"column":7}}],"line":294},"29":{"loc":{"start":{"line":298,"column":6},"end":{"line":300,"column":7}},"type":"if","locations":[{"start":{"line":298,"column":6},"end":{"line":300,"column":7}},{"start":{"line":298,"column":6},"end":{"line":300,"column":7}}],"line":298}},"s":{"0":22,"1":22,"2":22,"3":8,"4":8,"5":8,"6":8,"7":8,"8":8,"9":4,"10":4,"11":0,"12":8,"13":1,"14":1,"15":1,"16":1,"17":1,"18":5,"19":1,"20":4,"21":4,"22":5,"23":2,"24":2,"25":2,"26":2,"27":1,"28":2,"29":2,"30":10,"31":2,"32":8,"33":8,"34":10,"35":8,"36":8,"37":8,"38":8,"39":1,"40":5,"41":1,"42":4,"43":4,"44":5,"45":1,"46":1,"47":1,"48":1,"49":1,"50":5,"51":1,"52":4,"53":4,"54":5,"55":1,"56":1,"57":1,"58":1,"59":1,"60":5,"61":1,"62":4,"63":4,"64":5,"65":1,"66":1,"67":1,"68":1,"69":1,"70":5,"71":1,"72":4,"73":4,"74":5,"75":2,"76":2,"77":2,"78":4,"79":2,"80":2,"81":2,"82":2,"83":2,"84":1,"85":1,"86":1,"87":1,"88":0,"89":1,"90":1,"91":0,"92":0,"93":0,"94":0,"95":0,"96":0,"97":0,"98":0,"99":0,"100":0,"101":0,"102":0},"f":{"0":22,"1":8,"2":8,"3":1,"4":1,"5":5,"6":5,"7":2,"8":2,"9":10,"10":10,"11":8,"12":1,"13":5,"14":5,"15":1,"16":1,"17":5,"18":5,"19":1,"20":1,"21":5,"22":5,"23":1,"24":1,"25":5,"26":5,"27":2,"28":4,"29":1,"30":1,"31":0,"32":0,"33":0},"b":{"0":[1,4],"1":[5,4],"2":[4,0],"3":[4,1],"4":[1,1],"5":[2,8],"6":[10,8],"7":[8,0],"8":[8,2],"9":[1,4],"10":[5,4],"11":[4,0],"12":[4,1],"13":[1,4],"14":[5,4],"15":[4,0],"16":[4,1],"17":[1,4],"18":[5,4],"19":[4,0],"20":[4,1],"21":[1,4],"22":[5,4],"23":[4,0],"24":[4,1],"25":[2,2],"26":[1,0],"27":[0,1],"28":[0,0],"29":[0,0]},"_coverageSchema":"332fd63041d2c1bcb487cc26dd0d5f7d97098a6c","hash":"e1ae2096b4f2578b229081725e4fada077f8af51"}
,"/Users/18055865/Documents/Bootcamp/chip2-btpn/Final-Project/wallet-mobile/app/HomeScreen/views/HomeContainer.js": {"path":"/Users/18055865/Documents/Bootcamp/chip2-btpn/Final-Project/wallet-mobile/app/HomeScreen/views/HomeContainer.js","statementMap":{"0":{"start":{"line":15,"column":8},"end":{"line":15,"column":20}},"1":{"start":{"line":16,"column":8},"end":{"line":23,"column":9}},"2":{"start":{"line":24,"column":8},"end":{"line":24,"column":36}},"3":{"start":{"line":25,"column":8},"end":{"line":25,"column":35}},"4":{"start":{"line":30,"column":12},"end":{"line":32,"column":19}},"5":{"start":{"line":37,"column":8},"end":{"line":49,"column":9}},"6":{"start":{"line":38,"column":26},"end":{"line":38,"column":90}},"7":{"start":{"line":39,"column":31},"end":{"line":39,"column":67}},"8":{"start":{"line":40,"column":25},"end":{"line":40,"column":51}},"9":{"start":{"line":41,"column":12},"end":{"line":45,"column":15}},"10":{"start":{"line":48,"column":12},"end":{"line":48,"column":26}},"11":{"start":{"line":53,"column":8},"end":{"line":68,"column":10}},"12":{"start":{"line":72,"column":15},"end":{"line":114,"column":2}}},"fnMap":{"0":{"name":"(anonymous_0)","decl":{"start":{"line":14,"column":4},"end":{"line":14,"column":5}},"loc":{"start":{"line":14,"column":23},"end":{"line":26,"column":5}},"line":14},"1":{"name":"(anonymous_1)","decl":{"start":{"line":29,"column":20},"end":{"line":29,"column":21}},"loc":{"start":{"line":30,"column":12},"end":{"line":32,"column":19}},"line":30},"2":{"name":"(anonymous_2)","decl":{"start":{"line":36,"column":4},"end":{"line":36,"column":5}},"loc":{"start":{"line":36,"column":30},"end":{"line":50,"column":5}},"line":36},"3":{"name":"(anonymous_3)","decl":{"start":{"line":52,"column":4},"end":{"line":52,"column":5}},"loc":{"start":{"line":52,"column":13},"end":{"line":69,"column":5}},"line":52}},"branchMap":{},"s":{"0":7,"1":7,"2":7,"3":7,"4":0,"5":7,"6":7,"7":7,"8":0,"9":0,"10":0,"11":7,"12":1},"f":{"0":7,"1":0,"2":7,"3":7},"b":{},"_coverageSchema":"332fd63041d2c1bcb487cc26dd0d5f7d97098a6c","hash":"1ccd59bdebd3be65149568c23913e109ecad189c"}
,"/Users/18055865/Documents/Bootcamp/chip2-btpn/Final-Project/wallet-mobile/app/TransactionHistoryScreen/sections/InputFilter.js": {"path":"/Users/18055865/Documents/Bootcamp/chip2-btpn/Final-Project/wallet-mobile/app/TransactionHistoryScreen/sections/InputFilter.js","statementMap":{"0":{"start":{"line":10,"column":4},"end":{"line":10,"column":17}},"1":{"start":{"line":15,"column":4},"end":{"line":40,"column":6}},"2":{"start":{"line":20,"column":27},"end":{"line":20,"column":51}},"3":{"start":{"line":28,"column":35},"end":{"line":28,"column":63}},"4":{"start":{"line":33,"column":35},"end":{"line":33,"column":69}}},"fnMap":{"0":{"name":"(anonymous_0)","decl":{"start":{"line":9,"column":2},"end":{"line":9,"column":3}},"loc":{"start":{"line":9,"column":21},"end":{"line":11,"column":3}},"line":9},"1":{"name":"(anonymous_1)","decl":{"start":{"line":14,"column":2},"end":{"line":14,"column":3}},"loc":{"start":{"line":14,"column":11},"end":{"line":41,"column":3}},"line":14},"2":{"name":"(anonymous_2)","decl":{"start":{"line":20,"column":19},"end":{"line":20,"column":20}},"loc":{"start":{"line":20,"column":25},"end":{"line":20,"column":53}},"line":20},"3":{"name":"(anonymous_3)","decl":{"start":{"line":28,"column":26},"end":{"line":28,"column":27}},"loc":{"start":{"line":28,"column":33},"end":{"line":28,"column":65}},"line":28},"4":{"name":"(anonymous_4)","decl":{"start":{"line":33,"column":26},"end":{"line":33,"column":27}},"loc":{"start":{"line":33,"column":33},"end":{"line":33,"column":71}},"line":33}},"branchMap":{},"s":{"0":5,"1":15,"2":1,"3":1,"4":1},"f":{"0":5,"1":15,"2":1,"3":1,"4":1},"b":{},"_coverageSchema":"332fd63041d2c1bcb487cc26dd0d5f7d97098a6c","hash":"2b46e889a4f5d42668189b15811397f231f52510"}
,"/Users/18055865/Documents/Bootcamp/chip2-btpn/Final-Project/wallet-mobile/app/TransactionHistoryScreen/sections/TransactionHeader.js": {"path":"/Users/18055865/Documents/Bootcamp/chip2-btpn/Final-Project/wallet-mobile/app/TransactionHistoryScreen/sections/TransactionHeader.js","statementMap":{"0":{"start":{"line":8,"column":26},"end":{"line":27,"column":1}},"1":{"start":{"line":9,"column":2},"end":{"line":26,"column":14}},"2":{"start":{"line":18,"column":14},"end":{"line":18,"column":91}},"3":{"start":{"line":28,"column":15},"end":{"line":56,"column":2}}},"fnMap":{"0":{"name":"(anonymous_0)","decl":{"start":{"line":8,"column":26},"end":{"line":8,"column":27}},"loc":{"start":{"line":9,"column":2},"end":{"line":26,"column":14}},"line":9},"1":{"name":"(anonymous_1)","decl":{"start":{"line":17,"column":21},"end":{"line":17,"column":22}},"loc":{"start":{"line":17,"column":27},"end":{"line":19,"column":13}},"line":17}},"branchMap":{},"s":{"0":2,"1":5,"2":1,"3":2},"f":{"0":5,"1":1},"b":{},"_coverageSchema":"332fd63041d2c1bcb487cc26dd0d5f7d97098a6c","hash":"43d25a1a02e128fb671f0fb0aa6a971fa34d550e"}
,"/Users/18055865/Documents/Bootcamp/chip2-btpn/Final-Project/wallet-mobile/app/TransactionHistoryScreen/sections/TransactionHistoryFilter.js": {"path":"/Users/18055865/Documents/Bootcamp/chip2-btpn/Final-Project/wallet-mobile/app/TransactionHistoryScreen/sections/TransactionHistoryFilter.js","statementMap":{"0":{"start":{"line":18,"column":8},"end":{"line":18,"column":21}},"1":{"start":{"line":19,"column":8},"end":{"line":26,"column":9}},"2":{"start":{"line":27,"column":8},"end":{"line":27,"column":36}},"3":{"start":{"line":28,"column":8},"end":{"line":28,"column":35}},"4":{"start":{"line":33,"column":12},"end":{"line":33,"column":91}},"5":{"start":{"line":37,"column":8},"end":{"line":39,"column":11}},"6":{"start":{"line":40,"column":8},"end":{"line":45,"column":9}},"7":{"start":{"line":49,"column":8},"end":{"line":49,"column":46}},"8":{"start":{"line":53,"column":8},"end":{"line":53,"column":33}},"9":{"start":{"line":54,"column":8},"end":{"line":58,"column":9}},"10":{"start":{"line":70,"column":8},"end":{"line":73,"column":9}},"11":{"start":{"line":77,"column":8},"end":{"line":79,"column":10}},"12":{"start":{"line":80,"column":8},"end":{"line":80,"column":33}},"13":{"start":{"line":84,"column":8},"end":{"line":87,"column":9}},"14":{"start":{"line":92,"column":8},"end":{"line":108,"column":9}},"15":{"start":{"line":93,"column":31},"end":{"line":93,"column":59}},"16":{"start":{"line":95,"column":12},"end":{"line":101,"column":13}},"17":{"start":{"line":96,"column":16},"end":{"line":100,"column":19}},"18":{"start":{"line":102,"column":12},"end":{"line":104,"column":15}},"19":{"start":{"line":107,"column":12},"end":{"line":107,"column":26}},"20":{"start":{"line":113,"column":22},"end":{"line":113,"column":86}},"21":{"start":{"line":114,"column":27},"end":{"line":114,"column":73}},"22":{"start":{"line":115,"column":8},"end":{"line":117,"column":9}},"23":{"start":{"line":116,"column":12},"end":{"line":116,"column":112}},"24":{"start":{"line":118,"column":8},"end":{"line":120,"column":9}},"25":{"start":{"line":119,"column":12},"end":{"line":119,"column":114}},"26":{"start":{"line":121,"column":8},"end":{"line":124,"column":9}},"27":{"start":{"line":122,"column":12},"end":{"line":123,"column":32}},"28":{"start":{"line":125,"column":8},"end":{"line":125,"column":28}},"29":{"start":{"line":129,"column":8},"end":{"line":134,"column":9}},"30":{"start":{"line":130,"column":12},"end":{"line":130,"column":48}},"31":{"start":{"line":133,"column":11},"end":{"line":133,"column":50}},"32":{"start":{"line":137,"column":8},"end":{"line":164,"column":10}},"33":{"start":{"line":155,"column":28},"end":{"line":155,"column":52}}},"fnMap":{"0":{"name":"(anonymous_0)","decl":{"start":{"line":17,"column":4},"end":{"line":17,"column":5}},"loc":{"start":{"line":17,"column":23},"end":{"line":29,"column":5}},"line":17},"1":{"name":"(anonymous_1)","decl":{"start":{"line":32,"column":20},"end":{"line":32,"column":21}},"loc":{"start":{"line":33,"column":12},"end":{"line":33,"column":91}},"line":33},"2":{"name":"(anonymous_2)","decl":{"start":{"line":36,"column":17},"end":{"line":36,"column":18}},"loc":{"start":{"line":36,"column":23},"end":{"line":46,"column":5}},"line":36},"3":{"name":"(anonymous_3)","decl":{"start":{"line":48,"column":19},"end":{"line":48,"column":20}},"loc":{"start":{"line":48,"column":25},"end":{"line":50,"column":5}},"line":48},"4":{"name":"(anonymous_4)","decl":{"start":{"line":52,"column":19},"end":{"line":52,"column":20}},"loc":{"start":{"line":52,"column":25},"end":{"line":59,"column":5}},"line":52},"5":{"name":"(anonymous_5)","decl":{"start":{"line":61,"column":20},"end":{"line":61,"column":21}},"loc":{"start":{"line":61,"column":31},"end":{"line":74,"column":5}},"line":61},"6":{"name":"(anonymous_6)","decl":{"start":{"line":76,"column":23},"end":{"line":76,"column":24}},"loc":{"start":{"line":76,"column":29},"end":{"line":81,"column":5}},"line":76},"7":{"name":"(anonymous_7)","decl":{"start":{"line":83,"column":26},"end":{"line":83,"column":27}},"loc":{"start":{"line":83,"column":37},"end":{"line":88,"column":5}},"line":83},"8":{"name":"(anonymous_8)","decl":{"start":{"line":90,"column":4},"end":{"line":90,"column":5}},"loc":{"start":{"line":90,"column":30},"end":{"line":109,"column":5}},"line":90},"9":{"name":"(anonymous_9)","decl":{"start":{"line":112,"column":4},"end":{"line":112,"column":5}},"loc":{"start":{"line":112,"column":22},"end":{"line":126,"column":5}},"line":112},"10":{"name":"(anonymous_10)","decl":{"start":{"line":128,"column":16},"end":{"line":128,"column":17}},"loc":{"start":{"line":128,"column":21},"end":{"line":135,"column":5}},"line":128},"11":{"name":"(anonymous_11)","decl":{"start":{"line":136,"column":4},"end":{"line":136,"column":5}},"loc":{"start":{"line":136,"column":13},"end":{"line":165,"column":5}},"line":136},"12":{"name":"(anonymous_12)","decl":{"start":{"line":154,"column":33},"end":{"line":154,"column":34}},"loc":{"start":{"line":154,"column":39},"end":{"line":156,"column":25}},"line":154}},"branchMap":{"0":{"loc":{"start":{"line":78,"column":18},"end":{"line":78,"column":49}},"type":"cond-expr","locations":[{"start":{"line":78,"column":44},"end":{"line":78,"column":45}},{"start":{"line":78,"column":48},"end":{"line":78,"column":49}}],"line":78},"1":{"loc":{"start":{"line":95,"column":12},"end":{"line":101,"column":13}},"type":"if","locations":[{"start":{"line":95,"column":12},"end":{"line":101,"column":13}},{"start":{"line":95,"column":12},"end":{"line":101,"column":13}}],"line":95},"2":{"loc":{"start":{"line":115,"column":8},"end":{"line":117,"column":9}},"type":"if","locations":[{"start":{"line":115,"column":8},"end":{"line":117,"column":9}},{"start":{"line":115,"column":8},"end":{"line":117,"column":9}}],"line":115},"3":{"loc":{"start":{"line":115,"column":12},"end":{"line":115,"column":69}},"type":"binary-expr","locations":[{"start":{"line":115,"column":12},"end":{"line":115,"column":41}},{"start":{"line":115,"column":45},"end":{"line":115,"column":69}}],"line":115},"4":{"loc":{"start":{"line":118,"column":8},"end":{"line":120,"column":9}},"type":"if","locations":[{"start":{"line":118,"column":8},"end":{"line":120,"column":9}},{"start":{"line":118,"column":8},"end":{"line":120,"column":9}}],"line":118},"5":{"loc":{"start":{"line":118,"column":12},"end":{"line":118,"column":69}},"type":"binary-expr","locations":[{"start":{"line":118,"column":12},"end":{"line":118,"column":41}},{"start":{"line":118,"column":45},"end":{"line":118,"column":69}}],"line":118},"6":{"loc":{"start":{"line":121,"column":8},"end":{"line":124,"column":9}},"type":"if","locations":[{"start":{"line":121,"column":8},"end":{"line":124,"column":9}},{"start":{"line":121,"column":8},"end":{"line":124,"column":9}}],"line":121},"7":{"loc":{"start":{"line":121,"column":12},"end":{"line":121,"column":69}},"type":"binary-expr","locations":[{"start":{"line":121,"column":12},"end":{"line":121,"column":41}},{"start":{"line":121,"column":45},"end":{"line":121,"column":69}}],"line":121},"8":{"loc":{"start":{"line":129,"column":8},"end":{"line":134,"column":9}},"type":"if","locations":[{"start":{"line":129,"column":8},"end":{"line":134,"column":9}},{"start":{"line":129,"column":8},"end":{"line":134,"column":9}}],"line":129}},"s":{"0":12,"1":12,"2":12,"3":12,"4":0,"5":1,"6":1,"7":0,"8":5,"9":5,"10":2,"11":2,"12":2,"13":3,"14":19,"15":19,"16":16,"17":0,"18":10,"19":6,"20":19,"21":19,"22":19,"23":1,"24":19,"25":1,"26":19,"27":0,"28":19,"29":38,"30":6,"31":32,"32":37,"33":0},"f":{"0":12,"1":0,"2":1,"3":0,"4":5,"5":2,"6":2,"7":3,"8":19,"9":19,"10":38,"11":37,"12":0},"b":{"0":[2,0],"1":[0,10],"2":[1,18],"3":[19,1],"4":[1,18],"5":[19,18],"6":[0,19],"7":[19,1],"8":[6,32]},"_coverageSchema":"332fd63041d2c1bcb487cc26dd0d5f7d97098a6c","hash":"e4a5abde4b9e138d4f9c7fe807181cc75de9f1fc"}
,"/Users/18055865/Documents/Bootcamp/chip2-btpn/Final-Project/wallet-mobile/app/TransactionHistoryScreen/sections/TransactionList.js": {"path":"/Users/18055865/Documents/Bootcamp/chip2-btpn/Final-Project/wallet-mobile/app/TransactionHistoryScreen/sections/TransactionList.js","statementMap":{"0":{"start":{"line":10,"column":15},"end":{"line":19,"column":2}},"1":{"start":{"line":22,"column":20},"end":{"line":24,"column":4}},"2":{"start":{"line":25,"column":2},"end":{"line":25,"column":34}},"3":{"start":{"line":29,"column":2},"end":{"line":29,"column":52}},"4":{"start":{"line":34,"column":4},"end":{"line":34,"column":17}},"5":{"start":{"line":38,"column":4},"end":{"line":67,"column":6}},"6":{"start":{"line":41,"column":10},"end":{"line":64,"column":21}}},"fnMap":{"0":{"name":"_currencyFormatter","decl":{"start":{"line":21,"column":9},"end":{"line":21,"column":27}},"loc":{"start":{"line":21,"column":36},"end":{"line":26,"column":1}},"line":21},"1":{"name":"_dateFormatter","decl":{"start":{"line":28,"column":9},"end":{"line":28,"column":23}},"loc":{"start":{"line":28,"column":30},"end":{"line":30,"column":1}},"line":28},"2":{"name":"(anonymous_2)","decl":{"start":{"line":33,"column":2},"end":{"line":33,"column":3}},"loc":{"start":{"line":33,"column":21},"end":{"line":35,"column":3}},"line":33},"3":{"name":"(anonymous_3)","decl":{"start":{"line":37,"column":2},"end":{"line":37,"column":3}},"loc":{"start":{"line":37,"column":11},"end":{"line":68,"column":3}},"line":37},"4":{"name":"(anonymous_4)","decl":{"start":{"line":40,"column":44},"end":{"line":40,"column":45}},"loc":{"start":{"line":41,"column":10},"end":{"line":64,"column":21}},"line":41}},"branchMap":{"0":{"loc":{"start":{"line":53,"column":17},"end":{"line":53,"column":47}},"type":"binary-expr","locations":[{"start":{"line":53,"column":17},"end":{"line":53,"column":40}},{"start":{"line":53,"column":44},"end":{"line":53,"column":47}}],"line":53}},"s":{"0":4,"1":1,"2":1,"3":1,"4":1,"5":1,"6":1},"f":{"0":1,"1":1,"2":1,"3":1,"4":1},"b":{"0":[1,1]},"_coverageSchema":"332fd63041d2c1bcb487cc26dd0d5f7d97098a6c","hash":"96b9332a0c33552afd08b1e18b2dce289134e07e"}
,"/Users/18055865/Documents/Bootcamp/chip2-btpn/Final-Project/wallet-mobile/app/TransactionScreen/sections/TransactionForm.js": {"path":"/Users/18055865/Documents/Bootcamp/chip2-btpn/Final-Project/wallet-mobile/app/TransactionScreen/sections/TransactionForm.js","statementMap":{"0":{"start":{"line":8,"column":24},"end":{"line":36,"column":1}},"1":{"start":{"line":9,"column":4},"end":{"line":35,"column":11}},"2":{"start":{"line":39,"column":0},"end":{"line":45,"column":2}}},"fnMap":{"0":{"name":"(anonymous_0)","decl":{"start":{"line":8,"column":24},"end":{"line":8,"column":25}},"loc":{"start":{"line":9,"column":4},"end":{"line":35,"column":11}},"line":9}},"branchMap":{},"s":{"0":4,"1":9,"2":4},"f":{"0":9},"b":{},"_coverageSchema":"332fd63041d2c1bcb487cc26dd0d5f7d97098a6c","hash":"96f0a2293e6c4ad55cd08c0d9db3ed03ebdb0396"}
,"/Users/18055865/Documents/Bootcamp/chip2-btpn/Final-Project/wallet-mobile/app/TransactionScreen/views/TransactionContainer.js": {"path":"/Users/18055865/Documents/Bootcamp/chip2-btpn/Final-Project/wallet-mobile/app/TransactionScreen/views/TransactionContainer.js","statementMap":{"0":{"start":{"line":15,"column":8},"end":{"line":15,"column":21}},"1":{"start":{"line":16,"column":8},"end":{"line":26,"column":9}},"2":{"start":{"line":27,"column":8},"end":{"line":27,"column":47}},"3":{"start":{"line":28,"column":8},"end":{"line":28,"column":36}},"4":{"start":{"line":29,"column":8},"end":{"line":29,"column":35}},"5":{"start":{"line":30,"column":8},"end":{"line":30,"column":88}},"6":{"start":{"line":31,"column":8},"end":{"line":31,"column":26}},"7":{"start":{"line":37,"column":12},"end":{"line":37,"column":78}},"8":{"start":{"line":42,"column":8},"end":{"line":60,"column":10}},"9":{"start":{"line":65,"column":8},"end":{"line":65,"column":60}},"10":{"start":{"line":69,"column":23},"end":{"line":69,"column":52}},"11":{"start":{"line":70,"column":8},"end":{"line":70,"column":49}},"12":{"start":{"line":71,"column":8},"end":{"line":73,"column":9}},"13":{"start":{"line":72,"column":12},"end":{"line":72,"column":54}},"14":{"start":{"line":74,"column":8},"end":{"line":74,"column":42}},"15":{"start":{"line":79,"column":8},"end":{"line":79,"column":50}},"16":{"start":{"line":83,"column":8},"end":{"line":99,"column":9}},"17":{"start":{"line":84,"column":27},"end":{"line":84,"column":58}},"18":{"start":{"line":85,"column":12},"end":{"line":90,"column":14}},"19":{"start":{"line":93,"column":12},"end":{"line":98,"column":15}},"20":{"start":{"line":105,"column":26},"end":{"line":110,"column":9}},"21":{"start":{"line":112,"column":8},"end":{"line":130,"column":15}},"22":{"start":{"line":114,"column":16},"end":{"line":119,"column":48}},"23":{"start":{"line":120,"column":16},"end":{"line":120,"column":54}},"24":{"start":{"line":123,"column":16},"end":{"line":128,"column":19}},"25":{"start":{"line":129,"column":16},"end":{"line":129,"column":62}},"26":{"start":{"line":133,"column":0},"end":{"line":136,"column":1}},"27":{"start":{"line":139,"column":15},"end":{"line":155,"column":2}}},"fnMap":{"0":{"name":"(anonymous_0)","decl":{"start":{"line":14,"column":4},"end":{"line":14,"column":5}},"loc":{"start":{"line":14,"column":23},"end":{"line":33,"column":5}},"line":14},"1":{"name":"(anonymous_1)","decl":{"start":{"line":36,"column":20},"end":{"line":36,"column":21}},"loc":{"start":{"line":37,"column":12},"end":{"line":37,"column":78}},"line":37},"2":{"name":"(anonymous_2)","decl":{"start":{"line":41,"column":4},"end":{"line":41,"column":5}},"loc":{"start":{"line":41,"column":13},"end":{"line":61,"column":5}},"line":41},"3":{"name":"(anonymous_3)","decl":{"start":{"line":63,"column":20},"end":{"line":63,"column":21}},"loc":{"start":{"line":63,"column":32},"end":{"line":66,"column":5}},"line":63},"4":{"name":"(anonymous_4)","decl":{"start":{"line":68,"column":25},"end":{"line":68,"column":26}},"loc":{"start":{"line":68,"column":37},"end":{"line":76,"column":5}},"line":68},"5":{"name":"(anonymous_5)","decl":{"start":{"line":78,"column":30},"end":{"line":78,"column":31}},"loc":{"start":{"line":78,"column":47},"end":{"line":80,"column":5}},"line":78},"6":{"name":"(anonymous_6)","decl":{"start":{"line":82,"column":17},"end":{"line":82,"column":18}},"loc":{"start":{"line":82,"column":29},"end":{"line":101,"column":5}},"line":82},"7":{"name":"(anonymous_7)","decl":{"start":{"line":103,"column":19},"end":{"line":103,"column":20}},"loc":{"start":{"line":103,"column":25},"end":{"line":131,"column":5}},"line":103},"8":{"name":"(anonymous_8)","decl":{"start":{"line":113,"column":18},"end":{"line":113,"column":19}},"loc":{"start":{"line":113,"column":24},"end":{"line":121,"column":13}},"line":113},"9":{"name":"(anonymous_9)","decl":{"start":{"line":122,"column":19},"end":{"line":122,"column":20}},"loc":{"start":{"line":122,"column":30},"end":{"line":130,"column":13}},"line":122}},"branchMap":{"0":{"loc":{"start":{"line":71,"column":8},"end":{"line":73,"column":9}},"type":"if","locations":[{"start":{"line":71,"column":8},"end":{"line":73,"column":9}},{"start":{"line":71,"column":8},"end":{"line":73,"column":9}}],"line":71}},"s":{"0":8,"1":8,"2":8,"3":8,"4":8,"5":8,"6":8,"7":0,"8":11,"9":1,"10":1,"11":1,"12":1,"13":0,"14":1,"15":1,"16":8,"17":8,"18":3,"19":4,"20":1,"21":1,"22":1,"23":1,"24":1,"25":1,"26":3,"27":3},"f":{"0":8,"1":0,"2":11,"3":1,"4":1,"5":1,"6":8,"7":1,"8":1,"9":1},"b":{"0":[0,1]},"_coverageSchema":"332fd63041d2c1bcb487cc26dd0d5f7d97098a6c","hash":"c8be43f43d90b80a90faf8f4df71aece7c4e51e7"}
,"/Users/18055865/Documents/Bootcamp/chip2-btpn/Final-Project/wallet-mobile/app/TransferScreen/sections/TransferForm.js": {"path":"/Users/18055865/Documents/Bootcamp/chip2-btpn/Final-Project/wallet-mobile/app/TransferScreen/sections/TransferForm.js","statementMap":{"0":{"start":{"line":8,"column":24},"end":{"line":46,"column":1}},"1":{"start":{"line":9,"column":2},"end":{"line":45,"column":9}},"2":{"start":{"line":49,"column":0},"end":{"line":56,"column":2}}},"fnMap":{"0":{"name":"(anonymous_0)","decl":{"start":{"line":8,"column":24},"end":{"line":8,"column":25}},"loc":{"start":{"line":9,"column":2},"end":{"line":45,"column":9}},"line":9}},"branchMap":{},"s":{"0":2,"1":16,"2":2},"f":{"0":16},"b":{},"_coverageSchema":"332fd63041d2c1bcb487cc26dd0d5f7d97098a6c","hash":"68892f18a5156e5623fdc1ec6fd6623e4b5ad664"}
,"/Users/18055865/Documents/Bootcamp/chip2-btpn/Final-Project/wallet-mobile/app/config/Base.js": {"path":"/Users/18055865/Documents/Bootcamp/chip2-btpn/Final-Project/wallet-mobile/app/config/Base.js","statementMap":{"0":{"start":{"line":1,"column":14},"end":{"line":67,"column":1}},"1":{"start":{"line":69,"column":0},"end":{"line":69,"column":23}}},"fnMap":{},"branchMap":{},"s":{"0":11,"1":11},"f":{},"b":{},"_coverageSchema":"332fd63041d2c1bcb487cc26dd0d5f7d97098a6c","hash":"4c8915badfe7ef1203b0d177cde3d37ea17057f6"}
,"/Users/18055865/Documents/Bootcamp/chip2-btpn/Final-Project/wallet-mobile/app/config/Constant.js": {"path":"/Users/18055865/Documents/Bootcamp/chip2-btpn/Final-Project/wallet-mobile/app/config/Constant.js","statementMap":{"0":{"start":{"line":1,"column":17},"end":{"line":1,"column":41}},"1":{"start":{"line":3,"column":15},"end":{"line":20,"column":1}},"2":{"start":{"line":22,"column":0},"end":{"line":22,"column":24}}},"fnMap":{},"branchMap":{},"s":{"0":9,"1":9,"2":9},"f":{},"b":{},"_coverageSchema":"332fd63041d2c1bcb487cc26dd0d5f7d97098a6c","hash":"3d528c143fc5a5a1d0224826a4bd3b0269419503"}
,"/Users/18055865/Documents/Bootcamp/chip2-btpn/Final-Project/wallet-mobile/app/resources/images/balance-icon.png": {"path":"/Users/18055865/Documents/Bootcamp/chip2-btpn/Final-Project/wallet-mobile/app/resources/images/balance-icon.png","statementMap":{"0":{"start":{"line":1,"column":0},"end":{"line":1,"column":19}}},"fnMap":{},"branchMap":{},"s":{"0":9},"f":{},"b":{},"_coverageSchema":"332fd63041d2c1bcb487cc26dd0d5f7d97098a6c","hash":"a58b42b1082a0e42e95599d59950f944b986fbcb"}
,"/Users/18055865/Documents/Bootcamp/chip2-btpn/Final-Project/wallet-mobile/app/resources/images/credit.png": {"path":"/Users/18055865/Documents/Bootcamp/chip2-btpn/Final-Project/wallet-mobile/app/resources/images/credit.png","statementMap":{"0":{"start":{"line":1,"column":0},"end":{"line":1,"column":19}}},"fnMap":{},"branchMap":{},"s":{"0":9},"f":{},"b":{},"_coverageSchema":"332fd63041d2c1bcb487cc26dd0d5f7d97098a6c","hash":"ad31351eea80f9c3383cd4f3e29ddfdd46613172"}
,"/Users/18055865/Documents/Bootcamp/chip2-btpn/Final-Project/wallet-mobile/app/resources/images/debit.png": {"path":"/Users/18055865/Documents/Bootcamp/chip2-btpn/Final-Project/wallet-mobile/app/resources/images/debit.png","statementMap":{"0":{"start":{"line":1,"column":0},"end":{"line":1,"column":19}}},"fnMap":{},"branchMap":{},"s":{"0":9},"f":{},"b":{},"_coverageSchema":"332fd63041d2c1bcb487cc26dd0d5f7d97098a6c","hash":"163e733018669121a445f4246443d0748bdcd70b"}
,"/Users/18055865/Documents/Bootcamp/chip2-btpn/Final-Project/wallet-mobile/app/resources/images/home-icon.png": {"path":"/Users/18055865/Documents/Bootcamp/chip2-btpn/Final-Project/wallet-mobile/app/resources/images/home-icon.png","statementMap":{"0":{"start":{"line":1,"column":0},"end":{"line":1,"column":19}}},"fnMap":{},"branchMap":{},"s":{"0":9},"f":{},"b":{},"_coverageSchema":"332fd63041d2c1bcb487cc26dd0d5f7d97098a6c","hash":"9d002b898e224f429f3b46fc8419393bb7130647"}
,"/Users/18055865/Documents/Bootcamp/chip2-btpn/Final-Project/wallet-mobile/app/resources/images/sort-icon.png": {"path":"/Users/18055865/Documents/Bootcamp/chip2-btpn/Final-Project/wallet-mobile/app/resources/images/sort-icon.png","statementMap":{"0":{"start":{"line":1,"column":0},"end":{"line":1,"column":19}}},"fnMap":{},"branchMap":{},"s":{"0":9},"f":{},"b":{},"_coverageSchema":"332fd63041d2c1bcb487cc26dd0d5f7d97098a6c","hash":"ef6b5a221a53f9f6be4807c40d80ea8b683ef0f2"}
,"/Users/18055865/Documents/Bootcamp/chip2-btpn/Final-Project/wallet-mobile/app/resources/images/topup-icon.png": {"path":"/Users/18055865/Documents/Bootcamp/chip2-btpn/Final-Project/wallet-mobile/app/resources/images/topup-icon.png","statementMap":{"0":{"start":{"line":1,"column":0},"end":{"line":1,"column":19}}},"fnMap":{},"branchMap":{},"s":{"0":9},"f":{},"b":{},"_coverageSchema":"332fd63041d2c1bcb487cc26dd0d5f7d97098a6c","hash":"f8da04ff385899d63fd6897997885a9107b87b0b"}
,"/Users/18055865/Documents/Bootcamp/chip2-btpn/Final-Project/wallet-mobile/app/resources/images/transaction-history.png": {"path":"/Users/18055865/Documents/Bootcamp/chip2-btpn/Final-Project/wallet-mobile/app/resources/images/transaction-history.png","statementMap":{"0":{"start":{"line":1,"column":0},"end":{"line":1,"column":19}}},"fnMap":{},"branchMap":{},"s":{"0":9},"f":{},"b":{},"_coverageSchema":"332fd63041d2c1bcb487cc26dd0d5f7d97098a6c","hash":"841e52e607c0a1881530bc140df738a3284fa35c"}
,"/Users/18055865/Documents/Bootcamp/chip2-btpn/Final-Project/wallet-mobile/app/resources/images/transfer-icon.png": {"path":"/Users/18055865/Documents/Bootcamp/chip2-btpn/Final-Project/wallet-mobile/app/resources/images/transfer-icon.png","statementMap":{"0":{"start":{"line":1,"column":0},"end":{"line":1,"column":19}}},"fnMap":{},"branchMap":{},"s":{"0":9},"f":{},"b":{},"_coverageSchema":"332fd63041d2c1bcb487cc26dd0d5f7d97098a6c","hash":"c23dedc2e45784f05beef6fdad6aa4f8154cf045"}
,"/Users/18055865/Documents/Bootcamp/chip2-btpn/Final-Project/wallet-mobile/app/resources/images/withdraw-icon.png": {"path":"/Users/18055865/Documents/Bootcamp/chip2-btpn/Final-Project/wallet-mobile/app/resources/images/withdraw-icon.png","statementMap":{"0":{"start":{"line":1,"column":0},"end":{"line":1,"column":19}}},"fnMap":{},"branchMap":{},"s":{"0":9},"f":{},"b":{},"_coverageSchema":"332fd63041d2c1bcb487cc26dd0d5f7d97098a6c","hash":"93e6dda9cd1b1891998518da4b9404d57b1edf02"}
,"/Users/18055865/Documents/Bootcamp/chip2-btpn/Final-Project/wallet-mobile/app/resources/images/zoomba-logo.png": {"path":"/Users/18055865/Documents/Bootcamp/chip2-btpn/Final-Project/wallet-mobile/app/resources/images/zoomba-logo.png","statementMap":{"0":{"start":{"line":1,"column":0},"end":{"line":1,"column":19}}},"fnMap":{},"branchMap":{},"s":{"0":9},"f":{},"b":{},"_coverageSchema":"332fd63041d2c1bcb487cc26dd0d5f7d97098a6c","hash":"5547ec5635afd2cf96f54f0ae4f82c63eac11f31"}
,"/Users/18055865/Documents/Bootcamp/chip2-btpn/Final-Project/wallet-mobile/app/routes/AppHeader.js": {"path":"/Users/18055865/Documents/Bootcamp/chip2-btpn/Final-Project/wallet-mobile/app/routes/AppHeader.js","statementMap":{"0":{"start":{"line":5,"column":18},"end":{"line":16,"column":1}},"1":{"start":{"line":6,"column":4},"end":{"line":13,"column":11}},"2":{"start":{"line":10,"column":72},"end":{"line":10,"column":106}}},"fnMap":{"0":{"name":"(anonymous_0)","decl":{"start":{"line":5,"column":18},"end":{"line":5,"column":19}},"loc":{"start":{"line":6,"column":4},"end":{"line":13,"column":11}},"line":6},"1":{"name":"(anonymous_1)","decl":{"start":{"line":10,"column":66},"end":{"line":10,"column":67}},"loc":{"start":{"line":10,"column":72},"end":{"line":10,"column":106}},"line":10}},"branchMap":{},"s":{"0":3,"1":4,"2":0},"f":{"0":4,"1":0},"b":{},"_coverageSchema":"332fd63041d2c1bcb487cc26dd0d5f7d97098a6c","hash":"48ff367fdf6e1a27ca4f3de1953e1e110df3ac56"}
}
