{"/Users/18055865/Documents/Bootcamp/chip2-btpn/Final-Project/wallet-mobile/app/HomeScreen/sections/AccountId.js": {"path":"/Users/18055865/Documents/Bootcamp/chip2-btpn/Final-Project/wallet-mobile/app/HomeScreen/sections/AccountId.js","statementMap":{"0":{"start":{"line":7,"column":18},"end":{"line":25,"column":1}},"1":{"start":{"line":8,"column":24},"end":{"line":8,"column":28}},"2":{"start":{"line":9,"column":2},"end":{"line":24,"column":4}},"3":{"start":{"line":29,"column":0},"end":{"line":31,"column":2}}},"fnMap":{"0":{"name":"(anonymous_0)","decl":{"start":{"line":7,"column":18},"end":{"line":7,"column":19}},"loc":{"start":{"line":7,"column":32},"end":{"line":25,"column":1}},"line":7}},"branchMap":{},"s":{"0":1,"1":1,"2":1,"3":1},"f":{"0":1},"b":{},"_coverageSchema":"332fd63041d2c1bcb487cc26dd0d5f7d97098a6c","hash":"cec70d3534a4fb9dda6ab1bc64084e6a45d97c14"}
,"/Users/18055865/Documents/Bootcamp/chip2-btpn/Final-Project/wallet-mobile/app/HomeScreen/sections/Balance.js": {"path":"/Users/18055865/Documents/Bootcamp/chip2-btpn/Final-Project/wallet-mobile/app/HomeScreen/sections/Balance.js","statementMap":{"0":{"start":{"line":10,"column":15},"end":{"line":18,"column":2}},"1":{"start":{"line":21,"column":22},"end":{"line":23,"column":6}},"2":{"start":{"line":24,"column":4},"end":{"line":24,"column":37}},"3":{"start":{"line":27,"column":16},"end":{"line":46,"column":1}},"4":{"start":{"line":28,"column":31},"end":{"line":28,"column":41}},"5":{"start":{"line":29,"column":4},"end":{"line":45,"column":6}},"6":{"start":{"line":50,"column":0},"end":{"line":53,"column":2}}},"fnMap":{"0":{"name":"currencyFormatter","decl":{"start":{"line":20,"column":9},"end":{"line":20,"column":26}},"loc":{"start":{"line":20,"column":36},"end":{"line":25,"column":1}},"line":20},"1":{"name":"(anonymous_1)","decl":{"start":{"line":27,"column":16},"end":{"line":27,"column":17}},"loc":{"start":{"line":27,"column":27},"end":{"line":46,"column":1}},"line":27}},"branchMap":{},"s":{"0":6,"1":2,"2":2,"3":6,"4":2,"5":2,"6":6},"f":{"0":2,"1":2},"b":{},"_coverageSchema":"332fd63041d2c1bcb487cc26dd0d5f7d97098a6c","hash":"35e92afaea66d4bfe38beef7082ac7d05d1f223b"}
,"/Users/18055865/Documents/Bootcamp/chip2-btpn/Final-Project/wallet-mobile/app/HomeScreen/sections/Username.js": {"path":"/Users/18055865/Documents/Bootcamp/chip2-btpn/Final-Project/wallet-mobile/app/HomeScreen/sections/Username.js","statementMap":{"0":{"start":{"line":6,"column":17},"end":{"line":23,"column":1}},"1":{"start":{"line":7,"column":4},"end":{"line":22,"column":11}},"2":{"start":{"line":25,"column":0},"end":{"line":27,"column":2}}},"fnMap":{"0":{"name":"(anonymous_0)","decl":{"start":{"line":6,"column":17},"end":{"line":6,"column":18}},"loc":{"start":{"line":7,"column":4},"end":{"line":22,"column":11}},"line":7}},"branchMap":{},"s":{"0":2,"1":1,"2":2},"f":{"0":1},"b":{},"_coverageSchema":"332fd63041d2c1bcb487cc26dd0d5f7d97098a6c","hash":"1d76c9c0667af359eeff2c555e3e79dc73c17370"}
,"/Users/18055865/Documents/Bootcamp/chip2-btpn/Final-Project/wallet-mobile/app/HomeScreen/views/AccountService.js": {"path":"/Users/18055865/Documents/Bootcamp/chip2-btpn/Final-Project/wallet-mobile/app/HomeScreen/views/AccountService.js","statementMap":{"0":{"start":{"line":6,"column":4},"end":{"line":6,"column":33}},"1":{"start":{"line":7,"column":4},"end":{"line":7,"column":31}},"2":{"start":{"line":8,"column":4},"end":{"line":8,"column":27}},"3":{"start":{"line":12,"column":22},"end":{"line":12,"column":36}},"4":{"start":{"line":13,"column":23},"end":{"line":13,"column":38}},"5":{"start":{"line":14,"column":20},"end":{"line":14,"column":32}},"6":{"start":{"line":15,"column":23},"end":{"line":15,"column":81}},"7":{"start":{"line":16,"column":4},"end":{"line":22,"column":5}},"8":{"start":{"line":17,"column":21},"end":{"line":17,"column":62}},"9":{"start":{"line":18,"column":6},"end":{"line":18,"column":33}},"10":{"start":{"line":19,"column":6},"end":{"line":19,"column":20}},"11":{"start":{"line":21,"column":6},"end":{"line":21,"column":18}},"12":{"start":{"line":26,"column":4},"end":{"line":26,"column":26}},"13":{"start":{"line":31,"column":22},"end":{"line":31,"column":36}},"14":{"start":{"line":32,"column":20},"end":{"line":32,"column":32}},"15":{"start":{"line":33,"column":31},"end":{"line":33,"column":133}},"16":{"start":{"line":34,"column":4},"end":{"line":56,"column":8}},"17":{"start":{"line":34,"column":59},"end":{"line":56,"column":5}},"18":{"start":{"line":38,"column":10},"end":{"line":40,"column":11}},"19":{"start":{"line":39,"column":12},"end":{"line":39,"column":35}},"20":{"start":{"line":42,"column":10},"end":{"line":44,"column":11}},"21":{"start":{"line":43,"column":12},"end":{"line":43,"column":34}},"22":{"start":{"line":47,"column":8},"end":{"line":54,"column":10}},"23":{"start":{"line":61,"column":22},"end":{"line":61,"column":36}},"24":{"start":{"line":62,"column":20},"end":{"line":62,"column":32}},"25":{"start":{"line":63,"column":29},"end":{"line":63,"column":137}},"26":{"start":{"line":64,"column":4},"end":{"line":66,"column":5}},"27":{"start":{"line":65,"column":6},"end":{"line":65,"column":129}},"28":{"start":{"line":67,"column":4},"end":{"line":89,"column":8}},"29":{"start":{"line":67,"column":59},"end":{"line":89,"column":5}},"30":{"start":{"line":71,"column":10},"end":{"line":73,"column":11}},"31":{"start":{"line":72,"column":12},"end":{"line":72,"column":28}},"32":{"start":{"line":75,"column":10},"end":{"line":77,"column":11}},"33":{"start":{"line":76,"column":12},"end":{"line":76,"column":27}},"34":{"start":{"line":80,"column":8},"end":{"line":87,"column":10}},"35":{"start":{"line":93,"column":22},"end":{"line":93,"column":36}},"36":{"start":{"line":94,"column":20},"end":{"line":94,"column":32}},"37":{"start":{"line":95,"column":31},"end":{"line":95,"column":133}},"38":{"start":{"line":96,"column":4},"end":{"line":118,"column":8}},"39":{"start":{"line":96,"column":59},"end":{"line":118,"column":5}},"40":{"start":{"line":100,"column":10},"end":{"line":102,"column":11}},"41":{"start":{"line":101,"column":12},"end":{"line":101,"column":28}},"42":{"start":{"line":104,"column":10},"end":{"line":106,"column":11}},"43":{"start":{"line":105,"column":12},"end":{"line":105,"column":27}},"44":{"start":{"line":109,"column":8},"end":{"line":116,"column":10}},"45":{"start":{"line":123,"column":22},"end":{"line":123,"column":36}},"46":{"start":{"line":124,"column":20},"end":{"line":124,"column":32}},"47":{"start":{"line":125,"column":31},"end":{"line":126,"column":77}},"48":{"start":{"line":127,"column":4},"end":{"line":149,"column":8}},"49":{"start":{"line":127,"column":59},"end":{"line":149,"column":5}},"50":{"start":{"line":131,"column":10},"end":{"line":133,"column":11}},"51":{"start":{"line":132,"column":12},"end":{"line":132,"column":28}},"52":{"start":{"line":135,"column":10},"end":{"line":137,"column":11}},"53":{"start":{"line":136,"column":12},"end":{"line":136,"column":27}},"54":{"start":{"line":140,"column":8},"end":{"line":147,"column":10}},"55":{"start":{"line":153,"column":22},"end":{"line":153,"column":36}},"56":{"start":{"line":154,"column":20},"end":{"line":154,"column":32}},"57":{"start":{"line":155,"column":31},"end":{"line":156,"column":84}},"58":{"start":{"line":157,"column":4},"end":{"line":179,"column":8}},"59":{"start":{"line":157,"column":59},"end":{"line":179,"column":5}},"60":{"start":{"line":161,"column":10},"end":{"line":163,"column":11}},"61":{"start":{"line":162,"column":12},"end":{"line":162,"column":28}},"62":{"start":{"line":165,"column":10},"end":{"line":167,"column":11}},"63":{"start":{"line":166,"column":12},"end":{"line":166,"column":27}},"64":{"start":{"line":170,"column":8},"end":{"line":177,"column":10}},"65":{"start":{"line":183,"column":22},"end":{"line":183,"column":36}},"66":{"start":{"line":184,"column":20},"end":{"line":184,"column":32}},"67":{"start":{"line":185,"column":31},"end":{"line":186,"column":71}},"68":{"start":{"line":187,"column":4},"end":{"line":209,"column":8}},"69":{"start":{"line":187,"column":59},"end":{"line":209,"column":5}},"70":{"start":{"line":191,"column":10},"end":{"line":193,"column":11}},"71":{"start":{"line":192,"column":12},"end":{"line":192,"column":28}},"72":{"start":{"line":195,"column":10},"end":{"line":197,"column":11}},"73":{"start":{"line":196,"column":12},"end":{"line":196,"column":27}},"74":{"start":{"line":200,"column":8},"end":{"line":207,"column":10}},"75":{"start":{"line":213,"column":22},"end":{"line":213,"column":36}},"76":{"start":{"line":214,"column":20},"end":{"line":214,"column":32}},"77":{"start":{"line":215,"column":31},"end":{"line":216,"column":57}},"78":{"start":{"line":217,"column":4},"end":{"line":239,"column":8}},"79":{"start":{"line":217,"column":59},"end":{"line":239,"column":5}},"80":{"start":{"line":221,"column":10},"end":{"line":223,"column":11}},"81":{"start":{"line":222,"column":12},"end":{"line":222,"column":28}},"82":{"start":{"line":225,"column":10},"end":{"line":227,"column":11}},"83":{"start":{"line":226,"column":12},"end":{"line":226,"column":27}},"84":{"start":{"line":230,"column":8},"end":{"line":237,"column":10}},"85":{"start":{"line":244,"column":22},"end":{"line":244,"column":36}},"86":{"start":{"line":246,"column":20},"end":{"line":248,"column":5}},"87":{"start":{"line":250,"column":31},"end":{"line":255,"column":5}},"88":{"start":{"line":251,"column":6},"end":{"line":253,"column":7}},"89":{"start":{"line":252,"column":8},"end":{"line":252,"column":25}},"90":{"start":{"line":254,"column":6},"end":{"line":254,"column":16}},"91":{"start":{"line":257,"column":31},"end":{"line":268,"column":5}},"92":{"start":{"line":269,"column":31},"end":{"line":269,"column":61}},"93":{"start":{"line":270,"column":4},"end":{"line":290,"column":7}},"94":{"start":{"line":270,"column":93},"end":{"line":273,"column":5}},"95":{"start":{"line":276,"column":6},"end":{"line":278,"column":7}},"96":{"start":{"line":277,"column":8},"end":{"line":277,"column":48}},"97":{"start":{"line":280,"column":6},"end":{"line":282,"column":7}},"98":{"start":{"line":281,"column":8},"end":{"line":281,"column":65}},"99":{"start":{"line":284,"column":28},"end":{"line":287,"column":7}},"100":{"start":{"line":289,"column":6},"end":{"line":289,"column":26}},"101":{"start":{"line":294,"column":20},"end":{"line":294,"column":47}},"102":{"start":{"line":296,"column":20},"end":{"line":298,"column":5}},"103":{"start":{"line":300,"column":28},"end":{"line":314,"column":5}},"104":{"start":{"line":316,"column":31},"end":{"line":316,"column":61}},"105":{"start":{"line":317,"column":4},"end":{"line":337,"column":7}},"106":{"start":{"line":317,"column":90},"end":{"line":320,"column":5}},"107":{"start":{"line":323,"column":6},"end":{"line":325,"column":7}},"108":{"start":{"line":324,"column":8},"end":{"line":324,"column":48}},"109":{"start":{"line":327,"column":6},"end":{"line":329,"column":7}},"110":{"start":{"line":328,"column":8},"end":{"line":328,"column":65}},"111":{"start":{"line":331,"column":28},"end":{"line":334,"column":7}},"112":{"start":{"line":336,"column":6},"end":{"line":336,"column":26}}},"fnMap":{"0":{"name":"(anonymous_0)","decl":{"start":{"line":5,"column":2},"end":{"line":5,"column":3}},"loc":{"start":{"line":5,"column":46},"end":{"line":9,"column":3}},"line":5},"1":{"name":"(anonymous_1)","decl":{"start":{"line":11,"column":2},"end":{"line":11,"column":3}},"loc":{"start":{"line":11,"column":21},"end":{"line":23,"column":3}},"line":11},"2":{"name":"(anonymous_2)","decl":{"start":{"line":25,"column":2},"end":{"line":25,"column":3}},"loc":{"start":{"line":25,"column":23},"end":{"line":27,"column":3}},"line":25},"3":{"name":"(anonymous_3)","decl":{"start":{"line":30,"column":2},"end":{"line":30,"column":3}},"loc":{"start":{"line":30,"column":23},"end":{"line":57,"column":3}},"line":30},"4":{"name":"(anonymous_4)","decl":{"start":{"line":34,"column":46},"end":{"line":34,"column":47}},"loc":{"start":{"line":34,"column":59},"end":{"line":56,"column":5}},"line":34},"5":{"name":"(anonymous_5)","decl":{"start":{"line":36,"column":30},"end":{"line":36,"column":31}},"loc":{"start":{"line":36,"column":40},"end":{"line":55,"column":7}},"line":36},"6":{"name":"getTransactionType","decl":{"start":{"line":37,"column":17},"end":{"line":37,"column":35}},"loc":{"start":{"line":37,"column":42},"end":{"line":45,"column":9}},"line":37},"7":{"name":"(anonymous_7)","decl":{"start":{"line":60,"column":2},"end":{"line":60,"column":3}},"loc":{"start":{"line":60,"column":30},"end":{"line":90,"column":3}},"line":60},"8":{"name":"(anonymous_8)","decl":{"start":{"line":67,"column":46},"end":{"line":67,"column":47}},"loc":{"start":{"line":67,"column":59},"end":{"line":89,"column":5}},"line":67},"9":{"name":"(anonymous_9)","decl":{"start":{"line":69,"column":30},"end":{"line":69,"column":31}},"loc":{"start":{"line":69,"column":40},"end":{"line":88,"column":7}},"line":69},"10":{"name":"getTransactionType","decl":{"start":{"line":70,"column":17},"end":{"line":70,"column":35}},"loc":{"start":{"line":70,"column":42},"end":{"line":78,"column":9}},"line":70},"11":{"name":"(anonymous_11)","decl":{"start":{"line":92,"column":2},"end":{"line":92,"column":3}},"loc":{"start":{"line":92,"column":25},"end":{"line":119,"column":3}},"line":92},"12":{"name":"(anonymous_12)","decl":{"start":{"line":96,"column":46},"end":{"line":96,"column":47}},"loc":{"start":{"line":96,"column":59},"end":{"line":118,"column":5}},"line":96},"13":{"name":"(anonymous_13)","decl":{"start":{"line":98,"column":30},"end":{"line":98,"column":31}},"loc":{"start":{"line":98,"column":40},"end":{"line":117,"column":7}},"line":98},"14":{"name":"getTransactionType","decl":{"start":{"line":99,"column":17},"end":{"line":99,"column":35}},"loc":{"start":{"line":99,"column":42},"end":{"line":107,"column":9}},"line":99},"15":{"name":"(anonymous_15)","decl":{"start":{"line":122,"column":2},"end":{"line":122,"column":3}},"loc":{"start":{"line":122,"column":58},"end":{"line":150,"column":3}},"line":122},"16":{"name":"(anonymous_16)","decl":{"start":{"line":127,"column":46},"end":{"line":127,"column":47}},"loc":{"start":{"line":127,"column":59},"end":{"line":149,"column":5}},"line":127},"17":{"name":"(anonymous_17)","decl":{"start":{"line":129,"column":30},"end":{"line":129,"column":31}},"loc":{"start":{"line":129,"column":40},"end":{"line":148,"column":7}},"line":129},"18":{"name":"getTransactionType","decl":{"start":{"line":130,"column":17},"end":{"line":130,"column":35}},"loc":{"start":{"line":130,"column":42},"end":{"line":138,"column":9}},"line":130},"19":{"name":"(anonymous_19)","decl":{"start":{"line":152,"column":2},"end":{"line":152,"column":3}},"loc":{"start":{"line":152,"column":48},"end":{"line":180,"column":3}},"line":152},"20":{"name":"(anonymous_20)","decl":{"start":{"line":157,"column":46},"end":{"line":157,"column":47}},"loc":{"start":{"line":157,"column":59},"end":{"line":179,"column":5}},"line":157},"21":{"name":"(anonymous_21)","decl":{"start":{"line":159,"column":30},"end":{"line":159,"column":31}},"loc":{"start":{"line":159,"column":40},"end":{"line":178,"column":7}},"line":159},"22":{"name":"getTransactionType","decl":{"start":{"line":160,"column":17},"end":{"line":160,"column":35}},"loc":{"start":{"line":160,"column":42},"end":{"line":168,"column":9}},"line":160},"23":{"name":"(anonymous_23)","decl":{"start":{"line":182,"column":2},"end":{"line":182,"column":3}},"loc":{"start":{"line":182,"column":69},"end":{"line":210,"column":3}},"line":182},"24":{"name":"(anonymous_24)","decl":{"start":{"line":187,"column":46},"end":{"line":187,"column":47}},"loc":{"start":{"line":187,"column":59},"end":{"line":209,"column":5}},"line":187},"25":{"name":"(anonymous_25)","decl":{"start":{"line":189,"column":30},"end":{"line":189,"column":31}},"loc":{"start":{"line":189,"column":40},"end":{"line":208,"column":7}},"line":189},"26":{"name":"getTransactionType","decl":{"start":{"line":190,"column":17},"end":{"line":190,"column":35}},"loc":{"start":{"line":190,"column":42},"end":{"line":198,"column":9}},"line":190},"27":{"name":"(anonymous_27)","decl":{"start":{"line":212,"column":2},"end":{"line":212,"column":3}},"loc":{"start":{"line":212,"column":26},"end":{"line":240,"column":3}},"line":212},"28":{"name":"(anonymous_28)","decl":{"start":{"line":217,"column":46},"end":{"line":217,"column":47}},"loc":{"start":{"line":217,"column":59},"end":{"line":239,"column":5}},"line":217},"29":{"name":"(anonymous_29)","decl":{"start":{"line":219,"column":30},"end":{"line":219,"column":31}},"loc":{"start":{"line":219,"column":40},"end":{"line":238,"column":7}},"line":219},"30":{"name":"getTransactionType","decl":{"start":{"line":220,"column":17},"end":{"line":220,"column":35}},"loc":{"start":{"line":220,"column":42},"end":{"line":228,"column":9}},"line":220},"31":{"name":"(anonymous_31)","decl":{"start":{"line":243,"column":2},"end":{"line":243,"column":3}},"loc":{"start":{"line":243,"column":31},"end":{"line":291,"column":3}},"line":243},"32":{"name":"(anonymous_32)","decl":{"start":{"line":250,"column":31},"end":{"line":250,"column":32}},"loc":{"start":{"line":250,"column":64},"end":{"line":255,"column":5}},"line":250},"33":{"name":"(anonymous_33)","decl":{"start":{"line":270,"column":80},"end":{"line":270,"column":81}},"loc":{"start":{"line":270,"column":93},"end":{"line":273,"column":5}},"line":270},"34":{"name":"(anonymous_34)","decl":{"start":{"line":273,"column":14},"end":{"line":273,"column":15}},"loc":{"start":{"line":273,"column":25},"end":{"line":290,"column":5}},"line":273},"35":{"name":"(anonymous_35)","decl":{"start":{"line":293,"column":2},"end":{"line":293,"column":3}},"loc":{"start":{"line":293,"column":25},"end":{"line":338,"column":3}},"line":293},"36":{"name":"(anonymous_36)","decl":{"start":{"line":317,"column":77},"end":{"line":317,"column":78}},"loc":{"start":{"line":317,"column":90},"end":{"line":320,"column":5}},"line":317},"37":{"name":"(anonymous_37)","decl":{"start":{"line":320,"column":14},"end":{"line":320,"column":15}},"loc":{"start":{"line":320,"column":25},"end":{"line":337,"column":5}},"line":320}},"branchMap":{"0":{"loc":{"start":{"line":38,"column":10},"end":{"line":40,"column":11}},"type":"if","locations":[{"start":{"line":38,"column":10},"end":{"line":40,"column":11}},{"start":{"line":38,"column":10},"end":{"line":40,"column":11}}],"line":38},"1":{"loc":{"start":{"line":38,"column":14},"end":{"line":38,"column":78}},"type":"binary-expr","locations":[{"start":{"line":38,"column":14},"end":{"line":38,"column":39}},{"start":{"line":38,"column":43},"end":{"line":38,"column":78}}],"line":38},"2":{"loc":{"start":{"line":42,"column":10},"end":{"line":44,"column":11}},"type":"if","locations":[{"start":{"line":42,"column":10},"end":{"line":44,"column":11}},{"start":{"line":42,"column":10},"end":{"line":44,"column":11}}],"line":42},"3":{"loc":{"start":{"line":42,"column":14},"end":{"line":42,"column":76}},"type":"binary-expr","locations":[{"start":{"line":42,"column":14},"end":{"line":42,"column":38}},{"start":{"line":42,"column":42},"end":{"line":42,"column":76}}],"line":42},"4":{"loc":{"start":{"line":64,"column":4},"end":{"line":66,"column":5}},"type":"if","locations":[{"start":{"line":64,"column":4},"end":{"line":66,"column":5}},{"start":{"line":64,"column":4},"end":{"line":66,"column":5}}],"line":64},"5":{"loc":{"start":{"line":71,"column":10},"end":{"line":73,"column":11}},"type":"if","locations":[{"start":{"line":71,"column":10},"end":{"line":73,"column":11}},{"start":{"line":71,"column":10},"end":{"line":73,"column":11}}],"line":71},"6":{"loc":{"start":{"line":71,"column":14},"end":{"line":71,"column":78}},"type":"binary-expr","locations":[{"start":{"line":71,"column":14},"end":{"line":71,"column":39}},{"start":{"line":71,"column":43},"end":{"line":71,"column":78}}],"line":71},"7":{"loc":{"start":{"line":75,"column":10},"end":{"line":77,"column":11}},"type":"if","locations":[{"start":{"line":75,"column":10},"end":{"line":77,"column":11}},{"start":{"line":75,"column":10},"end":{"line":77,"column":11}}],"line":75},"8":{"loc":{"start":{"line":75,"column":14},"end":{"line":75,"column":76}},"type":"binary-expr","locations":[{"start":{"line":75,"column":14},"end":{"line":75,"column":38}},{"start":{"line":75,"column":42},"end":{"line":75,"column":76}}],"line":75},"9":{"loc":{"start":{"line":100,"column":10},"end":{"line":102,"column":11}},"type":"if","locations":[{"start":{"line":100,"column":10},"end":{"line":102,"column":11}},{"start":{"line":100,"column":10},"end":{"line":102,"column":11}}],"line":100},"10":{"loc":{"start":{"line":100,"column":14},"end":{"line":100,"column":78}},"type":"binary-expr","locations":[{"start":{"line":100,"column":14},"end":{"line":100,"column":39}},{"start":{"line":100,"column":43},"end":{"line":100,"column":78}}],"line":100},"11":{"loc":{"start":{"line":104,"column":10},"end":{"line":106,"column":11}},"type":"if","locations":[{"start":{"line":104,"column":10},"end":{"line":106,"column":11}},{"start":{"line":104,"column":10},"end":{"line":106,"column":11}}],"line":104},"12":{"loc":{"start":{"line":104,"column":14},"end":{"line":104,"column":76}},"type":"binary-expr","locations":[{"start":{"line":104,"column":14},"end":{"line":104,"column":38}},{"start":{"line":104,"column":42},"end":{"line":104,"column":76}}],"line":104},"13":{"loc":{"start":{"line":131,"column":10},"end":{"line":133,"column":11}},"type":"if","locations":[{"start":{"line":131,"column":10},"end":{"line":133,"column":11}},{"start":{"line":131,"column":10},"end":{"line":133,"column":11}}],"line":131},"14":{"loc":{"start":{"line":131,"column":14},"end":{"line":131,"column":78}},"type":"binary-expr","locations":[{"start":{"line":131,"column":14},"end":{"line":131,"column":39}},{"start":{"line":131,"column":43},"end":{"line":131,"column":78}}],"line":131},"15":{"loc":{"start":{"line":135,"column":10},"end":{"line":137,"column":11}},"type":"if","locations":[{"start":{"line":135,"column":10},"end":{"line":137,"column":11}},{"start":{"line":135,"column":10},"end":{"line":137,"column":11}}],"line":135},"16":{"loc":{"start":{"line":135,"column":14},"end":{"line":135,"column":76}},"type":"binary-expr","locations":[{"start":{"line":135,"column":14},"end":{"line":135,"column":38}},{"start":{"line":135,"column":42},"end":{"line":135,"column":76}}],"line":135},"17":{"loc":{"start":{"line":161,"column":10},"end":{"line":163,"column":11}},"type":"if","locations":[{"start":{"line":161,"column":10},"end":{"line":163,"column":11}},{"start":{"line":161,"column":10},"end":{"line":163,"column":11}}],"line":161},"18":{"loc":{"start":{"line":161,"column":14},"end":{"line":161,"column":78}},"type":"binary-expr","locations":[{"start":{"line":161,"column":14},"end":{"line":161,"column":39}},{"start":{"line":161,"column":43},"end":{"line":161,"column":78}}],"line":161},"19":{"loc":{"start":{"line":165,"column":10},"end":{"line":167,"column":11}},"type":"if","locations":[{"start":{"line":165,"column":10},"end":{"line":167,"column":11}},{"start":{"line":165,"column":10},"end":{"line":167,"column":11}}],"line":165},"20":{"loc":{"start":{"line":165,"column":14},"end":{"line":165,"column":76}},"type":"binary-expr","locations":[{"start":{"line":165,"column":14},"end":{"line":165,"column":38}},{"start":{"line":165,"column":42},"end":{"line":165,"column":76}}],"line":165},"21":{"loc":{"start":{"line":191,"column":10},"end":{"line":193,"column":11}},"type":"if","locations":[{"start":{"line":191,"column":10},"end":{"line":193,"column":11}},{"start":{"line":191,"column":10},"end":{"line":193,"column":11}}],"line":191},"22":{"loc":{"start":{"line":191,"column":14},"end":{"line":191,"column":78}},"type":"binary-expr","locations":[{"start":{"line":191,"column":14},"end":{"line":191,"column":39}},{"start":{"line":191,"column":43},"end":{"line":191,"column":78}}],"line":191},"23":{"loc":{"start":{"line":195,"column":10},"end":{"line":197,"column":11}},"type":"if","locations":[{"start":{"line":195,"column":10},"end":{"line":197,"column":11}},{"start":{"line":195,"column":10},"end":{"line":197,"column":11}}],"line":195},"24":{"loc":{"start":{"line":195,"column":14},"end":{"line":195,"column":76}},"type":"binary-expr","locations":[{"start":{"line":195,"column":14},"end":{"line":195,"column":38}},{"start":{"line":195,"column":42},"end":{"line":195,"column":76}}],"line":195},"25":{"loc":{"start":{"line":221,"column":10},"end":{"line":223,"column":11}},"type":"if","locations":[{"start":{"line":221,"column":10},"end":{"line":223,"column":11}},{"start":{"line":221,"column":10},"end":{"line":223,"column":11}}],"line":221},"26":{"loc":{"start":{"line":221,"column":14},"end":{"line":221,"column":78}},"type":"binary-expr","locations":[{"start":{"line":221,"column":14},"end":{"line":221,"column":39}},{"start":{"line":221,"column":43},"end":{"line":221,"column":78}}],"line":221},"27":{"loc":{"start":{"line":225,"column":10},"end":{"line":227,"column":11}},"type":"if","locations":[{"start":{"line":225,"column":10},"end":{"line":227,"column":11}},{"start":{"line":225,"column":10},"end":{"line":227,"column":11}}],"line":225},"28":{"loc":{"start":{"line":225,"column":14},"end":{"line":225,"column":76}},"type":"binary-expr","locations":[{"start":{"line":225,"column":14},"end":{"line":225,"column":38}},{"start":{"line":225,"column":42},"end":{"line":225,"column":76}}],"line":225},"29":{"loc":{"start":{"line":251,"column":6},"end":{"line":253,"column":7}},"type":"if","locations":[{"start":{"line":251,"column":6},"end":{"line":253,"column":7}},{"start":{"line":251,"column":6},"end":{"line":253,"column":7}}],"line":251},"30":{"loc":{"start":{"line":276,"column":6},"end":{"line":278,"column":7}},"type":"if","locations":[{"start":{"line":276,"column":6},"end":{"line":278,"column":7}},{"start":{"line":276,"column":6},"end":{"line":278,"column":7}}],"line":276},"31":{"loc":{"start":{"line":280,"column":6},"end":{"line":282,"column":7}},"type":"if","locations":[{"start":{"line":280,"column":6},"end":{"line":282,"column":7}},{"start":{"line":280,"column":6},"end":{"line":282,"column":7}}],"line":280},"32":{"loc":{"start":{"line":323,"column":6},"end":{"line":325,"column":7}},"type":"if","locations":[{"start":{"line":323,"column":6},"end":{"line":325,"column":7}},{"start":{"line":323,"column":6},"end":{"line":325,"column":7}}],"line":323},"33":{"loc":{"start":{"line":327,"column":6},"end":{"line":329,"column":7}},"type":"if","locations":[{"start":{"line":327,"column":6},"end":{"line":329,"column":7}},{"start":{"line":327,"column":6},"end":{"line":329,"column":7}}],"line":327}},"s":{"0":18,"1":18,"2":18,"3":8,"4":8,"5":8,"6":8,"7":8,"8":8,"9":4,"10":4,"11":0,"12":8,"13":1,"14":1,"15":1,"16":1,"17":1,"18":5,"19":1,"20":4,"21":4,"22":5,"23":6,"24":6,"25":6,"26":6,"27":6,"28":6,"29":0,"30":0,"31":0,"32":0,"33":0,"34":0,"35":3,"36":3,"37":3,"38":3,"39":0,"40":0,"41":0,"42":0,"43":0,"44":0,"45":0,"46":0,"47":0,"48":0,"49":0,"50":0,"51":0,"52":0,"53":0,"54":0,"55":0,"56":0,"57":0,"58":0,"59":0,"60":0,"61":0,"62":0,"63":0,"64":0,"65":0,"66":0,"67":0,"68":0,"69":0,"70":0,"71":0,"72":0,"73":0,"74":0,"75":0,"76":0,"77":0,"78":0,"79":0,"80":0,"81":0,"82":0,"83":0,"84":0,"85":2,"86":2,"87":2,"88":4,"89":2,"90":2,"91":2,"92":2,"93":2,"94":1,"95":1,"96":1,"97":1,"98":0,"99":1,"100":1,"101":0,"102":0,"103":0,"104":0,"105":0,"106":0,"107":0,"108":0,"109":0,"110":0,"111":0,"112":0},"f":{"0":18,"1":8,"2":8,"3":1,"4":1,"5":5,"6":5,"7":6,"8":0,"9":0,"10":0,"11":3,"12":0,"13":0,"14":0,"15":0,"16":0,"17":0,"18":0,"19":0,"20":0,"21":0,"22":0,"23":0,"24":0,"25":0,"26":0,"27":0,"28":0,"29":0,"30":0,"31":2,"32":4,"33":1,"34":1,"35":0,"36":0,"37":0},"b":{"0":[1,4],"1":[5,4],"2":[4,0],"3":[4,1],"4":[6,0],"5":[0,0],"6":[0,0],"7":[0,0],"8":[0,0],"9":[0,0],"10":[0,0],"11":[0,0],"12":[0,0],"13":[0,0],"14":[0,0],"15":[0,0],"16":[0,0],"17":[0,0],"18":[0,0],"19":[0,0],"20":[0,0],"21":[0,0],"22":[0,0],"23":[0,0],"24":[0,0],"25":[0,0],"26":[0,0],"27":[0,0],"28":[0,0],"29":[2,2],"30":[1,0],"31":[0,1],"32":[0,0],"33":[0,0]},"_coverageSchema":"332fd63041d2c1bcb487cc26dd0d5f7d97098a6c","hash":"baaf5bce749cf3b9a937b967c78f4b4f87125b3c"}
,"/Users/18055865/Documents/Bootcamp/chip2-btpn/Final-Project/wallet-mobile/app/HomeScreen/views/HomeContainer.js": {"path":"/Users/18055865/Documents/Bootcamp/chip2-btpn/Final-Project/wallet-mobile/app/HomeScreen/views/HomeContainer.js","statementMap":{"0":{"start":{"line":15,"column":8},"end":{"line":15,"column":20}},"1":{"start":{"line":16,"column":8},"end":{"line":23,"column":9}},"2":{"start":{"line":24,"column":8},"end":{"line":24,"column":36}},"3":{"start":{"line":25,"column":8},"end":{"line":25,"column":35}},"4":{"start":{"line":30,"column":12},"end":{"line":32,"column":19}},"5":{"start":{"line":37,"column":8},"end":{"line":49,"column":9}},"6":{"start":{"line":38,"column":26},"end":{"line":38,"column":90}},"7":{"start":{"line":39,"column":31},"end":{"line":39,"column":67}},"8":{"start":{"line":40,"column":25},"end":{"line":40,"column":51}},"9":{"start":{"line":41,"column":12},"end":{"line":45,"column":15}},"10":{"start":{"line":48,"column":12},"end":{"line":48,"column":26}},"11":{"start":{"line":53,"column":8},"end":{"line":68,"column":10}},"12":{"start":{"line":72,"column":15},"end":{"line":114,"column":2}}},"fnMap":{"0":{"name":"(anonymous_0)","decl":{"start":{"line":14,"column":4},"end":{"line":14,"column":5}},"loc":{"start":{"line":14,"column":23},"end":{"line":26,"column":5}},"line":14},"1":{"name":"(anonymous_1)","decl":{"start":{"line":29,"column":20},"end":{"line":29,"column":21}},"loc":{"start":{"line":30,"column":12},"end":{"line":32,"column":19}},"line":30},"2":{"name":"(anonymous_2)","decl":{"start":{"line":36,"column":4},"end":{"line":36,"column":5}},"loc":{"start":{"line":36,"column":30},"end":{"line":50,"column":5}},"line":36},"3":{"name":"(anonymous_3)","decl":{"start":{"line":52,"column":4},"end":{"line":52,"column":5}},"loc":{"start":{"line":52,"column":13},"end":{"line":69,"column":5}},"line":52}},"branchMap":{},"s":{"0":3,"1":3,"2":3,"3":3,"4":0,"5":3,"6":3,"7":3,"8":0,"9":0,"10":0,"11":3,"12":1},"f":{"0":3,"1":0,"2":3,"3":3},"b":{},"_coverageSchema":"332fd63041d2c1bcb487cc26dd0d5f7d97098a6c","hash":"1ccd59bdebd3be65149568c23913e109ecad189c"}
,"/Users/18055865/Documents/Bootcamp/chip2-btpn/Final-Project/wallet-mobile/app/TransactionHistoryScreen/sections/InputFilter.js": {"path":"/Users/18055865/Documents/Bootcamp/chip2-btpn/Final-Project/wallet-mobile/app/TransactionHistoryScreen/sections/InputFilter.js","statementMap":{"0":{"start":{"line":10,"column":4},"end":{"line":10,"column":17}},"1":{"start":{"line":15,"column":4},"end":{"line":37,"column":6}},"2":{"start":{"line":19,"column":31},"end":{"line":19,"column":55}},"3":{"start":{"line":26,"column":35},"end":{"line":26,"column":63}},"4":{"start":{"line":30,"column":35},"end":{"line":30,"column":69}}},"fnMap":{"0":{"name":"(anonymous_0)","decl":{"start":{"line":9,"column":2},"end":{"line":9,"column":3}},"loc":{"start":{"line":9,"column":21},"end":{"line":11,"column":3}},"line":9},"1":{"name":"(anonymous_1)","decl":{"start":{"line":14,"column":2},"end":{"line":14,"column":3}},"loc":{"start":{"line":14,"column":11},"end":{"line":38,"column":3}},"line":14},"2":{"name":"(anonymous_2)","decl":{"start":{"line":19,"column":23},"end":{"line":19,"column":24}},"loc":{"start":{"line":19,"column":29},"end":{"line":19,"column":57}},"line":19},"3":{"name":"(anonymous_3)","decl":{"start":{"line":26,"column":26},"end":{"line":26,"column":27}},"loc":{"start":{"line":26,"column":33},"end":{"line":26,"column":65}},"line":26},"4":{"name":"(anonymous_4)","decl":{"start":{"line":30,"column":26},"end":{"line":30,"column":27}},"loc":{"start":{"line":30,"column":33},"end":{"line":30,"column":71}},"line":30}},"branchMap":{},"s":{"0":0,"1":0,"2":0,"3":0,"4":0},"f":{"0":0,"1":0,"2":0,"3":0,"4":0},"b":{},"_coverageSchema":"332fd63041d2c1bcb487cc26dd0d5f7d97098a6c","hash":"6e480bca93389f958a847dbccfe175ef88142c83"}
,"/Users/18055865/Documents/Bootcamp/chip2-btpn/Final-Project/wallet-mobile/app/TransactionHistoryScreen/sections/TransactionHeader.js": {"path":"/Users/18055865/Documents/Bootcamp/chip2-btpn/Final-Project/wallet-mobile/app/TransactionHistoryScreen/sections/TransactionHeader.js","statementMap":{"0":{"start":{"line":8,"column":26},"end":{"line":27,"column":1}},"1":{"start":{"line":9,"column":2},"end":{"line":26,"column":14}},"2":{"start":{"line":18,"column":14},"end":{"line":18,"column":91}},"3":{"start":{"line":28,"column":15},"end":{"line":56,"column":2}}},"fnMap":{"0":{"name":"(anonymous_0)","decl":{"start":{"line":8,"column":26},"end":{"line":8,"column":27}},"loc":{"start":{"line":9,"column":2},"end":{"line":26,"column":14}},"line":9},"1":{"name":"(anonymous_1)","decl":{"start":{"line":17,"column":21},"end":{"line":17,"column":22}},"loc":{"start":{"line":17,"column":27},"end":{"line":19,"column":13}},"line":17}},"branchMap":{},"s":{"0":2,"1":2,"2":0,"3":2},"f":{"0":2,"1":0},"b":{},"_coverageSchema":"332fd63041d2c1bcb487cc26dd0d5f7d97098a6c","hash":"43d25a1a02e128fb671f0fb0aa6a971fa34d550e"}
,"/Users/18055865/Documents/Bootcamp/chip2-btpn/Final-Project/wallet-mobile/app/TransactionHistoryScreen/sections/TransactionHistoryFilter.js": {"path":"/Users/18055865/Documents/Bootcamp/chip2-btpn/Final-Project/wallet-mobile/app/TransactionHistoryScreen/sections/TransactionHistoryFilter.js","statementMap":{"0":{"start":{"line":18,"column":8},"end":{"line":18,"column":21}},"1":{"start":{"line":19,"column":8},"end":{"line":26,"column":9}},"2":{"start":{"line":27,"column":8},"end":{"line":27,"column":36}},"3":{"start":{"line":28,"column":8},"end":{"line":28,"column":35}},"4":{"start":{"line":33,"column":12},"end":{"line":33,"column":91}},"5":{"start":{"line":37,"column":8},"end":{"line":39,"column":11}},"6":{"start":{"line":40,"column":8},"end":{"line":45,"column":9}},"7":{"start":{"line":49,"column":8},"end":{"line":49,"column":46}},"8":{"start":{"line":53,"column":8},"end":{"line":53,"column":33}},"9":{"start":{"line":54,"column":8},"end":{"line":58,"column":9}},"10":{"start":{"line":62,"column":8},"end":{"line":68,"column":9}},"11":{"start":{"line":63,"column":12},"end":{"line":67,"column":13}},"12":{"start":{"line":70,"column":8},"end":{"line":73,"column":9}},"13":{"start":{"line":77,"column":8},"end":{"line":79,"column":10}},"14":{"start":{"line":80,"column":8},"end":{"line":80,"column":33}},"15":{"start":{"line":84,"column":8},"end":{"line":87,"column":9}},"16":{"start":{"line":92,"column":8},"end":{"line":108,"column":9}},"17":{"start":{"line":93,"column":31},"end":{"line":93,"column":59}},"18":{"start":{"line":95,"column":12},"end":{"line":101,"column":13}},"19":{"start":{"line":96,"column":16},"end":{"line":100,"column":19}},"20":{"start":{"line":102,"column":12},"end":{"line":104,"column":15}},"21":{"start":{"line":107,"column":12},"end":{"line":107,"column":26}},"22":{"start":{"line":113,"column":22},"end":{"line":113,"column":86}},"23":{"start":{"line":114,"column":27},"end":{"line":114,"column":73}},"24":{"start":{"line":115,"column":8},"end":{"line":118,"column":9}},"25":{"start":{"line":116,"column":12},"end":{"line":116,"column":15}},"26":{"start":{"line":117,"column":12},"end":{"line":117,"column":109}},"27":{"start":{"line":119,"column":8},"end":{"line":121,"column":9}},"28":{"start":{"line":120,"column":12},"end":{"line":120,"column":114}},"29":{"start":{"line":122,"column":8},"end":{"line":125,"column":9}},"30":{"start":{"line":123,"column":12},"end":{"line":124,"column":32}},"31":{"start":{"line":126,"column":8},"end":{"line":126,"column":28}},"32":{"start":{"line":130,"column":8},"end":{"line":135,"column":9}},"33":{"start":{"line":131,"column":12},"end":{"line":131,"column":48}},"34":{"start":{"line":134,"column":11},"end":{"line":134,"column":50}},"35":{"start":{"line":138,"column":8},"end":{"line":165,"column":10}},"36":{"start":{"line":156,"column":28},"end":{"line":156,"column":52}}},"fnMap":{"0":{"name":"(anonymous_0)","decl":{"start":{"line":17,"column":4},"end":{"line":17,"column":5}},"loc":{"start":{"line":17,"column":23},"end":{"line":29,"column":5}},"line":17},"1":{"name":"(anonymous_1)","decl":{"start":{"line":32,"column":20},"end":{"line":32,"column":21}},"loc":{"start":{"line":33,"column":12},"end":{"line":33,"column":91}},"line":33},"2":{"name":"(anonymous_2)","decl":{"start":{"line":36,"column":17},"end":{"line":36,"column":18}},"loc":{"start":{"line":36,"column":23},"end":{"line":46,"column":5}},"line":36},"3":{"name":"(anonymous_3)","decl":{"start":{"line":48,"column":19},"end":{"line":48,"column":20}},"loc":{"start":{"line":48,"column":25},"end":{"line":50,"column":5}},"line":48},"4":{"name":"(anonymous_4)","decl":{"start":{"line":52,"column":19},"end":{"line":52,"column":20}},"loc":{"start":{"line":52,"column":25},"end":{"line":59,"column":5}},"line":52},"5":{"name":"(anonymous_5)","decl":{"start":{"line":61,"column":20},"end":{"line":61,"column":21}},"loc":{"start":{"line":61,"column":31},"end":{"line":74,"column":5}},"line":61},"6":{"name":"(anonymous_6)","decl":{"start":{"line":76,"column":23},"end":{"line":76,"column":24}},"loc":{"start":{"line":76,"column":29},"end":{"line":81,"column":5}},"line":76},"7":{"name":"(anonymous_7)","decl":{"start":{"line":83,"column":26},"end":{"line":83,"column":27}},"loc":{"start":{"line":83,"column":37},"end":{"line":88,"column":5}},"line":83},"8":{"name":"(anonymous_8)","decl":{"start":{"line":90,"column":4},"end":{"line":90,"column":5}},"loc":{"start":{"line":90,"column":30},"end":{"line":109,"column":5}},"line":90},"9":{"name":"(anonymous_9)","decl":{"start":{"line":112,"column":4},"end":{"line":112,"column":5}},"loc":{"start":{"line":112,"column":22},"end":{"line":127,"column":5}},"line":112},"10":{"name":"(anonymous_10)","decl":{"start":{"line":129,"column":16},"end":{"line":129,"column":17}},"loc":{"start":{"line":129,"column":21},"end":{"line":136,"column":5}},"line":129},"11":{"name":"(anonymous_11)","decl":{"start":{"line":137,"column":4},"end":{"line":137,"column":5}},"loc":{"start":{"line":137,"column":13},"end":{"line":166,"column":5}},"line":137},"12":{"name":"(anonymous_12)","decl":{"start":{"line":155,"column":33},"end":{"line":155,"column":34}},"loc":{"start":{"line":155,"column":39},"end":{"line":157,"column":25}},"line":155}},"branchMap":{"0":{"loc":{"start":{"line":62,"column":8},"end":{"line":68,"column":9}},"type":"if","locations":[{"start":{"line":62,"column":8},"end":{"line":68,"column":9}},{"start":{"line":62,"column":8},"end":{"line":68,"column":9}}],"line":62},"1":{"loc":{"start":{"line":78,"column":18},"end":{"line":78,"column":49}},"type":"cond-expr","locations":[{"start":{"line":78,"column":44},"end":{"line":78,"column":45}},{"start":{"line":78,"column":48},"end":{"line":78,"column":49}}],"line":78},"2":{"loc":{"start":{"line":95,"column":12},"end":{"line":101,"column":13}},"type":"if","locations":[{"start":{"line":95,"column":12},"end":{"line":101,"column":13}},{"start":{"line":95,"column":12},"end":{"line":101,"column":13}}],"line":95},"3":{"loc":{"start":{"line":115,"column":8},"end":{"line":118,"column":9}},"type":"if","locations":[{"start":{"line":115,"column":8},"end":{"line":118,"column":9}},{"start":{"line":115,"column":8},"end":{"line":118,"column":9}}],"line":115},"4":{"loc":{"start":{"line":115,"column":12},"end":{"line":115,"column":69}},"type":"binary-expr","locations":[{"start":{"line":115,"column":12},"end":{"line":115,"column":41}},{"start":{"line":115,"column":45},"end":{"line":115,"column":69}}],"line":115},"5":{"loc":{"start":{"line":119,"column":8},"end":{"line":121,"column":9}},"type":"if","locations":[{"start":{"line":119,"column":8},"end":{"line":121,"column":9}},{"start":{"line":119,"column":8},"end":{"line":121,"column":9}}],"line":119},"6":{"loc":{"start":{"line":119,"column":12},"end":{"line":119,"column":69}},"type":"binary-expr","locations":[{"start":{"line":119,"column":12},"end":{"line":119,"column":41}},{"start":{"line":119,"column":45},"end":{"line":119,"column":69}}],"line":119},"7":{"loc":{"start":{"line":122,"column":8},"end":{"line":125,"column":9}},"type":"if","locations":[{"start":{"line":122,"column":8},"end":{"line":125,"column":9}},{"start":{"line":122,"column":8},"end":{"line":125,"column":9}}],"line":122},"8":{"loc":{"start":{"line":122,"column":12},"end":{"line":122,"column":69}},"type":"binary-expr","locations":[{"start":{"line":122,"column":12},"end":{"line":122,"column":41}},{"start":{"line":122,"column":45},"end":{"line":122,"column":69}}],"line":122},"9":{"loc":{"start":{"line":130,"column":8},"end":{"line":135,"column":9}},"type":"if","locations":[{"start":{"line":130,"column":8},"end":{"line":135,"column":9}},{"start":{"line":130,"column":8},"end":{"line":135,"column":9}}],"line":130}},"s":{"0":5,"1":5,"2":5,"3":5,"4":0,"5":1,"6":1,"7":0,"8":1,"9":1,"10":0,"11":0,"12":0,"13":0,"14":0,"15":1,"16":6,"17":6,"18":0,"19":0,"20":0,"21":0,"22":6,"23":6,"24":6,"25":0,"26":0,"27":6,"28":0,"29":6,"30":0,"31":6,"32":9,"33":0,"34":9,"35":9,"36":0},"f":{"0":5,"1":0,"2":1,"3":0,"4":1,"5":0,"6":0,"7":1,"8":6,"9":6,"10":9,"11":9,"12":0},"b":{"0":[0,0],"1":[0,0],"2":[0,0],"3":[0,6],"4":[6,0],"5":[0,6],"6":[6,6],"7":[0,6],"8":[6,0],"9":[0,9]},"_coverageSchema":"332fd63041d2c1bcb487cc26dd0d5f7d97098a6c","hash":"ef0657472375165fb80138d84f0ef249335a4af0"}
,"/Users/18055865/Documents/Bootcamp/chip2-btpn/Final-Project/wallet-mobile/app/TransactionHistoryScreen/sections/TransactionList.js": {"path":"/Users/18055865/Documents/Bootcamp/chip2-btpn/Final-Project/wallet-mobile/app/TransactionHistoryScreen/sections/TransactionList.js","statementMap":{"0":{"start":{"line":10,"column":15},"end":{"line":19,"column":2}},"1":{"start":{"line":22,"column":20},"end":{"line":24,"column":4}},"2":{"start":{"line":25,"column":2},"end":{"line":25,"column":34}},"3":{"start":{"line":29,"column":2},"end":{"line":29,"column":52}},"4":{"start":{"line":34,"column":4},"end":{"line":34,"column":17}},"5":{"start":{"line":38,"column":4},"end":{"line":67,"column":6}},"6":{"start":{"line":41,"column":10},"end":{"line":64,"column":21}}},"fnMap":{"0":{"name":"_currencyFormatter","decl":{"start":{"line":21,"column":9},"end":{"line":21,"column":27}},"loc":{"start":{"line":21,"column":36},"end":{"line":26,"column":1}},"line":21},"1":{"name":"_dateFormatter","decl":{"start":{"line":28,"column":9},"end":{"line":28,"column":23}},"loc":{"start":{"line":28,"column":30},"end":{"line":30,"column":1}},"line":28},"2":{"name":"(anonymous_2)","decl":{"start":{"line":33,"column":2},"end":{"line":33,"column":3}},"loc":{"start":{"line":33,"column":21},"end":{"line":35,"column":3}},"line":33},"3":{"name":"(anonymous_3)","decl":{"start":{"line":37,"column":2},"end":{"line":37,"column":3}},"loc":{"start":{"line":37,"column":11},"end":{"line":68,"column":3}},"line":37},"4":{"name":"(anonymous_4)","decl":{"start":{"line":40,"column":44},"end":{"line":40,"column":45}},"loc":{"start":{"line":41,"column":10},"end":{"line":64,"column":21}},"line":41}},"branchMap":{"0":{"loc":{"start":{"line":53,"column":17},"end":{"line":53,"column":47}},"type":"binary-expr","locations":[{"start":{"line":53,"column":17},"end":{"line":53,"column":40}},{"start":{"line":53,"column":44},"end":{"line":53,"column":47}}],"line":53}},"s":{"0":3,"1":0,"2":0,"3":0,"4":0,"5":0,"6":0},"f":{"0":0,"1":0,"2":0,"3":0,"4":0},"b":{"0":[0,0]},"_coverageSchema":"332fd63041d2c1bcb487cc26dd0d5f7d97098a6c","hash":"96b9332a0c33552afd08b1e18b2dce289134e07e"}
,"/Users/18055865/Documents/Bootcamp/chip2-btpn/Final-Project/wallet-mobile/app/TransactionScreen/sections/TransactionForm.js": {"path":"/Users/18055865/Documents/Bootcamp/chip2-btpn/Final-Project/wallet-mobile/app/TransactionScreen/sections/TransactionForm.js","statementMap":{"0":{"start":{"line":8,"column":24},"end":{"line":36,"column":1}},"1":{"start":{"line":9,"column":4},"end":{"line":35,"column":11}},"2":{"start":{"line":39,"column":0},"end":{"line":45,"column":2}}},"fnMap":{"0":{"name":"(anonymous_0)","decl":{"start":{"line":8,"column":24},"end":{"line":8,"column":25}},"loc":{"start":{"line":9,"column":4},"end":{"line":35,"column":11}},"line":9}},"branchMap":{},"s":{"0":4,"1":9,"2":4},"f":{"0":9},"b":{},"_coverageSchema":"332fd63041d2c1bcb487cc26dd0d5f7d97098a6c","hash":"96f0a2293e6c4ad55cd08c0d9db3ed03ebdb0396"}
,"/Users/18055865/Documents/Bootcamp/chip2-btpn/Final-Project/wallet-mobile/app/TransactionScreen/views/TransactionContainer.js": {"path":"/Users/18055865/Documents/Bootcamp/chip2-btpn/Final-Project/wallet-mobile/app/TransactionScreen/views/TransactionContainer.js","statementMap":{"0":{"start":{"line":15,"column":8},"end":{"line":15,"column":21}},"1":{"start":{"line":16,"column":8},"end":{"line":26,"column":9}},"2":{"start":{"line":27,"column":8},"end":{"line":27,"column":47}},"3":{"start":{"line":28,"column":8},"end":{"line":28,"column":36}},"4":{"start":{"line":29,"column":8},"end":{"line":29,"column":35}},"5":{"start":{"line":30,"column":8},"end":{"line":30,"column":88}},"6":{"start":{"line":31,"column":8},"end":{"line":31,"column":26}},"7":{"start":{"line":37,"column":12},"end":{"line":37,"column":78}},"8":{"start":{"line":42,"column":8},"end":{"line":60,"column":10}},"9":{"start":{"line":65,"column":8},"end":{"line":65,"column":60}},"10":{"start":{"line":69,"column":23},"end":{"line":69,"column":52}},"11":{"start":{"line":70,"column":8},"end":{"line":70,"column":49}},"12":{"start":{"line":71,"column":8},"end":{"line":73,"column":9}},"13":{"start":{"line":72,"column":12},"end":{"line":72,"column":54}},"14":{"start":{"line":74,"column":8},"end":{"line":74,"column":42}},"15":{"start":{"line":79,"column":8},"end":{"line":79,"column":50}},"16":{"start":{"line":83,"column":8},"end":{"line":99,"column":9}},"17":{"start":{"line":84,"column":27},"end":{"line":84,"column":58}},"18":{"start":{"line":85,"column":12},"end":{"line":90,"column":14}},"19":{"start":{"line":93,"column":12},"end":{"line":98,"column":15}},"20":{"start":{"line":105,"column":26},"end":{"line":110,"column":9}},"21":{"start":{"line":112,"column":8},"end":{"line":130,"column":15}},"22":{"start":{"line":114,"column":16},"end":{"line":119,"column":48}},"23":{"start":{"line":120,"column":16},"end":{"line":120,"column":54}},"24":{"start":{"line":123,"column":16},"end":{"line":128,"column":19}},"25":{"start":{"line":129,"column":16},"end":{"line":129,"column":62}},"26":{"start":{"line":133,"column":0},"end":{"line":136,"column":1}},"27":{"start":{"line":139,"column":15},"end":{"line":155,"column":2}}},"fnMap":{"0":{"name":"(anonymous_0)","decl":{"start":{"line":14,"column":4},"end":{"line":14,"column":5}},"loc":{"start":{"line":14,"column":23},"end":{"line":33,"column":5}},"line":14},"1":{"name":"(anonymous_1)","decl":{"start":{"line":36,"column":20},"end":{"line":36,"column":21}},"loc":{"start":{"line":37,"column":12},"end":{"line":37,"column":78}},"line":37},"2":{"name":"(anonymous_2)","decl":{"start":{"line":41,"column":4},"end":{"line":41,"column":5}},"loc":{"start":{"line":41,"column":13},"end":{"line":61,"column":5}},"line":41},"3":{"name":"(anonymous_3)","decl":{"start":{"line":63,"column":20},"end":{"line":63,"column":21}},"loc":{"start":{"line":63,"column":32},"end":{"line":66,"column":5}},"line":63},"4":{"name":"(anonymous_4)","decl":{"start":{"line":68,"column":25},"end":{"line":68,"column":26}},"loc":{"start":{"line":68,"column":37},"end":{"line":76,"column":5}},"line":68},"5":{"name":"(anonymous_5)","decl":{"start":{"line":78,"column":30},"end":{"line":78,"column":31}},"loc":{"start":{"line":78,"column":47},"end":{"line":80,"column":5}},"line":78},"6":{"name":"(anonymous_6)","decl":{"start":{"line":82,"column":17},"end":{"line":82,"column":18}},"loc":{"start":{"line":82,"column":29},"end":{"line":101,"column":5}},"line":82},"7":{"name":"(anonymous_7)","decl":{"start":{"line":103,"column":19},"end":{"line":103,"column":20}},"loc":{"start":{"line":103,"column":25},"end":{"line":131,"column":5}},"line":103},"8":{"name":"(anonymous_8)","decl":{"start":{"line":113,"column":18},"end":{"line":113,"column":19}},"loc":{"start":{"line":113,"column":24},"end":{"line":121,"column":13}},"line":113},"9":{"name":"(anonymous_9)","decl":{"start":{"line":122,"column":19},"end":{"line":122,"column":20}},"loc":{"start":{"line":122,"column":30},"end":{"line":130,"column":13}},"line":122}},"branchMap":{"0":{"loc":{"start":{"line":71,"column":8},"end":{"line":73,"column":9}},"type":"if","locations":[{"start":{"line":71,"column":8},"end":{"line":73,"column":9}},{"start":{"line":71,"column":8},"end":{"line":73,"column":9}}],"line":71}},"s":{"0":8,"1":8,"2":8,"3":8,"4":8,"5":8,"6":8,"7":0,"8":11,"9":1,"10":1,"11":1,"12":1,"13":0,"14":1,"15":1,"16":8,"17":8,"18":3,"19":4,"20":1,"21":1,"22":1,"23":1,"24":1,"25":1,"26":3,"27":3},"f":{"0":8,"1":0,"2":11,"3":1,"4":1,"5":1,"6":8,"7":1,"8":1,"9":1},"b":{"0":[0,1]},"_coverageSchema":"332fd63041d2c1bcb487cc26dd0d5f7d97098a6c","hash":"c8be43f43d90b80a90faf8f4df71aece7c4e51e7"}
,"/Users/18055865/Documents/Bootcamp/chip2-btpn/Final-Project/wallet-mobile/app/TransferScreen/sections/SearchRecipientForm.js": {"path":"/Users/18055865/Documents/Bootcamp/chip2-btpn/Final-Project/wallet-mobile/app/TransferScreen/sections/SearchRecipientForm.js","statementMap":{"0":{"start":{"line":8,"column":28},"end":{"line":27,"column":1}},"1":{"start":{"line":9,"column":2},"end":{"line":26,"column":9}},"2":{"start":{"line":30,"column":0},"end":{"line":35,"column":2}}},"fnMap":{"0":{"name":"(anonymous_0)","decl":{"start":{"line":8,"column":28},"end":{"line":8,"column":29}},"loc":{"start":{"line":9,"column":2},"end":{"line":26,"column":9}},"line":9}},"branchMap":{},"s":{"0":1,"1":0,"2":1},"f":{"0":0},"b":{},"_coverageSchema":"332fd63041d2c1bcb487cc26dd0d5f7d97098a6c","hash":"304d9c0c9da266d21e2559868669c7e0c5be6f98"}
,"/Users/18055865/Documents/Bootcamp/chip2-btpn/Final-Project/wallet-mobile/app/TransferScreen/sections/TransferForm.js": {"path":"/Users/18055865/Documents/Bootcamp/chip2-btpn/Final-Project/wallet-mobile/app/TransferScreen/sections/TransferForm.js","statementMap":{"0":{"start":{"line":8,"column":24},"end":{"line":46,"column":1}},"1":{"start":{"line":9,"column":2},"end":{"line":45,"column":9}},"2":{"start":{"line":49,"column":0},"end":{"line":56,"column":2}}},"fnMap":{"0":{"name":"(anonymous_0)","decl":{"start":{"line":8,"column":24},"end":{"line":8,"column":25}},"loc":{"start":{"line":9,"column":2},"end":{"line":45,"column":9}},"line":9}},"branchMap":{},"s":{"0":3,"1":16,"2":3},"f":{"0":16},"b":{},"_coverageSchema":"332fd63041d2c1bcb487cc26dd0d5f7d97098a6c","hash":"68892f18a5156e5623fdc1ec6fd6623e4b5ad664"}
,"/Users/18055865/Documents/Bootcamp/chip2-btpn/Final-Project/wallet-mobile/app/TransferScreen/views/TransferContainer.js": {"path":"/Users/18055865/Documents/Bootcamp/chip2-btpn/Final-Project/wallet-mobile/app/TransferScreen/views/TransferContainer.js","statementMap":{"0":{"start":{"line":17,"column":8},"end":{"line":17,"column":21}},"1":{"start":{"line":18,"column":8},"end":{"line":34,"column":9}},"2":{"start":{"line":35,"column":8},"end":{"line":35,"column":47}},"3":{"start":{"line":36,"column":8},"end":{"line":36,"column":36}},"4":{"start":{"line":37,"column":8},"end":{"line":37,"column":35}},"5":{"start":{"line":38,"column":8},"end":{"line":38,"column":88}},"6":{"start":{"line":39,"column":8},"end":{"line":39,"column":26}},"7":{"start":{"line":45,"column":12},"end":{"line":45,"column":80}},"8":{"start":{"line":50,"column":8},"end":{"line":77,"column":10}},"9":{"start":{"line":81,"column":8},"end":{"line":83,"column":9}},"10":{"start":{"line":82,"column":12},"end":{"line":82,"column":24}},"11":{"start":{"line":84,"column":8},"end":{"line":84,"column":21}},"12":{"start":{"line":89,"column":29},"end":{"line":89,"column":58}},"13":{"start":{"line":90,"column":8},"end":{"line":103,"column":9}},"14":{"start":{"line":91,"column":12},"end":{"line":97,"column":13}},"15":{"start":{"line":92,"column":16},"end":{"line":95,"column":19}},"16":{"start":{"line":96,"column":16},"end":{"line":96,"column":23}},"17":{"start":{"line":98,"column":12},"end":{"line":102,"column":15}},"18":{"start":{"line":107,"column":8},"end":{"line":111,"column":11}},"19":{"start":{"line":115,"column":23},"end":{"line":115,"column":52}},"20":{"start":{"line":116,"column":8},"end":{"line":116,"column":49}},"21":{"start":{"line":117,"column":8},"end":{"line":119,"column":9}},"22":{"start":{"line":118,"column":12},"end":{"line":118,"column":54}},"23":{"start":{"line":120,"column":8},"end":{"line":120,"column":42}},"24":{"start":{"line":124,"column":8},"end":{"line":124,"column":50}},"25":{"start":{"line":128,"column":8},"end":{"line":146,"column":9}},"26":{"start":{"line":129,"column":27},"end":{"line":129,"column":58}},"27":{"start":{"line":130,"column":12},"end":{"line":136,"column":14}},"28":{"start":{"line":139,"column":12},"end":{"line":144,"column":15}},"29":{"start":{"line":145,"column":12},"end":{"line":145,"column":30}},"30":{"start":{"line":151,"column":26},"end":{"line":155,"column":9}},"31":{"start":{"line":157,"column":8},"end":{"line":174,"column":15}},"32":{"start":{"line":159,"column":16},"end":{"line":164,"column":48}},"33":{"start":{"line":165,"column":16},"end":{"line":165,"column":54}},"34":{"start":{"line":168,"column":16},"end":{"line":173,"column":19}},"35":{"start":{"line":177,"column":0},"end":{"line":180,"column":1}},"36":{"start":{"line":183,"column":15},"end":{"line":199,"column":2}}},"fnMap":{"0":{"name":"(anonymous_0)","decl":{"start":{"line":16,"column":4},"end":{"line":16,"column":5}},"loc":{"start":{"line":16,"column":23},"end":{"line":41,"column":5}},"line":16},"1":{"name":"(anonymous_1)","decl":{"start":{"line":44,"column":20},"end":{"line":44,"column":21}},"loc":{"start":{"line":45,"column":12},"end":{"line":45,"column":80}},"line":45},"2":{"name":"(anonymous_2)","decl":{"start":{"line":49,"column":4},"end":{"line":49,"column":5}},"loc":{"start":{"line":49,"column":13},"end":{"line":78,"column":5}},"line":49},"3":{"name":"(anonymous_3)","decl":{"start":{"line":80,"column":4},"end":{"line":80,"column":5}},"loc":{"start":{"line":80,"column":26},"end":{"line":85,"column":5}},"line":80},"4":{"name":"(anonymous_4)","decl":{"start":{"line":87,"column":23},"end":{"line":87,"column":24}},"loc":{"start":{"line":87,"column":29},"end":{"line":104,"column":5}},"line":87},"5":{"name":"(anonymous_5)","decl":{"start":{"line":106,"column":26},"end":{"line":106,"column":27}},"loc":{"start":{"line":106,"column":48},"end":{"line":112,"column":5}},"line":106},"6":{"name":"(anonymous_6)","decl":{"start":{"line":114,"column":25},"end":{"line":114,"column":26}},"loc":{"start":{"line":114,"column":37},"end":{"line":121,"column":5}},"line":114},"7":{"name":"(anonymous_7)","decl":{"start":{"line":123,"column":30},"end":{"line":123,"column":31}},"loc":{"start":{"line":123,"column":47},"end":{"line":125,"column":5}},"line":123},"8":{"name":"(anonymous_8)","decl":{"start":{"line":127,"column":17},"end":{"line":127,"column":18}},"loc":{"start":{"line":127,"column":29},"end":{"line":148,"column":5}},"line":127},"9":{"name":"(anonymous_9)","decl":{"start":{"line":150,"column":19},"end":{"line":150,"column":20}},"loc":{"start":{"line":150,"column":25},"end":{"line":175,"column":5}},"line":150},"10":{"name":"(anonymous_10)","decl":{"start":{"line":158,"column":18},"end":{"line":158,"column":19}},"loc":{"start":{"line":158,"column":24},"end":{"line":166,"column":13}},"line":158},"11":{"name":"(anonymous_11)","decl":{"start":{"line":167,"column":19},"end":{"line":167,"column":20}},"loc":{"start":{"line":167,"column":30},"end":{"line":174,"column":13}},"line":167}},"branchMap":{"0":{"loc":{"start":{"line":81,"column":8},"end":{"line":83,"column":9}},"type":"if","locations":[{"start":{"line":81,"column":8},"end":{"line":83,"column":9}},{"start":{"line":81,"column":8},"end":{"line":83,"column":9}}],"line":81},"1":{"loc":{"start":{"line":91,"column":12},"end":{"line":97,"column":13}},"type":"if","locations":[{"start":{"line":91,"column":12},"end":{"line":97,"column":13}},{"start":{"line":91,"column":12},"end":{"line":97,"column":13}}],"line":91},"2":{"loc":{"start":{"line":117,"column":8},"end":{"line":119,"column":9}},"type":"if","locations":[{"start":{"line":117,"column":8},"end":{"line":119,"column":9}},{"start":{"line":117,"column":8},"end":{"line":119,"column":9}}],"line":117}},"s":{"0":4,"1":4,"2":4,"3":4,"4":4,"5":4,"6":4,"7":0,"8":8,"9":1,"10":0,"11":1,"12":0,"13":0,"14":0,"15":0,"16":0,"17":0,"18":1,"19":1,"20":1,"21":1,"22":0,"23":1,"24":1,"25":4,"26":4,"27":4,"28":4,"29":4,"30":0,"31":0,"32":0,"33":0,"34":0,"35":1,"36":1},"f":{"0":4,"1":0,"2":8,"3":1,"4":0,"5":1,"6":1,"7":1,"8":4,"9":0,"10":0,"11":0},"b":{"0":[0,1],"1":[0,0],"2":[0,1]},"_coverageSchema":"332fd63041d2c1bcb487cc26dd0d5f7d97098a6c","hash":"1881866ff09dd27807bb3f538f38860642c2d0f6"}
,"/Users/18055865/Documents/Bootcamp/chip2-btpn/Final-Project/wallet-mobile/app/config/Base.js": {"path":"/Users/18055865/Documents/Bootcamp/chip2-btpn/Final-Project/wallet-mobile/app/config/Base.js","statementMap":{"0":{"start":{"line":1,"column":14},"end":{"line":67,"column":1}},"1":{"start":{"line":69,"column":0},"end":{"line":69,"column":23}}},"fnMap":{},"branchMap":{},"s":{"0":12,"1":12},"f":{},"b":{},"_coverageSchema":"332fd63041d2c1bcb487cc26dd0d5f7d97098a6c","hash":"4c8915badfe7ef1203b0d177cde3d37ea17057f6"}
,"/Users/18055865/Documents/Bootcamp/chip2-btpn/Final-Project/wallet-mobile/app/config/Constant.js": {"path":"/Users/18055865/Documents/Bootcamp/chip2-btpn/Final-Project/wallet-mobile/app/config/Constant.js","statementMap":{"0":{"start":{"line":1,"column":17},"end":{"line":1,"column":41}},"1":{"start":{"line":3,"column":15},"end":{"line":20,"column":1}},"2":{"start":{"line":22,"column":0},"end":{"line":22,"column":24}}},"fnMap":{},"branchMap":{},"s":{"0":10,"1":10,"2":10},"f":{},"b":{},"_coverageSchema":"332fd63041d2c1bcb487cc26dd0d5f7d97098a6c","hash":"3d528c143fc5a5a1d0224826a4bd3b0269419503"}
,"/Users/18055865/Documents/Bootcamp/chip2-btpn/Final-Project/wallet-mobile/app/resources/images/balance-icon.png": {"path":"/Users/18055865/Documents/Bootcamp/chip2-btpn/Final-Project/wallet-mobile/app/resources/images/balance-icon.png","statementMap":{"0":{"start":{"line":1,"column":0},"end":{"line":1,"column":19}}},"fnMap":{},"branchMap":{},"s":{"0":10},"f":{},"b":{},"_coverageSchema":"332fd63041d2c1bcb487cc26dd0d5f7d97098a6c","hash":"a58b42b1082a0e42e95599d59950f944b986fbcb"}
,"/Users/18055865/Documents/Bootcamp/chip2-btpn/Final-Project/wallet-mobile/app/resources/images/credit.png": {"path":"/Users/18055865/Documents/Bootcamp/chip2-btpn/Final-Project/wallet-mobile/app/resources/images/credit.png","statementMap":{"0":{"start":{"line":1,"column":0},"end":{"line":1,"column":19}}},"fnMap":{},"branchMap":{},"s":{"0":10},"f":{},"b":{},"_coverageSchema":"332fd63041d2c1bcb487cc26dd0d5f7d97098a6c","hash":"ad31351eea80f9c3383cd4f3e29ddfdd46613172"}
,"/Users/18055865/Documents/Bootcamp/chip2-btpn/Final-Project/wallet-mobile/app/resources/images/debit.png": {"path":"/Users/18055865/Documents/Bootcamp/chip2-btpn/Final-Project/wallet-mobile/app/resources/images/debit.png","statementMap":{"0":{"start":{"line":1,"column":0},"end":{"line":1,"column":19}}},"fnMap":{},"branchMap":{},"s":{"0":10},"f":{},"b":{},"_coverageSchema":"332fd63041d2c1bcb487cc26dd0d5f7d97098a6c","hash":"163e733018669121a445f4246443d0748bdcd70b"}
,"/Users/18055865/Documents/Bootcamp/chip2-btpn/Final-Project/wallet-mobile/app/resources/images/home-icon.png": {"path":"/Users/18055865/Documents/Bootcamp/chip2-btpn/Final-Project/wallet-mobile/app/resources/images/home-icon.png","statementMap":{"0":{"start":{"line":1,"column":0},"end":{"line":1,"column":19}}},"fnMap":{},"branchMap":{},"s":{"0":10},"f":{},"b":{},"_coverageSchema":"332fd63041d2c1bcb487cc26dd0d5f7d97098a6c","hash":"9d002b898e224f429f3b46fc8419393bb7130647"}
,"/Users/18055865/Documents/Bootcamp/chip2-btpn/Final-Project/wallet-mobile/app/resources/images/sort-icon.png": {"path":"/Users/18055865/Documents/Bootcamp/chip2-btpn/Final-Project/wallet-mobile/app/resources/images/sort-icon.png","statementMap":{"0":{"start":{"line":1,"column":0},"end":{"line":1,"column":19}}},"fnMap":{},"branchMap":{},"s":{"0":10},"f":{},"b":{},"_coverageSchema":"332fd63041d2c1bcb487cc26dd0d5f7d97098a6c","hash":"ef6b5a221a53f9f6be4807c40d80ea8b683ef0f2"}
,"/Users/18055865/Documents/Bootcamp/chip2-btpn/Final-Project/wallet-mobile/app/resources/images/topup-icon.png": {"path":"/Users/18055865/Documents/Bootcamp/chip2-btpn/Final-Project/wallet-mobile/app/resources/images/topup-icon.png","statementMap":{"0":{"start":{"line":1,"column":0},"end":{"line":1,"column":19}}},"fnMap":{},"branchMap":{},"s":{"0":10},"f":{},"b":{},"_coverageSchema":"332fd63041d2c1bcb487cc26dd0d5f7d97098a6c","hash":"f8da04ff385899d63fd6897997885a9107b87b0b"}
,"/Users/18055865/Documents/Bootcamp/chip2-btpn/Final-Project/wallet-mobile/app/resources/images/transaction-history.png": {"path":"/Users/18055865/Documents/Bootcamp/chip2-btpn/Final-Project/wallet-mobile/app/resources/images/transaction-history.png","statementMap":{"0":{"start":{"line":1,"column":0},"end":{"line":1,"column":19}}},"fnMap":{},"branchMap":{},"s":{"0":10},"f":{},"b":{},"_coverageSchema":"332fd63041d2c1bcb487cc26dd0d5f7d97098a6c","hash":"841e52e607c0a1881530bc140df738a3284fa35c"}
,"/Users/18055865/Documents/Bootcamp/chip2-btpn/Final-Project/wallet-mobile/app/resources/images/transfer-icon.png": {"path":"/Users/18055865/Documents/Bootcamp/chip2-btpn/Final-Project/wallet-mobile/app/resources/images/transfer-icon.png","statementMap":{"0":{"start":{"line":1,"column":0},"end":{"line":1,"column":19}}},"fnMap":{},"branchMap":{},"s":{"0":10},"f":{},"b":{},"_coverageSchema":"332fd63041d2c1bcb487cc26dd0d5f7d97098a6c","hash":"c23dedc2e45784f05beef6fdad6aa4f8154cf045"}
,"/Users/18055865/Documents/Bootcamp/chip2-btpn/Final-Project/wallet-mobile/app/resources/images/withdraw-icon.png": {"path":"/Users/18055865/Documents/Bootcamp/chip2-btpn/Final-Project/wallet-mobile/app/resources/images/withdraw-icon.png","statementMap":{"0":{"start":{"line":1,"column":0},"end":{"line":1,"column":19}}},"fnMap":{},"branchMap":{},"s":{"0":10},"f":{},"b":{},"_coverageSchema":"332fd63041d2c1bcb487cc26dd0d5f7d97098a6c","hash":"93e6dda9cd1b1891998518da4b9404d57b1edf02"}
,"/Users/18055865/Documents/Bootcamp/chip2-btpn/Final-Project/wallet-mobile/app/resources/images/zoomba-logo.png": {"path":"/Users/18055865/Documents/Bootcamp/chip2-btpn/Final-Project/wallet-mobile/app/resources/images/zoomba-logo.png","statementMap":{"0":{"start":{"line":1,"column":0},"end":{"line":1,"column":19}}},"fnMap":{},"branchMap":{},"s":{"0":10},"f":{},"b":{},"_coverageSchema":"332fd63041d2c1bcb487cc26dd0d5f7d97098a6c","hash":"5547ec5635afd2cf96f54f0ae4f82c63eac11f31"}
,"/Users/18055865/Documents/Bootcamp/chip2-btpn/Final-Project/wallet-mobile/app/routes/AppHeader.js": {"path":"/Users/18055865/Documents/Bootcamp/chip2-btpn/Final-Project/wallet-mobile/app/routes/AppHeader.js","statementMap":{"0":{"start":{"line":5,"column":18},"end":{"line":16,"column":1}},"1":{"start":{"line":6,"column":4},"end":{"line":13,"column":11}},"2":{"start":{"line":10,"column":72},"end":{"line":10,"column":106}}},"fnMap":{"0":{"name":"(anonymous_0)","decl":{"start":{"line":5,"column":18},"end":{"line":5,"column":19}},"loc":{"start":{"line":6,"column":4},"end":{"line":13,"column":11}},"line":6},"1":{"name":"(anonymous_1)","decl":{"start":{"line":10,"column":66},"end":{"line":10,"column":67}},"loc":{"start":{"line":10,"column":72},"end":{"line":10,"column":106}},"line":10}},"branchMap":{},"s":{"0":4,"1":1,"2":0},"f":{"0":1,"1":0},"b":{},"_coverageSchema":"332fd63041d2c1bcb487cc26dd0d5f7d97098a6c","hash":"48ff367fdf6e1a27ca4f3de1953e1e110df3ac56"}
}
