TN:
SF:/Users/18055865/Documents/Bootcamp/chip2-btpn/Final-Project/wallet-mobile/app/HomeScreen/sections/AccountId.js
FN:7,(anonymous_0)
FNF:1
FNH:1
FNDA:1,(anonymous_0)
DA:7,1
DA:8,1
DA:9,1
DA:29,1
LF:4
LH:4
BRF:0
BRH:0
end_of_record
TN:
SF:/Users/18055865/Documents/Bootcamp/chip2-btpn/Final-Project/wallet-mobile/app/HomeScreen/sections/Balance.js
FN:20,currencyFormatter
FN:27,(anonymous_1)
FNF:2
FNH:2
FNDA:2,currencyFormatter
FNDA:2,(anonymous_1)
DA:10,6
DA:21,2
DA:24,2
DA:27,6
DA:28,2
DA:29,2
DA:50,6
LF:7
LH:7
BRF:0
BRH:0
end_of_record
TN:
SF:/Users/18055865/Documents/Bootcamp/chip2-btpn/Final-Project/wallet-mobile/app/HomeScreen/sections/Username.js
FN:6,(anonymous_0)
FNF:1
FNH:1
FNDA:1,(anonymous_0)
DA:6,2
DA:7,1
DA:25,2
LF:3
LH:3
BRF:0
BRH:0
end_of_record
TN:
SF:/Users/18055865/Documents/Bootcamp/chip2-btpn/Final-Project/wallet-mobile/app/HomeScreen/views/AccountService.js
FN:5,(anonymous_0)
FN:11,(anonymous_1)
FN:25,(anonymous_2)
FN:30,(anonymous_3)
FN:34,(anonymous_4)
FN:36,(anonymous_5)
FN:37,getTransactionType
FN:60,(anonymous_7)
FN:67,(anonymous_8)
FN:69,(anonymous_9)
FN:70,getTransactionType
FN:92,(anonymous_11)
FN:96,(anonymous_12)
FN:98,(anonymous_13)
FN:99,getTransactionType
FN:122,(anonymous_15)
FN:127,(anonymous_16)
FN:129,(anonymous_17)
FN:130,getTransactionType
FN:152,(anonymous_19)
FN:157,(anonymous_20)
FN:159,(anonymous_21)
FN:160,getTransactionType
FN:182,(anonymous_23)
FN:187,(anonymous_24)
FN:189,(anonymous_25)
FN:190,getTransactionType
FN:212,(anonymous_27)
FN:217,(anonymous_28)
FN:219,(anonymous_29)
FN:220,getTransactionType
FN:243,(anonymous_31)
FN:250,(anonymous_32)
FN:270,(anonymous_33)
FN:273,(anonymous_34)
FN:293,(anonymous_35)
FN:317,(anonymous_36)
FN:320,(anonymous_37)
FNF:38
FNH:13
FNDA:18,(anonymous_0)
FNDA:8,(anonymous_1)
FNDA:8,(anonymous_2)
FNDA:1,(anonymous_3)
FNDA:1,(anonymous_4)
FNDA:5,(anonymous_5)
FNDA:5,getTransactionType
FNDA:6,(anonymous_7)
FNDA:0,(anonymous_8)
FNDA:0,(anonymous_9)
FNDA:0,getTransactionType
FNDA:3,(anonymous_11)
FNDA:0,(anonymous_12)
FNDA:0,(anonymous_13)
FNDA:0,getTransactionType
FNDA:0,(anonymous_15)
FNDA:0,(anonymous_16)
FNDA:0,(anonymous_17)
FNDA:0,getTransactionType
FNDA:0,(anonymous_19)
FNDA:0,(anonymous_20)
FNDA:0,(anonymous_21)
FNDA:0,getTransactionType
FNDA:0,(anonymous_23)
FNDA:0,(anonymous_24)
FNDA:0,(anonymous_25)
FNDA:0,getTransactionType
FNDA:0,(anonymous_27)
FNDA:0,(anonymous_28)
FNDA:0,(anonymous_29)
FNDA:0,getTransactionType
FNDA:2,(anonymous_31)
FNDA:4,(anonymous_32)
FNDA:1,(anonymous_33)
FNDA:1,(anonymous_34)
FNDA:0,(anonymous_35)
FNDA:0,(anonymous_36)
FNDA:0,(anonymous_37)
DA:6,18
DA:7,18
DA:8,18
DA:12,8
DA:13,8
DA:14,8
DA:15,8
DA:16,8
DA:17,8
DA:18,4
DA:19,4
DA:21,0
DA:26,8
DA:31,1
DA:32,1
DA:33,1
DA:34,1
DA:38,5
DA:39,1
DA:42,4
DA:43,4
DA:47,5
DA:61,6
DA:62,6
DA:63,6
DA:64,6
DA:65,6
DA:67,6
DA:71,0
DA:72,0
DA:75,0
DA:76,0
DA:80,0
DA:93,3
DA:94,3
DA:95,3
DA:96,3
DA:100,0
DA:101,0
DA:104,0
DA:105,0
DA:109,0
DA:123,0
DA:124,0
DA:125,0
DA:127,0
DA:131,0
DA:132,0
DA:135,0
DA:136,0
DA:140,0
DA:153,0
DA:154,0
DA:155,0
DA:157,0
DA:161,0
DA:162,0
DA:165,0
DA:166,0
DA:170,0
DA:183,0
DA:184,0
DA:185,0
DA:187,0
DA:191,0
DA:192,0
DA:195,0
DA:196,0
DA:200,0
DA:213,0
DA:214,0
DA:215,0
DA:217,0
DA:221,0
DA:222,0
DA:225,0
DA:226,0
DA:230,0
DA:244,2
DA:246,2
DA:250,2
DA:251,4
DA:252,2
DA:254,2
DA:257,2
DA:269,2
DA:270,2
DA:276,1
DA:277,1
DA:280,1
DA:281,0
DA:284,1
DA:289,1
DA:294,0
DA:296,0
DA:300,0
DA:316,0
DA:317,0
DA:323,0
DA:324,0
DA:327,0
DA:328,0
DA:331,0
DA:336,0
LF:104
LH:45
BRDA:38,0,0,1
BRDA:38,0,1,4
BRDA:38,1,0,5
BRDA:38,1,1,4
BRDA:42,2,0,4
BRDA:42,2,1,0
BRDA:42,3,0,4
BRDA:42,3,1,1
BRDA:64,4,0,6
BRDA:64,4,1,0
BRDA:71,5,0,0
BRDA:71,5,1,0
BRDA:71,6,0,0
BRDA:71,6,1,0
BRDA:75,7,0,0
BRDA:75,7,1,0
BRDA:75,8,0,0
BRDA:75,8,1,0
BRDA:100,9,0,0
BRDA:100,9,1,0
BRDA:100,10,0,0
BRDA:100,10,1,0
BRDA:104,11,0,0
BRDA:104,11,1,0
BRDA:104,12,0,0
BRDA:104,12,1,0
BRDA:131,13,0,0
BRDA:131,13,1,0
BRDA:131,14,0,0
BRDA:131,14,1,0
BRDA:135,15,0,0
BRDA:135,15,1,0
BRDA:135,16,0,0
BRDA:135,16,1,0
BRDA:161,17,0,0
BRDA:161,17,1,0
BRDA:161,18,0,0
BRDA:161,18,1,0
BRDA:165,19,0,0
BRDA:165,19,1,0
BRDA:165,20,0,0
BRDA:165,20,1,0
BRDA:191,21,0,0
BRDA:191,21,1,0
BRDA:191,22,0,0
BRDA:191,22,1,0
BRDA:195,23,0,0
BRDA:195,23,1,0
BRDA:195,24,0,0
BRDA:195,24,1,0
BRDA:221,25,0,0
BRDA:221,25,1,0
BRDA:221,26,0,0
BRDA:221,26,1,0
BRDA:225,27,0,0
BRDA:225,27,1,0
BRDA:225,28,0,0
BRDA:225,28,1,0
BRDA:251,29,0,2
BRDA:251,29,1,2
BRDA:276,30,0,1
BRDA:276,30,1,0
BRDA:280,31,0,0
BRDA:280,31,1,1
BRDA:323,32,0,0
BRDA:323,32,1,0
BRDA:327,33,0,0
BRDA:327,33,1,0
BRF:68
BRH:12
end_of_record
TN:
SF:/Users/18055865/Documents/Bootcamp/chip2-btpn/Final-Project/wallet-mobile/app/HomeScreen/views/HomeContainer.js
FN:14,(anonymous_0)
FN:29,(anonymous_1)
FN:36,(anonymous_2)
FN:52,(anonymous_3)
FNF:4
FNH:3
FNDA:3,(anonymous_0)
FNDA:0,(anonymous_1)
FNDA:3,(anonymous_2)
FNDA:3,(anonymous_3)
DA:15,3
DA:16,3
DA:24,3
DA:25,3
DA:30,0
DA:37,3
DA:38,3
DA:39,3
DA:40,0
DA:41,0
DA:48,0
DA:53,3
DA:72,1
LF:13
LH:9
BRF:0
BRH:0
end_of_record
TN:
SF:/Users/18055865/Documents/Bootcamp/chip2-btpn/Final-Project/wallet-mobile/app/TransactionHistoryScreen/sections/InputFilter.js
FN:9,(anonymous_0)
FN:14,(anonymous_1)
FN:19,(anonymous_2)
FN:26,(anonymous_3)
FN:30,(anonymous_4)
FNF:5
FNH:0
FNDA:0,(anonymous_0)
FNDA:0,(anonymous_1)
FNDA:0,(anonymous_2)
FNDA:0,(anonymous_3)
FNDA:0,(anonymous_4)
DA:10,0
DA:15,0
DA:19,0
DA:26,0
DA:30,0
LF:5
LH:0
BRF:0
BRH:0
end_of_record
TN:
SF:/Users/18055865/Documents/Bootcamp/chip2-btpn/Final-Project/wallet-mobile/app/TransactionHistoryScreen/sections/TransactionHeader.js
FN:8,(anonymous_0)
FN:17,(anonymous_1)
FNF:2
FNH:1
FNDA:2,(anonymous_0)
FNDA:0,(anonymous_1)
DA:8,2
DA:9,2
DA:18,0
DA:28,2
LF:4
LH:3
BRF:0
BRH:0
end_of_record
TN:
SF:/Users/18055865/Documents/Bootcamp/chip2-btpn/Final-Project/wallet-mobile/app/TransactionHistoryScreen/sections/TransactionHistoryFilter.js
FN:17,(anonymous_0)
FN:32,(anonymous_1)
FN:36,(anonymous_2)
FN:48,(anonymous_3)
FN:52,(anonymous_4)
FN:61,(anonymous_5)
FN:76,(anonymous_6)
FN:83,(anonymous_7)
FN:90,(anonymous_8)
FN:112,(anonymous_9)
FN:129,(anonymous_10)
FN:137,(anonymous_11)
FN:155,(anonymous_12)
FNF:13
FNH:8
FNDA:5,(anonymous_0)
FNDA:0,(anonymous_1)
FNDA:1,(anonymous_2)
FNDA:0,(anonymous_3)
FNDA:1,(anonymous_4)
FNDA:0,(anonymous_5)
FNDA:0,(anonymous_6)
FNDA:1,(anonymous_7)
FNDA:6,(anonymous_8)
FNDA:6,(anonymous_9)
FNDA:9,(anonymous_10)
FNDA:9,(anonymous_11)
FNDA:0,(anonymous_12)
DA:18,5
DA:19,5
DA:27,5
DA:28,5
DA:33,0
DA:37,1
DA:40,1
DA:49,0
DA:53,1
DA:54,1
DA:62,0
DA:63,0
DA:70,0
DA:77,0
DA:80,0
DA:84,1
DA:92,6
DA:93,6
DA:95,0
DA:96,0
DA:102,0
DA:107,0
DA:113,6
DA:114,6
DA:115,6
DA:116,0
DA:117,0
DA:119,6
DA:120,0
DA:122,6
DA:123,0
DA:126,6
DA:130,9
DA:131,0
DA:134,9
DA:138,9
DA:156,0
LF:37
LH:20
BRDA:62,0,0,0
BRDA:62,0,1,0
BRDA:78,1,0,0
BRDA:78,1,1,0
BRDA:95,2,0,0
BRDA:95,2,1,0
BRDA:115,3,0,0
BRDA:115,3,1,6
BRDA:115,4,0,6
BRDA:115,4,1,0
BRDA:119,5,0,0
BRDA:119,5,1,6
BRDA:119,6,0,6
BRDA:119,6,1,6
BRDA:122,7,0,0
BRDA:122,7,1,6
BRDA:122,8,0,6
BRDA:122,8,1,0
BRDA:130,9,0,0
BRDA:130,9,1,9
BRF:20
BRH:8
end_of_record
TN:
SF:/Users/18055865/Documents/Bootcamp/chip2-btpn/Final-Project/wallet-mobile/app/TransactionHistoryScreen/sections/TransactionList.js
FN:21,_currencyFormatter
FN:28,_dateFormatter
FN:33,(anonymous_2)
FN:37,(anonymous_3)
FN:40,(anonymous_4)
FNF:5
FNH:0
FNDA:0,_currencyFormatter
FNDA:0,_dateFormatter
FNDA:0,(anonymous_2)
FNDA:0,(anonymous_3)
FNDA:0,(anonymous_4)
DA:10,3
DA:22,0
DA:25,0
DA:29,0
DA:34,0
DA:38,0
DA:41,0
LF:7
LH:1
BRDA:53,0,0,0
BRDA:53,0,1,0
BRF:2
BRH:0
end_of_record
TN:
SF:/Users/18055865/Documents/Bootcamp/chip2-btpn/Final-Project/wallet-mobile/app/TransactionScreen/sections/TransactionForm.js
FN:8,(anonymous_0)
FNF:1
FNH:1
FNDA:9,(anonymous_0)
DA:8,4
DA:9,9
DA:39,4
LF:3
LH:3
BRF:0
BRH:0
end_of_record
TN:
SF:/Users/18055865/Documents/Bootcamp/chip2-btpn/Final-Project/wallet-mobile/app/TransactionScreen/views/TransactionContainer.js
FN:14,(anonymous_0)
FN:36,(anonymous_1)
FN:41,(anonymous_2)
FN:63,(anonymous_3)
FN:68,(anonymous_4)
FN:78,(anonymous_5)
FN:82,(anonymous_6)
FN:103,(anonymous_7)
FN:113,(anonymous_8)
FN:122,(anonymous_9)
FNF:10
FNH:9
FNDA:8,(anonymous_0)
FNDA:0,(anonymous_1)
FNDA:11,(anonymous_2)
FNDA:1,(anonymous_3)
FNDA:1,(anonymous_4)
FNDA:1,(anonymous_5)
FNDA:8,(anonymous_6)
FNDA:1,(anonymous_7)
FNDA:1,(anonymous_8)
FNDA:1,(anonymous_9)
DA:15,8
DA:16,8
DA:27,8
DA:28,8
DA:29,8
DA:30,8
DA:31,8
DA:37,0
DA:42,11
DA:65,1
DA:69,1
DA:70,1
DA:71,1
DA:72,0
DA:74,1
DA:79,1
DA:83,8
DA:84,8
DA:85,3
DA:93,4
DA:105,1
DA:112,1
DA:114,1
DA:120,1
DA:123,1
DA:129,1
DA:133,3
DA:139,3
LF:28
LH:26
BRDA:71,0,0,0
BRDA:71,0,1,1
BRF:2
BRH:1
end_of_record
TN:
SF:/Users/18055865/Documents/Bootcamp/chip2-btpn/Final-Project/wallet-mobile/app/TransferScreen/sections/SearchRecipientForm.js
FN:8,(anonymous_0)
FNF:1
FNH:0
FNDA:0,(anonymous_0)
DA:8,1
DA:9,0
DA:30,1
LF:3
LH:2
BRF:0
BRH:0
end_of_record
TN:
SF:/Users/18055865/Documents/Bootcamp/chip2-btpn/Final-Project/wallet-mobile/app/TransferScreen/sections/TransferForm.js
FN:8,(anonymous_0)
FNF:1
FNH:1
FNDA:16,(anonymous_0)
DA:8,3
DA:9,16
DA:49,3
LF:3
LH:3
BRF:0
BRH:0
end_of_record
TN:
SF:/Users/18055865/Documents/Bootcamp/chip2-btpn/Final-Project/wallet-mobile/app/TransferScreen/views/TransferContainer.js
FN:16,(anonymous_0)
FN:44,(anonymous_1)
FN:49,(anonymous_2)
FN:80,(anonymous_3)
FN:87,(anonymous_4)
FN:106,(anonymous_5)
FN:114,(anonymous_6)
FN:123,(anonymous_7)
FN:127,(anonymous_8)
FN:150,(anonymous_9)
FN:158,(anonymous_10)
FN:167,(anonymous_11)
FNF:12
FNH:7
FNDA:4,(anonymous_0)
FNDA:0,(anonymous_1)
FNDA:8,(anonymous_2)
FNDA:1,(anonymous_3)
FNDA:0,(anonymous_4)
FNDA:1,(anonymous_5)
FNDA:1,(anonymous_6)
FNDA:1,(anonymous_7)
FNDA:4,(anonymous_8)
FNDA:0,(anonymous_9)
FNDA:0,(anonymous_10)
FNDA:0,(anonymous_11)
DA:17,4
DA:18,4
DA:35,4
DA:36,4
DA:37,4
DA:38,4
DA:39,4
DA:45,0
DA:50,8
DA:81,1
DA:82,0
DA:84,1
DA:89,0
DA:90,0
DA:91,0
DA:92,0
DA:96,0
DA:98,0
DA:107,1
DA:115,1
DA:116,1
DA:117,1
DA:118,0
DA:120,1
DA:124,1
DA:128,4
DA:129,4
DA:130,4
DA:139,4
DA:145,4
DA:151,0
DA:157,0
DA:159,0
DA:165,0
DA:168,0
DA:177,1
DA:183,1
LF:37
LH:23
BRDA:81,0,0,0
BRDA:81,0,1,1
BRDA:91,1,0,0
BRDA:91,1,1,0
BRDA:117,2,0,0
BRDA:117,2,1,1
BRF:6
BRH:2
end_of_record
TN:
SF:/Users/18055865/Documents/Bootcamp/chip2-btpn/Final-Project/wallet-mobile/app/config/Base.js
FNF:0
FNH:0
DA:1,12
DA:69,12
LF:2
LH:2
BRF:0
BRH:0
end_of_record
TN:
SF:/Users/18055865/Documents/Bootcamp/chip2-btpn/Final-Project/wallet-mobile/app/config/Constant.js
FNF:0
FNH:0
DA:1,10
DA:3,10
DA:22,10
LF:3
LH:3
BRF:0
BRH:0
end_of_record
TN:
SF:/Users/18055865/Documents/Bootcamp/chip2-btpn/Final-Project/wallet-mobile/app/resources/images/balance-icon.png
FNF:0
FNH:0
DA:1,10
LF:1
LH:1
BRF:0
BRH:0
end_of_record
TN:
SF:/Users/18055865/Documents/Bootcamp/chip2-btpn/Final-Project/wallet-mobile/app/resources/images/credit.png
FNF:0
FNH:0
DA:1,10
LF:1
LH:1
BRF:0
BRH:0
end_of_record
TN:
SF:/Users/18055865/Documents/Bootcamp/chip2-btpn/Final-Project/wallet-mobile/app/resources/images/debit.png
FNF:0
FNH:0
DA:1,10
LF:1
LH:1
BRF:0
BRH:0
end_of_record
TN:
SF:/Users/18055865/Documents/Bootcamp/chip2-btpn/Final-Project/wallet-mobile/app/resources/images/home-icon.png
FNF:0
FNH:0
DA:1,10
LF:1
LH:1
BRF:0
BRH:0
end_of_record
TN:
SF:/Users/18055865/Documents/Bootcamp/chip2-btpn/Final-Project/wallet-mobile/app/resources/images/sort-icon.png
FNF:0
FNH:0
DA:1,10
LF:1
LH:1
BRF:0
BRH:0
end_of_record
TN:
SF:/Users/18055865/Documents/Bootcamp/chip2-btpn/Final-Project/wallet-mobile/app/resources/images/topup-icon.png
FNF:0
FNH:0
DA:1,10
LF:1
LH:1
BRF:0
BRH:0
end_of_record
TN:
SF:/Users/18055865/Documents/Bootcamp/chip2-btpn/Final-Project/wallet-mobile/app/resources/images/transaction-history.png
FNF:0
FNH:0
DA:1,10
LF:1
LH:1
BRF:0
BRH:0
end_of_record
TN:
SF:/Users/18055865/Documents/Bootcamp/chip2-btpn/Final-Project/wallet-mobile/app/resources/images/transfer-icon.png
FNF:0
FNH:0
DA:1,10
LF:1
LH:1
BRF:0
BRH:0
end_of_record
TN:
SF:/Users/18055865/Documents/Bootcamp/chip2-btpn/Final-Project/wallet-mobile/app/resources/images/withdraw-icon.png
FNF:0
FNH:0
DA:1,10
LF:1
LH:1
BRF:0
BRH:0
end_of_record
TN:
SF:/Users/18055865/Documents/Bootcamp/chip2-btpn/Final-Project/wallet-mobile/app/resources/images/zoomba-logo.png
FNF:0
FNH:0
DA:1,10
LF:1
LH:1
BRF:0
BRH:0
end_of_record
TN:
SF:/Users/18055865/Documents/Bootcamp/chip2-btpn/Final-Project/wallet-mobile/app/routes/AppHeader.js
FN:5,(anonymous_0)
FN:10,(anonymous_1)
FNF:2
FNH:1
FNDA:1,(anonymous_0)
FNDA:0,(anonymous_1)
DA:5,4
DA:6,1
DA:10,0
LF:3
LH:2
BRF:0
BRH:0
end_of_record
