TN:
SF:/Users/18055865/Documents/Bootcamp/chip2-btpn/Final-Project/wallet-mobile/app/HomeScreen/sections/AccountId.js
FN:7,(anonymous_0)
FNF:1
FNH:1
FNDA:1,(anonymous_0)
DA:7,1
DA:8,1
DA:9,1
DA:29,1
LF:4
LH:4
BRF:0
BRH:0
end_of_record
TN:
SF:/Users/18055865/Documents/Bootcamp/chip2-btpn/Final-Project/wallet-mobile/app/HomeScreen/sections/Balance.js
FN:20,currencyFormatter
FN:27,(anonymous_1)
FNF:2
FNH:2
FNDA:2,currencyFormatter
FNDA:2,(anonymous_1)
DA:10,6
DA:21,2
DA:24,2
DA:27,6
DA:28,2
DA:29,2
DA:50,6
LF:7
LH:7
BRF:0
BRH:0
end_of_record
TN:
SF:/Users/18055865/Documents/Bootcamp/chip2-btpn/Final-Project/wallet-mobile/app/HomeScreen/sections/Username.js
FN:6,(anonymous_0)
FNF:1
FNH:1
FNDA:1,(anonymous_0)
DA:6,2
DA:7,1
DA:25,2
LF:3
LH:3
BRF:0
BRH:0
end_of_record
TN:
SF:/Users/18055865/Documents/Bootcamp/chip2-btpn/Final-Project/wallet-mobile/app/HomeScreen/views/AccountService.js
FN:5,(anonymous_0)
FN:11,(anonymous_1)
FN:25,(anonymous_2)
FN:30,(anonymous_3)
FN:34,(anonymous_4)
FN:36,(anonymous_5)
FN:37,getTransactionType
FN:60,(anonymous_7)
FN:67,(anonymous_8)
FN:69,(anonymous_9)
FN:70,getTransactionType
FN:92,(anonymous_11)
FN:96,(anonymous_12)
FN:98,(anonymous_13)
FN:99,getTransactionType
FN:122,(anonymous_15)
FN:127,(anonymous_16)
FN:129,(anonymous_17)
FN:130,getTransactionType
FN:152,(anonymous_19)
FN:157,(anonymous_20)
FN:159,(anonymous_21)
FN:160,getTransactionType
FN:182,(anonymous_23)
FN:187,(anonymous_24)
FN:189,(anonymous_25)
FN:190,getTransactionType
FN:214,(anonymous_27)
FN:221,(anonymous_28)
FN:241,(anonymous_29)
FN:244,(anonymous_30)
FN:264,(anonymous_31)
FN:288,(anonymous_32)
FN:291,(anonymous_33)
FNF:34
FNH:31
FNDA:21,(anonymous_0)
FNDA:8,(anonymous_1)
FNDA:8,(anonymous_2)
FNDA:1,(anonymous_3)
FNDA:1,(anonymous_4)
FNDA:5,(anonymous_5)
FNDA:5,getTransactionType
FNDA:2,(anonymous_7)
FNDA:2,(anonymous_8)
FNDA:10,(anonymous_9)
FNDA:10,getTransactionType
FNDA:7,(anonymous_11)
FNDA:1,(anonymous_12)
FNDA:5,(anonymous_13)
FNDA:5,getTransactionType
FNDA:1,(anonymous_15)
FNDA:1,(anonymous_16)
FNDA:5,(anonymous_17)
FNDA:5,getTransactionType
FNDA:1,(anonymous_19)
FNDA:1,(anonymous_20)
FNDA:5,(anonymous_21)
FNDA:5,getTransactionType
FNDA:1,(anonymous_23)
FNDA:1,(anonymous_24)
FNDA:5,(anonymous_25)
FNDA:5,getTransactionType
FNDA:2,(anonymous_27)
FNDA:4,(anonymous_28)
FNDA:1,(anonymous_29)
FNDA:1,(anonymous_30)
FNDA:0,(anonymous_31)
FNDA:0,(anonymous_32)
FNDA:0,(anonymous_33)
DA:6,21
DA:7,21
DA:8,21
DA:12,8
DA:13,8
DA:14,8
DA:15,8
DA:16,8
DA:17,8
DA:18,4
DA:19,4
DA:21,0
DA:26,8
DA:31,1
DA:32,1
DA:33,1
DA:34,1
DA:38,5
DA:39,1
DA:42,4
DA:43,4
DA:47,5
DA:61,2
DA:62,2
DA:63,2
DA:64,2
DA:65,1
DA:67,2
DA:71,10
DA:72,2
DA:75,8
DA:76,8
DA:80,10
DA:93,7
DA:94,7
DA:95,7
DA:96,7
DA:100,5
DA:101,1
DA:104,4
DA:105,4
DA:109,5
DA:123,1
DA:124,1
DA:125,1
DA:127,1
DA:131,5
DA:132,1
DA:135,4
DA:136,4
DA:140,5
DA:153,1
DA:154,1
DA:155,1
DA:157,1
DA:161,5
DA:162,1
DA:165,4
DA:166,4
DA:170,5
DA:183,1
DA:184,1
DA:185,1
DA:187,1
DA:191,5
DA:192,1
DA:195,4
DA:196,4
DA:200,5
DA:215,2
DA:217,2
DA:221,2
DA:222,4
DA:223,2
DA:225,2
DA:228,2
DA:240,2
DA:241,2
DA:247,1
DA:248,1
DA:251,1
DA:252,0
DA:255,1
DA:260,1
DA:265,0
DA:267,0
DA:271,0
DA:287,0
DA:288,0
DA:294,0
DA:295,0
DA:298,0
DA:299,0
DA:302,0
DA:307,0
LF:95
LH:82
BRDA:38,0,0,1
BRDA:38,0,1,4
BRDA:38,1,0,5
BRDA:38,1,1,4
BRDA:42,2,0,4
BRDA:42,2,1,0
BRDA:42,3,0,4
BRDA:42,3,1,1
BRDA:64,4,0,1
BRDA:64,4,1,1
BRDA:71,5,0,2
BRDA:71,5,1,8
BRDA:71,6,0,10
BRDA:71,6,1,8
BRDA:75,7,0,8
BRDA:75,7,1,0
BRDA:75,8,0,8
BRDA:75,8,1,2
BRDA:100,9,0,1
BRDA:100,9,1,4
BRDA:100,10,0,5
BRDA:100,10,1,4
BRDA:104,11,0,4
BRDA:104,11,1,0
BRDA:104,12,0,4
BRDA:104,12,1,1
BRDA:131,13,0,1
BRDA:131,13,1,4
BRDA:131,14,0,5
BRDA:131,14,1,4
BRDA:135,15,0,4
BRDA:135,15,1,0
BRDA:135,16,0,4
BRDA:135,16,1,1
BRDA:161,17,0,1
BRDA:161,17,1,4
BRDA:161,18,0,5
BRDA:161,18,1,4
BRDA:165,19,0,4
BRDA:165,19,1,0
BRDA:165,20,0,4
BRDA:165,20,1,1
BRDA:191,21,0,1
BRDA:191,21,1,4
BRDA:191,22,0,5
BRDA:191,22,1,4
BRDA:195,23,0,4
BRDA:195,23,1,0
BRDA:195,24,0,4
BRDA:195,24,1,1
BRDA:222,25,0,2
BRDA:222,25,1,2
BRDA:247,26,0,1
BRDA:247,26,1,0
BRDA:251,27,0,0
BRDA:251,27,1,1
BRDA:294,28,0,0
BRDA:294,28,1,0
BRDA:298,29,0,0
BRDA:298,29,1,0
BRF:60
BRH:48
end_of_record
TN:
SF:/Users/18055865/Documents/Bootcamp/chip2-btpn/Final-Project/wallet-mobile/app/HomeScreen/views/HomeContainer.js
FN:14,(anonymous_0)
FN:29,(anonymous_1)
FN:36,(anonymous_2)
FN:52,(anonymous_3)
FNF:4
FNH:3
FNDA:6,(anonymous_0)
FNDA:0,(anonymous_1)
FNDA:6,(anonymous_2)
FNDA:6,(anonymous_3)
DA:15,6
DA:16,6
DA:24,6
DA:25,6
DA:30,0
DA:37,6
DA:38,6
DA:39,6
DA:40,0
DA:41,0
DA:48,0
DA:53,6
DA:72,1
LF:13
LH:9
BRF:0
BRH:0
end_of_record
TN:
SF:/Users/18055865/Documents/Bootcamp/chip2-btpn/Final-Project/wallet-mobile/app/TransactionHistoryScreen/sections/InputFilter.js
FN:9,(anonymous_0)
FN:14,(anonymous_1)
FN:20,(anonymous_2)
FN:28,(anonymous_3)
FN:33,(anonymous_4)
FNF:5
FNH:3
FNDA:5,(anonymous_0)
FNDA:15,(anonymous_1)
FNDA:2,(anonymous_2)
FNDA:0,(anonymous_3)
FNDA:0,(anonymous_4)
DA:10,5
DA:15,15
DA:20,2
DA:28,0
DA:33,0
LF:5
LH:3
BRF:0
BRH:0
end_of_record
TN:
SF:/Users/18055865/Documents/Bootcamp/chip2-btpn/Final-Project/wallet-mobile/app/TransactionHistoryScreen/sections/TransactionHeader.js
FN:8,(anonymous_0)
FN:17,(anonymous_1)
FNF:2
FNH:1
FNDA:5,(anonymous_0)
FNDA:0,(anonymous_1)
DA:8,2
DA:9,5
DA:18,0
DA:28,2
LF:4
LH:3
BRF:0
BRH:0
end_of_record
TN:
SF:/Users/18055865/Documents/Bootcamp/chip2-btpn/Final-Project/wallet-mobile/app/TransactionHistoryScreen/sections/TransactionHistoryFilter.js
FN:17,(anonymous_0)
FN:32,(anonymous_1)
FN:36,(anonymous_2)
FN:48,(anonymous_3)
FN:52,(anonymous_4)
FN:61,(anonymous_5)
FN:76,(anonymous_6)
FN:83,(anonymous_7)
FN:90,(anonymous_8)
FN:112,(anonymous_9)
FN:128,(anonymous_10)
FN:136,(anonymous_11)
FN:154,(anonymous_12)
FNF:13
FNH:10
FNDA:12,(anonymous_0)
FNDA:0,(anonymous_1)
FNDA:1,(anonymous_2)
FNDA:0,(anonymous_3)
FNDA:5,(anonymous_4)
FNDA:2,(anonymous_5)
FNDA:2,(anonymous_6)
FNDA:3,(anonymous_7)
FNDA:19,(anonymous_8)
FNDA:19,(anonymous_9)
FNDA:38,(anonymous_10)
FNDA:37,(anonymous_11)
FNDA:0,(anonymous_12)
DA:18,12
DA:19,12
DA:27,12
DA:28,12
DA:33,0
DA:37,1
DA:40,1
DA:49,0
DA:53,5
DA:54,5
DA:70,2
DA:77,2
DA:80,2
DA:84,3
DA:92,19
DA:93,19
DA:95,16
DA:96,0
DA:102,10
DA:107,6
DA:113,19
DA:114,19
DA:115,19
DA:116,1
DA:118,19
DA:119,1
DA:121,19
DA:122,0
DA:125,19
DA:129,38
DA:130,6
DA:133,32
DA:137,37
DA:155,0
LF:34
LH:29
BRDA:78,0,0,2
BRDA:78,0,1,0
BRDA:95,1,0,0
BRDA:95,1,1,10
BRDA:115,2,0,1
BRDA:115,2,1,18
BRDA:115,3,0,19
BRDA:115,3,1,1
BRDA:118,4,0,1
BRDA:118,4,1,18
BRDA:118,5,0,19
BRDA:118,5,1,18
BRDA:121,6,0,0
BRDA:121,6,1,19
BRDA:121,7,0,19
BRDA:121,7,1,1
BRDA:129,8,0,6
BRDA:129,8,1,32
BRF:18
BRH:15
end_of_record
TN:
SF:/Users/18055865/Documents/Bootcamp/chip2-btpn/Final-Project/wallet-mobile/app/TransactionHistoryScreen/sections/TransactionList.js
FN:21,_currencyFormatter
FN:28,_dateFormatter
FN:33,(anonymous_2)
FN:37,(anonymous_3)
FN:40,(anonymous_4)
FNF:5
FNH:5
FNDA:1,_currencyFormatter
FNDA:1,_dateFormatter
FNDA:1,(anonymous_2)
FNDA:1,(anonymous_3)
FNDA:1,(anonymous_4)
DA:10,4
DA:22,1
DA:25,1
DA:29,1
DA:34,1
DA:38,1
DA:41,1
LF:7
LH:7
BRDA:53,0,0,1
BRDA:53,0,1,1
BRF:2
BRH:2
end_of_record
TN:
SF:/Users/18055865/Documents/Bootcamp/chip2-btpn/Final-Project/wallet-mobile/app/TransactionScreen/sections/TransactionForm.js
FN:8,(anonymous_0)
FNF:1
FNH:1
FNDA:9,(anonymous_0)
DA:8,4
DA:9,9
DA:39,4
LF:3
LH:3
BRF:0
BRH:0
end_of_record
TN:
SF:/Users/18055865/Documents/Bootcamp/chip2-btpn/Final-Project/wallet-mobile/app/TransactionScreen/views/TransactionContainer.js
FN:14,(anonymous_0)
FN:36,(anonymous_1)
FN:41,(anonymous_2)
FN:63,(anonymous_3)
FN:68,(anonymous_4)
FN:78,(anonymous_5)
FN:82,(anonymous_6)
FN:103,(anonymous_7)
FN:113,(anonymous_8)
FN:122,(anonymous_9)
FNF:10
FNH:9
FNDA:8,(anonymous_0)
FNDA:0,(anonymous_1)
FNDA:11,(anonymous_2)
FNDA:1,(anonymous_3)
FNDA:1,(anonymous_4)
FNDA:1,(anonymous_5)
FNDA:8,(anonymous_6)
FNDA:1,(anonymous_7)
FNDA:1,(anonymous_8)
FNDA:1,(anonymous_9)
DA:15,8
DA:16,8
DA:27,8
DA:28,8
DA:29,8
DA:30,8
DA:31,8
DA:37,0
DA:42,11
DA:65,1
DA:69,1
DA:70,1
DA:71,1
DA:72,0
DA:74,1
DA:79,1
DA:83,8
DA:84,8
DA:85,3
DA:93,4
DA:105,1
DA:112,1
DA:114,1
DA:120,1
DA:123,1
DA:129,1
DA:133,3
DA:139,3
LF:28
LH:26
BRDA:71,0,0,0
BRDA:71,0,1,1
BRF:2
BRH:1
end_of_record
TN:
SF:/Users/18055865/Documents/Bootcamp/chip2-btpn/Final-Project/wallet-mobile/app/TransferScreen/sections/SearchRecipientForm.js
FN:8,(anonymous_0)
FNF:1
FNH:0
FNDA:0,(anonymous_0)
DA:8,1
DA:9,0
DA:30,1
LF:3
LH:2
BRF:0
BRH:0
end_of_record
TN:
SF:/Users/18055865/Documents/Bootcamp/chip2-btpn/Final-Project/wallet-mobile/app/TransferScreen/sections/TransferForm.js
FN:8,(anonymous_0)
FNF:1
FNH:1
FNDA:16,(anonymous_0)
DA:8,3
DA:9,16
DA:49,3
LF:3
LH:3
BRF:0
BRH:0
end_of_record
TN:
SF:/Users/18055865/Documents/Bootcamp/chip2-btpn/Final-Project/wallet-mobile/app/TransferScreen/views/TransferContainer.js
FN:16,(anonymous_0)
FN:44,(anonymous_1)
FN:49,(anonymous_2)
FN:80,(anonymous_3)
FN:87,(anonymous_4)
FN:106,(anonymous_5)
FN:114,(anonymous_6)
FN:123,(anonymous_7)
FN:127,(anonymous_8)
FN:150,(anonymous_9)
FN:158,(anonymous_10)
FN:167,(anonymous_11)
FNF:12
FNH:7
FNDA:4,(anonymous_0)
FNDA:0,(anonymous_1)
FNDA:8,(anonymous_2)
FNDA:1,(anonymous_3)
FNDA:0,(anonymous_4)
FNDA:1,(anonymous_5)
FNDA:1,(anonymous_6)
FNDA:1,(anonymous_7)
FNDA:4,(anonymous_8)
FNDA:0,(anonymous_9)
FNDA:0,(anonymous_10)
FNDA:0,(anonymous_11)
DA:17,4
DA:18,4
DA:35,4
DA:36,4
DA:37,4
DA:38,4
DA:39,4
DA:45,0
DA:50,8
DA:81,1
DA:82,0
DA:84,1
DA:89,0
DA:90,0
DA:91,0
DA:92,0
DA:96,0
DA:98,0
DA:107,1
DA:115,1
DA:116,1
DA:117,1
DA:118,0
DA:120,1
DA:124,1
DA:128,4
DA:129,4
DA:130,4
DA:139,4
DA:145,4
DA:151,0
DA:157,0
DA:159,0
DA:165,0
DA:168,0
DA:177,1
DA:183,1
LF:37
LH:23
BRDA:81,0,0,0
BRDA:81,0,1,1
BRDA:91,1,0,0
BRDA:91,1,1,0
BRDA:117,2,0,0
BRDA:117,2,1,1
BRF:6
BRH:2
end_of_record
TN:
SF:/Users/18055865/Documents/Bootcamp/chip2-btpn/Final-Project/wallet-mobile/app/config/Base.js
FNF:0
FNH:0
DA:1,12
DA:69,12
LF:2
LH:2
BRF:0
BRH:0
end_of_record
TN:
SF:/Users/18055865/Documents/Bootcamp/chip2-btpn/Final-Project/wallet-mobile/app/config/Constant.js
FNF:0
FNH:0
DA:1,11
DA:3,11
DA:22,11
LF:3
LH:3
BRF:0
BRH:0
end_of_record
TN:
SF:/Users/18055865/Documents/Bootcamp/chip2-btpn/Final-Project/wallet-mobile/app/resources/images/balance-icon.png
FNF:0
FNH:0
DA:1,11
LF:1
LH:1
BRF:0
BRH:0
end_of_record
TN:
SF:/Users/18055865/Documents/Bootcamp/chip2-btpn/Final-Project/wallet-mobile/app/resources/images/credit.png
FNF:0
FNH:0
DA:1,11
LF:1
LH:1
BRF:0
BRH:0
end_of_record
TN:
SF:/Users/18055865/Documents/Bootcamp/chip2-btpn/Final-Project/wallet-mobile/app/resources/images/debit.png
FNF:0
FNH:0
DA:1,11
LF:1
LH:1
BRF:0
BRH:0
end_of_record
TN:
SF:/Users/18055865/Documents/Bootcamp/chip2-btpn/Final-Project/wallet-mobile/app/resources/images/home-icon.png
FNF:0
FNH:0
DA:1,11
LF:1
LH:1
BRF:0
BRH:0
end_of_record
TN:
SF:/Users/18055865/Documents/Bootcamp/chip2-btpn/Final-Project/wallet-mobile/app/resources/images/sort-icon.png
FNF:0
FNH:0
DA:1,11
LF:1
LH:1
BRF:0
BRH:0
end_of_record
TN:
SF:/Users/18055865/Documents/Bootcamp/chip2-btpn/Final-Project/wallet-mobile/app/resources/images/topup-icon.png
FNF:0
FNH:0
DA:1,11
LF:1
LH:1
BRF:0
BRH:0
end_of_record
TN:
SF:/Users/18055865/Documents/Bootcamp/chip2-btpn/Final-Project/wallet-mobile/app/resources/images/transaction-history.png
FNF:0
FNH:0
DA:1,11
LF:1
LH:1
BRF:0
BRH:0
end_of_record
TN:
SF:/Users/18055865/Documents/Bootcamp/chip2-btpn/Final-Project/wallet-mobile/app/resources/images/transfer-icon.png
FNF:0
FNH:0
DA:1,11
LF:1
LH:1
BRF:0
BRH:0
end_of_record
TN:
SF:/Users/18055865/Documents/Bootcamp/chip2-btpn/Final-Project/wallet-mobile/app/resources/images/withdraw-icon.png
FNF:0
FNH:0
DA:1,11
LF:1
LH:1
BRF:0
BRH:0
end_of_record
TN:
SF:/Users/18055865/Documents/Bootcamp/chip2-btpn/Final-Project/wallet-mobile/app/resources/images/zoomba-logo.png
FNF:0
FNH:0
DA:1,11
LF:1
LH:1
BRF:0
BRH:0
end_of_record
TN:
SF:/Users/18055865/Documents/Bootcamp/chip2-btpn/Final-Project/wallet-mobile/app/routes/AppHeader.js
FN:5,(anonymous_0)
FN:10,(anonymous_1)
FNF:2
FNH:1
FNDA:1,(anonymous_0)
FNDA:0,(anonymous_1)
DA:5,4
DA:6,1
DA:10,0
LF:3
LH:2
BRF:0
BRH:0
end_of_record
